#-----------------------------------------------------------
# Vivado v2019.1 (64-bit)
# SW Build 2552052 on Fri May 24 14:49:42 MDT 2019
# IP Build 2548770 on Fri May 24 18:01:18 MDT 2019
# Start of session at: Thu Nov 14 22:00:21 2019
# Process ID: 10496
# Current directory: D:/DrexelStudy/ECE302/hw6
# Command line: vivado.exe -gui_launcher_event rodinguilauncherevent9072 D:\DrexelStudy\ECE302\hw6\hw6.xpr
# Log file: D:/DrexelStudy/ECE302/hw6/vivado.log
# Journal file: D:/DrexelStudy/ECE302/hw6\vivado.jou
#-----------------------------------------------------------
start_gui
open_project D:/DrexelStudy/ECE302/hw6/hw6.xpr
Scanning sources...
Finished scanning sources
INFO: [IP_Flow 19-234] Refreshing IP repositories
INFO: [IP_Flow 19-1704] No user IP repositories specified
INFO: [IP_Flow 19-2313] Loaded Vivado IP repository 'E:/Xilinx/Vivado/2019.1/data/ip'.
open_project: Time (s): cpu = 00:00:19 ; elapsed = 00:00:07 . Memory (MB): peak = 687.961 ; gain = 48.844
update_compile_order -fileset sources_1
launch_simulation
INFO: [Vivado 12-5682] Launching behavioral simulation in 'D:/DrexelStudy/ECE302/hw6/hw6.sim/sim_1/behav/xsim'
INFO: [SIM-utils-51] Simulation object is 'sim_1'
INFO: [SIM-utils-54] Inspecting design source files for 'twosCarray' in fileset 'sim_1'...
INFO: [USF-XSim-97] Finding global include files...
INFO: [USF-XSim-98] Fetching design files from 'sim_1'...
INFO: [USF-XSim-2] XSim::Compile design
INFO: [USF-XSim-61] Executing 'COMPILE and ANALYZE' step in 'D:/DrexelStudy/ECE302/hw6/hw6.sim/sim_1/behav/xsim'
"xvhdl --incr --relax -prj twosCarray_vhdl.prj"
INFO: [VRFC 10-163] Analyzing VHDL file "D:/DrexelStudy/ECE302/hw6/hw6.srcs/sources_1/new/twosC_1bit.vhd" into library xil_defaultlib
INFO: [VRFC 10-3107] analyzing entity 'twosC_1bit'
INFO: [VRFC 10-163] Analyzing VHDL file "D:/DrexelStudy/ECE302/hw6/hw6.srcs/sources_1/new/twosCarray.vhd" into library xil_defaultlib
INFO: [VRFC 10-3107] analyzing entity 'twosCarray'
INFO: [USF-XSim-69] 'compile' step finished in '2' seconds
INFO: [USF-XSim-3] XSim::Elaborate design
INFO: [USF-XSim-61] Executing 'ELABORATE' step in 'D:/DrexelStudy/ECE302/hw6/hw6.sim/sim_1/behav/xsim'
"xelab -wto f3511893da324e79b2c7791526f20248 --incr --debug typical --relax --mt 2 -L xil_defaultlib -L secureip --snapshot twosCarray_behav xil_defaultlib.twosCarray -log elaborate.log"
Vivado Simulator 2019.1
Copyright 1986-1999, 2001-2019 Xilinx, Inc. All Rights Reserved.
Running: E:/Xilinx/Vivado/2019.1/bin/unwrapped/win64.o/xelab.exe -wto f3511893da324e79b2c7791526f20248 --incr --debug typical --relax --mt 2 -L xil_defaultlib -L secureip --snapshot twosCarray_behav xil_defaultlib.twosCarray -log elaborate.log 
Using 2 slave threads.
Starting static elaboration
Completed static elaboration
Starting simulation data flow analysis
Completed simulation data flow analysis
Time Resolution for simulation is 1ps
Compiling package std.standard
Compiling package std.textio
Compiling package ieee.std_logic_1164
Compiling architecture behavioral of entity xil_defaultlib.twosC_1bit [twosc_1bit_default]
Compiling architecture struc of entity xil_defaultlib.twoscarray
Built simulation snapshot twosCarray_behav
INFO: [USF-XSim-69] 'elaborate' step finished in '3' seconds
INFO: [USF-XSim-4] XSim::Simulate design
INFO: [USF-XSim-61] Executing 'SIMULATE' step in 'D:/DrexelStudy/ECE302/hw6/hw6.sim/sim_1/behav/xsim'
INFO: [USF-XSim-98] *** Running xsim
   with args "twosCarray_behav -key {Behavioral:sim_1:Functional:twosCarray} -tclbatch {twosCarray.tcl} -log {simulate.log}"
INFO: [USF-XSim-8] Loading simulator feature
Vivado Simulator 2019.1
Time resolution is 1 ps
source twosCarray.tcl
# set curr_wave [current_wave_config]
# if { [string length $curr_wave] == 0 } {
#   if { [llength [get_objects]] > 0} {
#     add_wave /
#     set_property needs_save false [current_wave_config]
#   } else {
#      send_msg_id Add_Wave-1 WARNING "No top level signals found. Simulator will start without a wave window. If you want to open a wave window go to 'File->New Waveform Configuration' or type 'create_wave_config' in the TCL console."
#   }
# }
# run 1000ns
xsim: Time (s): cpu = 00:00:10 ; elapsed = 00:00:05 . Memory (MB): peak = 755.723 ; gain = 0.000
INFO: [USF-XSim-96] XSim completed. Design snapshot 'twosCarray_behav' loaded.
INFO: [USF-XSim-97] XSim simulation ran for 1000ns
launch_simulation: Time (s): cpu = 00:00:11 ; elapsed = 00:00:11 . Memory (MB): peak = 755.723 ; gain = 0.000
restart
INFO: [Simtcl 6-17] Simulation restarted
add_force {/twosCarray/x} -radix bin {10101000 0ns}
add_force {/twosCarray/ck} -radix hex {1 0ns} {0 50ps} -repeat_every 100ps
run 100 ps
run 100 ps
run 100 ps
run 100 ps
run 100 ps
run 100 ps
run 100 ps
run 100 ps
run 100 ps
run 100 ps
close_sim
INFO: [Simtcl 6-16] Simulation closed
launch_simulation
INFO: [Vivado 12-5682] Launching behavioral simulation in 'D:/DrexelStudy/ECE302/hw6/hw6.sim/sim_1/behav/xsim'
INFO: [SIM-utils-51] Simulation object is 'sim_1'
INFO: [SIM-utils-54] Inspecting design source files for 'twosCarray' in fileset 'sim_1'...
INFO: [USF-XSim-97] Finding global include files...
INFO: [USF-XSim-98] Fetching design files from 'sim_1'...
INFO: [USF-XSim-2] XSim::Compile design
INFO: [USF-XSim-61] Executing 'COMPILE and ANALYZE' step in 'D:/DrexelStudy/ECE302/hw6/hw6.sim/sim_1/behav/xsim'
"xvhdl --incr --relax -prj twosCarray_vhdl.prj"
INFO: [VRFC 10-163] Analyzing VHDL file "D:/DrexelStudy/ECE302/hw6/hw6.srcs/sources_1/new/twosC_1bit.vhd" into library xil_defaultlib
INFO: [VRFC 10-3107] analyzing entity 'twosC_1bit'
INFO: [USF-XSim-69] 'compile' step finished in '2' seconds
INFO: [USF-XSim-3] XSim::Elaborate design
INFO: [USF-XSim-61] Executing 'ELABORATE' step in 'D:/DrexelStudy/ECE302/hw6/hw6.sim/sim_1/behav/xsim'
"xelab -wto f3511893da324e79b2c7791526f20248 --incr --debug typical --relax --mt 2 -L xil_defaultlib -L secureip --snapshot twosCarray_behav xil_defaultlib.twosCarray -log elaborate.log"
Vivado Simulator 2019.1
Copyright 1986-1999, 2001-2019 Xilinx, Inc. All Rights Reserved.
Running: E:/Xilinx/Vivado/2019.1/bin/unwrapped/win64.o/xelab.exe -wto f3511893da324e79b2c7791526f20248 --incr --debug typical --relax --mt 2 -L xil_defaultlib -L secureip --snapshot twosCarray_behav xil_defaultlib.twosCarray -log elaborate.log 
Using 2 slave threads.
Starting static elaboration
Completed static elaboration
Starting simulation data flow analysis
Completed simulation data flow analysis
Time Resolution for simulation is 1ps
Compiling package std.standard
Compiling package std.textio
Compiling package ieee.std_logic_1164
Compiling architecture behavioral of entity xil_defaultlib.twosC_1bit [twosc_1bit_default]
Compiling architecture struc of entity xil_defaultlib.twoscarray
Built simulation snapshot twosCarray_behav
INFO: [USF-XSim-69] 'elaborate' step finished in '3' seconds
INFO: [USF-XSim-4] XSim::Simulate design
INFO: [USF-XSim-61] Executing 'SIMULATE' step in 'D:/DrexelStudy/ECE302/hw6/hw6.sim/sim_1/behav/xsim'
INFO: [USF-XSim-98] *** Running xsim
   with args "twosCarray_behav -key {Behavioral:sim_1:Functional:twosCarray} -tclbatch {twosCarray.tcl} -log {simulate.log}"
INFO: [USF-XSim-8] Loading simulator feature
Vivado Simulator 2019.1
Time resolution is 1 ps
source twosCarray.tcl
# set curr_wave [current_wave_config]
# if { [string length $curr_wave] == 0 } {
#   if { [llength [get_objects]] > 0} {
#     add_wave /
#     set_property needs_save false [current_wave_config]
#   } else {
#      send_msg_id Add_Wave-1 WARNING "No top level signals found. Simulator will start without a wave window. If you want to open a wave window go to 'File->New Waveform Configuration' or type 'create_wave_config' in the TCL console."
#   }
# }
# run 1000ns
INFO: [USF-XSim-96] XSim completed. Design snapshot 'twosCarray_behav' loaded.
INFO: [USF-XSim-97] XSim simulation ran for 1000ns
launch_simulation: Time (s): cpu = 00:00:06 ; elapsed = 00:00:09 . Memory (MB): peak = 788.723 ; gain = 3.406
restart
INFO: [Simtcl 6-17] Simulation restarted
add_force {/twosCarray/x} -radix bin {10101000 0ns}
add_force {/twosCarray/ck} -radix hex {1 0ns} {0 50ps} -repeat_every 100ps
run 100 ps
run 100 ps
run 100 ps
run 100 ps
run 100 ps
close_sim
INFO: [Simtcl 6-16] Simulation closed
launch_simulation
INFO: [Vivado 12-5682] Launching behavioral simulation in 'D:/DrexelStudy/ECE302/hw6/hw6.sim/sim_1/behav/xsim'
INFO: [SIM-utils-51] Simulation object is 'sim_1'
INFO: [SIM-utils-54] Inspecting design source files for 'twosCarray' in fileset 'sim_1'...
INFO: [USF-XSim-97] Finding global include files...
INFO: [USF-XSim-98] Fetching design files from 'sim_1'...
INFO: [USF-XSim-2] XSim::Compile design
INFO: [USF-XSim-61] Executing 'COMPILE and ANALYZE' step in 'D:/DrexelStudy/ECE302/hw6/hw6.sim/sim_1/behav/xsim'
"xvhdl --incr --relax -prj twosCarray_vhdl.prj"
INFO: [USF-XSim-69] 'compile' step finished in '2' seconds
INFO: [USF-XSim-3] XSim::Elaborate design
INFO: [USF-XSim-61] Executing 'ELABORATE' step in 'D:/DrexelStudy/ECE302/hw6/hw6.sim/sim_1/behav/xsim'
"xelab -wto f3511893da324e79b2c7791526f20248 --incr --debug typical --relax --mt 2 -L xil_defaultlib -L secureip --snapshot twosCarray_behav xil_defaultlib.twosCarray -log elaborate.log"
Vivado Simulator 2019.1
Copyright 1986-1999, 2001-2019 Xilinx, Inc. All Rights Reserved.
Running: E:/Xilinx/Vivado/2019.1/bin/unwrapped/win64.o/xelab.exe -wto f3511893da324e79b2c7791526f20248 --incr --debug typical --relax --mt 2 -L xil_defaultlib -L secureip --snapshot twosCarray_behav xil_defaultlib.twosCarray -log elaborate.log 
Using 2 slave threads.
Starting static elaboration
Completed static elaboration
INFO: [XSIM 43-4323] No Change in HDL. Linking previously generated obj files to create kernel
INFO: [USF-XSim-69] 'elaborate' step finished in '2' seconds
INFO: [USF-XSim-4] XSim::Simulate design
INFO: [USF-XSim-61] Executing 'SIMULATE' step in 'D:/DrexelStudy/ECE302/hw6/hw6.sim/sim_1/behav/xsim'
INFO: [USF-XSim-98] *** Running xsim
   with args "twosCarray_behav -key {Behavioral:sim_1:Functional:twosCarray} -tclbatch {twosCarray.tcl} -log {simulate.log}"
INFO: [USF-XSim-8] Loading simulator feature
Vivado Simulator 2019.1
Time resolution is 1 ps
source twosCarray.tcl
# set curr_wave [current_wave_config]
# if { [string length $curr_wave] == 0 } {
#   if { [llength [get_objects]] > 0} {
#     add_wave /
#     set_property needs_save false [current_wave_config]
#   } else {
#      send_msg_id Add_Wave-1 WARNING "No top level signals found. Simulator will start without a wave window. If you want to open a wave window go to 'File->New Waveform Configuration' or type 'create_wave_config' in the TCL console."
#   }
# }
# run 1000ns
INFO: [USF-XSim-96] XSim completed. Design snapshot 'twosCarray_behav' loaded.
INFO: [USF-XSim-97] XSim simulation ran for 1000ns
launch_simulation: Time (s): cpu = 00:00:04 ; elapsed = 00:00:08 . Memory (MB): peak = 792.027 ; gain = 0.000
launch_runs synth_1 -jobs 2
[Thu Nov 14 22:31:41 2019] Launched synth_1...
Run output will be captured here: D:/DrexelStudy/ECE302/hw6/hw6.runs/synth_1/runme.log
restart
INFO: [Simtcl 6-17] Simulation restarted
add_force {/twosCarray/ck} -radix hex {1 0ns} {0 50ps} -repeat_every 100ps
add_force {/twosCarray/x} -radix bin {10101000 0ns}
run 100 ps
run 100 ps
run 100 ps
run 100 ps
run 100 ps
run 100 ps
launch_runs impl_1 -jobs 2
[Thu Nov 14 22:32:42 2019] Launched impl_1...
Run output will be captured here: D:/DrexelStudy/ECE302/hw6/hw6.runs/impl_1/runme.log
close_sim
INFO: [Simtcl 6-16] Simulation closed
launch_runs impl_1 -to_step write_bitstream -jobs 2
[Thu Nov 14 22:34:16 2019] Launched impl_1...
Run output will be captured here: D:/DrexelStudy/ECE302/hw6/hw6.runs/impl_1/runme.log
open_hw
connect_hw_server
INFO: [Labtools 27-2285] Connecting to hw_server url TCP:localhost:3121
INFO: [Labtools 27-2222] Launching hw_server...
INFO: [Labtools 27-2221] Launch Output:

****** Xilinx hw_server v2019.1
  **** Build date : May 24 2019 at 15:13:31
    ** Copyright 1986-2019 Xilinx, Inc. All Rights Reserved.


connect_hw_server: Time (s): cpu = 00:00:01 ; elapsed = 00:00:06 . Memory (MB): peak = 848.633 ; gain = 3.691
open_hw_target
INFO: [Labtoolstcl 44-466] Opening hw_target localhost:3121/xilinx_tcf/Digilent/210183AA0EBCA
open_hw_target: Time (s): cpu = 00:00:06 ; elapsed = 00:00:07 . Memory (MB): peak = 1967.965 ; gain = 1119.332
set_property PROGRAM.FILE {D:/DrexelStudy/ECE302/hw6/hw6.runs/impl_1/twosCarray.bit} [get_hw_devices xc7a35t_0]
current_hw_device [get_hw_devices xc7a35t_0]
refresh_hw_device -update_hw_probes false [lindex [get_hw_devices xc7a35t_0] 0]
INFO: [Labtools 27-1435] Device xc7a35t (JTAG device index = 0) is not programmed (DONE status = 0).
set_property PROBES.FILE {} [get_hw_devices xc7a35t_0]
set_property FULL_PROBES.FILE {} [get_hw_devices xc7a35t_0]
set_property PROGRAM.FILE {D:/DrexelStudy/ECE302/hw6/hw6.runs/impl_1/twosCarray.bit} [get_hw_devices xc7a35t_0]
program_hw_devices [get_hw_devices xc7a35t_0]
INFO: [Labtools 27-3164] End of startup status: HIGH
refresh_hw_device [lindex [get_hw_devices xc7a35t_0] 0]
INFO: [Labtools 27-1434] Device xc7a35t (JTAG device index = 0) is programmed with a design that has no supported debug core(s) in it.
ERROR: [Labtoolstcl 44-513] HW Target shutdown. Closing target: localhost:3121/xilinx_tcf/Digilent/210183AA0EBCA
close_hw
exit
INFO: [Common 17-206] Exiting Vivado at Thu Nov 14 22:36:55 2019...
