#-----------------------------------------------------------
# Vivado v2019.1 (64-bit)
# SW Build 2552052 on Fri May 24 14:49:42 MDT 2019
# IP Build 2548770 on Fri May 24 18:01:18 MDT 2019
# Start of session at: Mon Oct 28 22:24:29 2019
# Process ID: 6408
# Current directory: D:/DrexelStudy/ECE302/hw4_2
# Command line: vivado.exe -gui_launcher_event rodinguilauncherevent9528 D:\DrexelStudy\ECE302\hw4_2\hw4_2.xpr
# Log file: D:/DrexelStudy/ECE302/hw4_2/vivado.log
# Journal file: D:/DrexelStudy/ECE302/hw4_2\vivado.jou
#-----------------------------------------------------------
start_gui
open_project D:/DrexelStudy/ECE302/hw4_2/hw4_2.xpr
Scanning sources...
Finished scanning sources
INFO: [IP_Flow 19-234] Refreshing IP repositories
INFO: [IP_Flow 19-1704] No user IP repositories specified
INFO: [IP_Flow 19-2313] Loaded Vivado IP repository 'E:/Xilinx/Vivado/2019.1/data/ip'.
open_project: Time (s): cpu = 00:00:24 ; elapsed = 00:00:11 . Memory (MB): peak = 711.898 ; gain = 95.977
update_compile_order -fileset sources_1
close [ open D:/DrexelStudy/ECE302/hw4_2/hw4_2.srcs/sources_1/new/test_mux.vhd w ]
add_files D:/DrexelStudy/ECE302/hw4_2/hw4_2.srcs/sources_1/new/test_mux.vhd
update_compile_order -fileset sources_1
update_compile_order -fileset sources_1
reset_run synth_1
launch_runs synth_1 -jobs 2
[Mon Oct 28 22:32:00 2019] Launched synth_1...
Run output will be captured here: D:/DrexelStudy/ECE302/hw4_2/hw4_2.runs/synth_1/runme.log
launch_runs impl_1 -jobs 2
[Mon Oct 28 22:34:59 2019] Launched impl_1...
Run output will be captured here: D:/DrexelStudy/ECE302/hw4_2/hw4_2.runs/impl_1/runme.log
exit
INFO: [Common 17-206] Exiting Vivado at Mon Oct 28 22:36:37 2019...
