Copyright 1986-2019 Xilinx, Inc. All Rights Reserved.
--------------------------------------------------------------------------------------------------------------------------------------------------------------------------------------------------------
| Tool Version : Vivado v.2019.1 (win64) Build 2552052 Fri May 24 14:49:42 MDT 2019
| Date         : Wed Oct  9 16:28:52 2019
| Host         : DESKTOP-GPB4UIK running 64-bit major release  (build 9200)
| Command      : report_timing_summary -max_paths 10 -file count_00_tb_timing_summary_routed.rpt -pb count_00_tb_timing_summary_routed.pb -rpx count_00_tb_timing_summary_routed.rpx -warn_on_violation
| Design       : count_00_tb
| Device       : 7a35t-cpg236
| Speed File   : -1  PRODUCTION 1.23 2018-06-13
--------------------------------------------------------------------------------------------------------------------------------------------------------------------------------------------------------

Timing Summary Report

------------------------------------------------------------------------------------------------
| Timer Settings
| --------------
------------------------------------------------------------------------------------------------

  Enable Multi Corner Analysis               :  Yes
  Enable Pessimism Removal                   :  Yes
  Pessimism Removal Resolution               :  Nearest Common Node
  Enable Input Delay Default Clock           :  No
  Enable Preset / Clear Arcs                 :  No
  Disable Flight Delays                      :  No
  Ignore I/O Paths                           :  No
  Timing Early Launch at Borrowing Latches   :  No
  Borrow Time for Max Delay Exceptions       :  Yes

  Corner  Analyze    Analyze    
  Name    Max Paths  Min Paths  
  ------  ---------  ---------  
  Slow    Yes        Yes        
  Fast    Yes        Yes        



check_timing report

Table of Contents
-----------------
1. checking no_clock
2. checking constant_clock
3. checking pulse_width_clock
4. checking unconstrained_internal_endpoints
5. checking no_input_delay
6. checking no_output_delay
7. checking multiple_clock
8. checking generated_clocks
9. checking loops
10. checking partial_input_delay
11. checking partial_output_delay
12. checking latch_loops

1. checking no_clock
--------------------
 There are 4 register/latch pins with no clock driven by root clock pin: en_reg/Q (HIGH)


2. checking constant_clock
--------------------------
 There are 0 register/latch pins with constant_clock.


3. checking pulse_width_clock
-----------------------------
 There are 0 register/latch pins which need pulse_width check


4. checking unconstrained_internal_endpoints
--------------------------------------------
 There are 12 pins that are not constrained for maximum delay. (HIGH)

 There are 0 pins that are not constrained for maximum delay due to constant clock.


5. checking no_input_delay
--------------------------
 There are 5 input ports with no input delay specified. (HIGH)

 There are 0 input ports with no input delay but user has a false path constraint.


6. checking no_output_delay
---------------------------
 There are 4 ports with no output delay specified. (HIGH)

 There are 0 ports with no output delay but user has a false path constraint

 There are 0 ports with no output delay but with a timing clock defined on it or propagating through it


7. checking multiple_clock
--------------------------
 There are 0 register/latch pins with multiple clocks.


8. checking generated_clocks
----------------------------
 There are 0 generated clocks that are not connected to a clock source.


9. checking loops
-----------------
 There are 0 combinational loops in the design.


10. checking partial_input_delay
--------------------------------
 There are 0 input ports with partial input delay specified.


11. checking partial_output_delay
---------------------------------
 There are 0 ports with partial output delay specified.


12. checking latch_loops
------------------------
 There are 0 combinational latch loops in the design through latch input



------------------------------------------------------------------------------------------------
| Design Timing Summary
| ---------------------
------------------------------------------------------------------------------------------------

    WNS(ns)      TNS(ns)  TNS Failing Endpoints  TNS Total Endpoints      WHS(ns)      THS(ns)  THS Failing Endpoints  THS Total Endpoints     WPWS(ns)     TPWS(ns)  TPWS Failing Endpoints  TPWS Total Endpoints  
    -------      -------  ---------------------  -------------------      -------      -------  ---------------------  -------------------     --------     --------  ----------------------  --------------------  
      8.389        0.000                      0                    4        0.210        0.000                      0                    4        4.500        0.000                       0                     5  


All user specified timing constraints are met.


------------------------------------------------------------------------------------------------
| Clock Summary
| -------------
------------------------------------------------------------------------------------------------

Clock        Waveform(ns)       Period(ns)      Frequency(MHz)
-----        ------------       ----------      --------------
sys_clk_pin  {0.000 5.000}      10.000          100.000         


------------------------------------------------------------------------------------------------
| Intra Clock Table
| -----------------
------------------------------------------------------------------------------------------------

Clock             WNS(ns)      TNS(ns)  TNS Failing Endpoints  TNS Total Endpoints      WHS(ns)      THS(ns)  THS Failing Endpoints  THS Total Endpoints     WPWS(ns)     TPWS(ns)  TPWS Failing Endpoints  TPWS Total Endpoints  
-----             -------      -------  ---------------------  -------------------      -------      -------  ---------------------  -------------------     --------     --------  ----------------------  --------------------  
sys_clk_pin         8.389        0.000                      0                    4        0.210        0.000                      0                    4        4.500        0.000                       0                     5  


------------------------------------------------------------------------------------------------
| Inter Clock Table
| -----------------
------------------------------------------------------------------------------------------------

From Clock    To Clock          WNS(ns)      TNS(ns)  TNS Failing Endpoints  TNS Total Endpoints      WHS(ns)      THS(ns)  THS Failing Endpoints  THS Total Endpoints  
----------    --------          -------      -------  ---------------------  -------------------      -------      -------  ---------------------  -------------------  


------------------------------------------------------------------------------------------------
| Other Path Groups Table
| -----------------------
------------------------------------------------------------------------------------------------

Path Group    From Clock    To Clock          WNS(ns)      TNS(ns)  TNS Failing Endpoints  TNS Total Endpoints      WHS(ns)      THS(ns)  THS Failing Endpoints  THS Total Endpoints  
----------    ----------    --------          -------      -------  ---------------------  -------------------      -------      -------  ---------------------  -------------------  


------------------------------------------------------------------------------------------------
| Timing Details
| --------------
------------------------------------------------------------------------------------------------


---------------------------------------------------------------------------------------------------
From Clock:  sys_clk_pin
  To Clock:  sys_clk_pin

Setup :            0  Failing Endpoints,  Worst Slack        8.389ns,  Total Violation        0.000ns
Hold  :            0  Failing Endpoints,  Worst Slack        0.210ns,  Total Violation        0.000ns
PW    :            0  Failing Endpoints,  Worst Slack        4.500ns,  Total Violation        0.000ns
---------------------------------------------------------------------------------------------------


Max Delay Paths
--------------------------------------------------------------------------------------
Slack (MET) :             8.389ns  (required time - arrival time)
  Source:                 FSM_onehot_db_ns_reg[2]/C
                            (rising edge-triggered cell FDRE clocked by sys_clk_pin  {rise@0.000ns fall@5.000ns period=10.000ns})
  Destination:            en_reg/D
                            (rising edge-triggered cell FDRE clocked by sys_clk_pin  {rise@0.000ns fall@5.000ns period=10.000ns})
  Path Group:             sys_clk_pin
  Path Type:              Setup (Max at Slow Process Corner)
  Requirement:            10.000ns  (sys_clk_pin rise@10.000ns - sys_clk_pin rise@0.000ns)
  Data Path Delay:        1.606ns  (logic 0.718ns (44.702%)  route 0.888ns (55.298%))
  Logic Levels:           1  (LUT4=1)
  Clock Path Skew:        0.000ns (DCD - SCD + CPR)
    Destination Clock Delay (DCD):    4.855ns = ( 14.855 - 10.000 ) 
    Source Clock Delay      (SCD):    5.154ns
    Clock Pessimism Removal (CPR):    0.299ns
  Clock Uncertainty:      0.035ns  ((TSJ^2 + TIJ^2)^1/2 + DJ) / 2 + PE
    Total System Jitter     (TSJ):    0.071ns
    Total Input Jitter      (TIJ):    0.000ns
    Discrete Jitter          (DJ):    0.000ns
    Phase Error              (PE):    0.000ns

    Location             Delay type                Incr(ns)  Path(ns)    Netlist Resource(s)
  -------------------------------------------------------------------    -------------------
                         (clock sys_clk_pin rise edge)
                                                      0.000     0.000 r  
    W5                                                0.000     0.000 r  ck (IN)
                         net (fo=0)                   0.000     0.000    ck
    W5                   IBUF (Prop_ibuf_I_O)         1.458     1.458 r  ck_IBUF_inst/O
                         net (fo=1, routed)           1.967     3.425    ck_IBUF
    BUFGCTRL_X0Y0        BUFG (Prop_bufg_I_O)         0.096     3.521 r  ck_IBUF_BUFG_inst/O
                         net (fo=4, routed)           1.633     5.154    ck_IBUF_BUFG
    SLICE_X0Y13          FDRE                                         r  FSM_onehot_db_ns_reg[2]/C
  -------------------------------------------------------------------    -------------------
    SLICE_X0Y13          FDRE (Prop_fdre_C_Q)         0.419     5.573 r  FSM_onehot_db_ns_reg[2]/Q
                         net (fo=4, routed)           0.888     6.461    FSM_onehot_db_ns_reg_n_0_[2]
    SLICE_X0Y13          LUT4 (Prop_lut4_I2_O)        0.299     6.760 r  en_i_1/O
                         net (fo=1, routed)           0.000     6.760    en_i_1_n_0
    SLICE_X0Y13          FDRE                                         r  en_reg/D
  -------------------------------------------------------------------    -------------------

                         (clock sys_clk_pin rise edge)
                                                     10.000    10.000 r  
    W5                                                0.000    10.000 r  ck (IN)
                         net (fo=0)                   0.000    10.000    ck
    W5                   IBUF (Prop_ibuf_I_O)         1.388    11.388 r  ck_IBUF_inst/O
                         net (fo=1, routed)           1.862    13.250    ck_IBUF
    BUFGCTRL_X0Y0        BUFG (Prop_bufg_I_O)         0.091    13.341 r  ck_IBUF_BUFG_inst/O
                         net (fo=4, routed)           1.514    14.855    ck_IBUF_BUFG
    SLICE_X0Y13          FDRE                                         r  en_reg/C
                         clock pessimism              0.299    15.154    
                         clock uncertainty           -0.035    15.119    
    SLICE_X0Y13          FDRE (Setup_fdre_C_D)        0.031    15.150    en_reg
  -------------------------------------------------------------------
                         required time                         15.150    
                         arrival time                          -6.760    
  -------------------------------------------------------------------
                         slack                                  8.389    

Slack (MET) :             8.401ns  (required time - arrival time)
  Source:                 FSM_onehot_db_ns_reg[2]/C
                            (rising edge-triggered cell FDRE clocked by sys_clk_pin  {rise@0.000ns fall@5.000ns period=10.000ns})
  Destination:            FSM_onehot_db_ns_reg[1]/D
                            (rising edge-triggered cell FDRE clocked by sys_clk_pin  {rise@0.000ns fall@5.000ns period=10.000ns})
  Path Group:             sys_clk_pin
  Path Type:              Setup (Max at Slow Process Corner)
  Requirement:            10.000ns  (sys_clk_pin rise@10.000ns - sys_clk_pin rise@0.000ns)
  Data Path Delay:        1.593ns  (logic 0.718ns (45.086%)  route 0.875ns (54.914%))
  Logic Levels:           1  (LUT5=1)
  Clock Path Skew:        0.000ns (DCD - SCD + CPR)
    Destination Clock Delay (DCD):    4.855ns = ( 14.855 - 10.000 ) 
    Source Clock Delay      (SCD):    5.154ns
    Clock Pessimism Removal (CPR):    0.299ns
  Clock Uncertainty:      0.035ns  ((TSJ^2 + TIJ^2)^1/2 + DJ) / 2 + PE
    Total System Jitter     (TSJ):    0.071ns
    Total Input Jitter      (TIJ):    0.000ns
    Discrete Jitter          (DJ):    0.000ns
    Phase Error              (PE):    0.000ns

    Location             Delay type                Incr(ns)  Path(ns)    Netlist Resource(s)
  -------------------------------------------------------------------    -------------------
                         (clock sys_clk_pin rise edge)
                                                      0.000     0.000 r  
    W5                                                0.000     0.000 r  ck (IN)
                         net (fo=0)                   0.000     0.000    ck
    W5                   IBUF (Prop_ibuf_I_O)         1.458     1.458 r  ck_IBUF_inst/O
                         net (fo=1, routed)           1.967     3.425    ck_IBUF
    BUFGCTRL_X0Y0        BUFG (Prop_bufg_I_O)         0.096     3.521 r  ck_IBUF_BUFG_inst/O
                         net (fo=4, routed)           1.633     5.154    ck_IBUF_BUFG
    SLICE_X0Y13          FDRE                                         r  FSM_onehot_db_ns_reg[2]/C
  -------------------------------------------------------------------    -------------------
    SLICE_X0Y13          FDRE (Prop_fdre_C_Q)         0.419     5.573 r  FSM_onehot_db_ns_reg[2]/Q
                         net (fo=4, routed)           0.875     6.448    FSM_onehot_db_ns_reg_n_0_[2]
    SLICE_X0Y13          LUT5 (Prop_lut5_I0_O)        0.299     6.747 r  FSM_onehot_db_ns[1]_i_1/O
                         net (fo=1, routed)           0.000     6.747    FSM_onehot_db_ns[1]_i_1_n_0
    SLICE_X0Y13          FDRE                                         r  FSM_onehot_db_ns_reg[1]/D
  -------------------------------------------------------------------    -------------------

                         (clock sys_clk_pin rise edge)
                                                     10.000    10.000 r  
    W5                                                0.000    10.000 r  ck (IN)
                         net (fo=0)                   0.000    10.000    ck
    W5                   IBUF (Prop_ibuf_I_O)         1.388    11.388 r  ck_IBUF_inst/O
                         net (fo=1, routed)           1.862    13.250    ck_IBUF
    BUFGCTRL_X0Y0        BUFG (Prop_bufg_I_O)         0.091    13.341 r  ck_IBUF_BUFG_inst/O
                         net (fo=4, routed)           1.514    14.855    ck_IBUF_BUFG
    SLICE_X0Y13          FDRE                                         r  FSM_onehot_db_ns_reg[1]/C
                         clock pessimism              0.299    15.154    
                         clock uncertainty           -0.035    15.119    
    SLICE_X0Y13          FDRE (Setup_fdre_C_D)        0.029    15.148    FSM_onehot_db_ns_reg[1]
  -------------------------------------------------------------------
                         required time                         15.148    
                         arrival time                          -6.747    
  -------------------------------------------------------------------
                         slack                                  8.401    

Slack (MET) :             8.419ns  (required time - arrival time)
  Source:                 FSM_onehot_db_ns_reg[2]/C
                            (rising edge-triggered cell FDRE clocked by sys_clk_pin  {rise@0.000ns fall@5.000ns period=10.000ns})
  Destination:            FSM_onehot_db_ns_reg[2]/D
                            (rising edge-triggered cell FDRE clocked by sys_clk_pin  {rise@0.000ns fall@5.000ns period=10.000ns})
  Path Group:             sys_clk_pin
  Path Type:              Setup (Max at Slow Process Corner)
  Requirement:            10.000ns  (sys_clk_pin rise@10.000ns - sys_clk_pin rise@0.000ns)
  Data Path Delay:        1.621ns  (logic 0.746ns (46.035%)  route 0.875ns (53.965%))
  Logic Levels:           1  (LUT5=1)
  Clock Path Skew:        0.000ns (DCD - SCD + CPR)
    Destination Clock Delay (DCD):    4.855ns = ( 14.855 - 10.000 ) 
    Source Clock Delay      (SCD):    5.154ns
    Clock Pessimism Removal (CPR):    0.299ns
  Clock Uncertainty:      0.035ns  ((TSJ^2 + TIJ^2)^1/2 + DJ) / 2 + PE
    Total System Jitter     (TSJ):    0.071ns
    Total Input Jitter      (TIJ):    0.000ns
    Discrete Jitter          (DJ):    0.000ns
    Phase Error              (PE):    0.000ns

    Location             Delay type                Incr(ns)  Path(ns)    Netlist Resource(s)
  -------------------------------------------------------------------    -------------------
                         (clock sys_clk_pin rise edge)
                                                      0.000     0.000 r  
    W5                                                0.000     0.000 r  ck (IN)
                         net (fo=0)                   0.000     0.000    ck
    W5                   IBUF (Prop_ibuf_I_O)         1.458     1.458 r  ck_IBUF_inst/O
                         net (fo=1, routed)           1.967     3.425    ck_IBUF
    BUFGCTRL_X0Y0        BUFG (Prop_bufg_I_O)         0.096     3.521 r  ck_IBUF_BUFG_inst/O
                         net (fo=4, routed)           1.633     5.154    ck_IBUF_BUFG
    SLICE_X0Y13          FDRE                                         r  FSM_onehot_db_ns_reg[2]/C
  -------------------------------------------------------------------    -------------------
    SLICE_X0Y13          FDRE (Prop_fdre_C_Q)         0.419     5.573 r  FSM_onehot_db_ns_reg[2]/Q
                         net (fo=4, routed)           0.875     6.448    FSM_onehot_db_ns_reg_n_0_[2]
    SLICE_X0Y13          LUT5 (Prop_lut5_I0_O)        0.327     6.775 r  FSM_onehot_db_ns[2]_i_1/O
                         net (fo=1, routed)           0.000     6.775    FSM_onehot_db_ns[2]_i_1_n_0
    SLICE_X0Y13          FDRE                                         r  FSM_onehot_db_ns_reg[2]/D
  -------------------------------------------------------------------    -------------------

                         (clock sys_clk_pin rise edge)
                                                     10.000    10.000 r  
    W5                                                0.000    10.000 r  ck (IN)
                         net (fo=0)                   0.000    10.000    ck
    W5                   IBUF (Prop_ibuf_I_O)         1.388    11.388 r  ck_IBUF_inst/O
                         net (fo=1, routed)           1.862    13.250    ck_IBUF
    BUFGCTRL_X0Y0        BUFG (Prop_bufg_I_O)         0.091    13.341 r  ck_IBUF_BUFG_inst/O
                         net (fo=4, routed)           1.514    14.855    ck_IBUF_BUFG
    SLICE_X0Y13          FDRE                                         r  FSM_onehot_db_ns_reg[2]/C
                         clock pessimism              0.299    15.154    
                         clock uncertainty           -0.035    15.119    
    SLICE_X0Y13          FDRE (Setup_fdre_C_D)        0.075    15.194    FSM_onehot_db_ns_reg[2]
  -------------------------------------------------------------------
                         required time                         15.194    
                         arrival time                          -6.775    
  -------------------------------------------------------------------
                         slack                                  8.419    

Slack (MET) :             8.732ns  (required time - arrival time)
  Source:                 FSM_onehot_db_ns_reg[0]/C
                            (rising edge-triggered cell FDRE clocked by sys_clk_pin  {rise@0.000ns fall@5.000ns period=10.000ns})
  Destination:            FSM_onehot_db_ns_reg[0]/D
                            (rising edge-triggered cell FDRE clocked by sys_clk_pin  {rise@0.000ns fall@5.000ns period=10.000ns})
  Path Group:             sys_clk_pin
  Path Type:              Setup (Max at Slow Process Corner)
  Requirement:            10.000ns  (sys_clk_pin rise@10.000ns - sys_clk_pin rise@0.000ns)
  Data Path Delay:        1.264ns  (logic 0.580ns (45.899%)  route 0.684ns (54.101%))
  Logic Levels:           1  (LUT5=1)
  Clock Path Skew:        0.000ns (DCD - SCD + CPR)
    Destination Clock Delay (DCD):    4.855ns = ( 14.855 - 10.000 ) 
    Source Clock Delay      (SCD):    5.154ns
    Clock Pessimism Removal (CPR):    0.299ns
  Clock Uncertainty:      0.035ns  ((TSJ^2 + TIJ^2)^1/2 + DJ) / 2 + PE
    Total System Jitter     (TSJ):    0.071ns
    Total Input Jitter      (TIJ):    0.000ns
    Discrete Jitter          (DJ):    0.000ns
    Phase Error              (PE):    0.000ns

    Location             Delay type                Incr(ns)  Path(ns)    Netlist Resource(s)
  -------------------------------------------------------------------    -------------------
                         (clock sys_clk_pin rise edge)
                                                      0.000     0.000 r  
    W5                                                0.000     0.000 r  ck (IN)
                         net (fo=0)                   0.000     0.000    ck
    W5                   IBUF (Prop_ibuf_I_O)         1.458     1.458 r  ck_IBUF_inst/O
                         net (fo=1, routed)           1.967     3.425    ck_IBUF
    BUFGCTRL_X0Y0        BUFG (Prop_bufg_I_O)         0.096     3.521 r  ck_IBUF_BUFG_inst/O
                         net (fo=4, routed)           1.633     5.154    ck_IBUF_BUFG
    SLICE_X0Y13          FDRE                                         r  FSM_onehot_db_ns_reg[0]/C
  -------------------------------------------------------------------    -------------------
    SLICE_X0Y13          FDRE (Prop_fdre_C_Q)         0.456     5.610 r  FSM_onehot_db_ns_reg[0]/Q
                         net (fo=4, routed)           0.684     6.294    FSM_onehot_db_ns_reg_n_0_[0]
    SLICE_X0Y13          LUT5 (Prop_lut5_I1_O)        0.124     6.418 r  FSM_onehot_db_ns[0]_i_1/O
                         net (fo=1, routed)           0.000     6.418    FSM_onehot_db_ns[0]_i_1_n_0
    SLICE_X0Y13          FDRE                                         r  FSM_onehot_db_ns_reg[0]/D
  -------------------------------------------------------------------    -------------------

                         (clock sys_clk_pin rise edge)
                                                     10.000    10.000 r  
    W5                                                0.000    10.000 r  ck (IN)
                         net (fo=0)                   0.000    10.000    ck
    W5                   IBUF (Prop_ibuf_I_O)         1.388    11.388 r  ck_IBUF_inst/O
                         net (fo=1, routed)           1.862    13.250    ck_IBUF
    BUFGCTRL_X0Y0        BUFG (Prop_bufg_I_O)         0.091    13.341 r  ck_IBUF_BUFG_inst/O
                         net (fo=4, routed)           1.514    14.855    ck_IBUF_BUFG
    SLICE_X0Y13          FDRE                                         r  FSM_onehot_db_ns_reg[0]/C
                         clock pessimism              0.299    15.154    
                         clock uncertainty           -0.035    15.119    
    SLICE_X0Y13          FDRE (Setup_fdre_C_D)        0.031    15.150    FSM_onehot_db_ns_reg[0]
  -------------------------------------------------------------------
                         required time                         15.150    
                         arrival time                          -6.418    
  -------------------------------------------------------------------
                         slack                                  8.732    





Min Delay Paths
--------------------------------------------------------------------------------------
Slack (MET) :             0.210ns  (arrival time - required time)
  Source:                 FSM_onehot_db_ns_reg[2]/C
                            (rising edge-triggered cell FDRE clocked by sys_clk_pin  {rise@0.000ns fall@5.000ns period=10.000ns})
  Destination:            FSM_onehot_db_ns_reg[0]/D
                            (rising edge-triggered cell FDRE clocked by sys_clk_pin  {rise@0.000ns fall@5.000ns period=10.000ns})
  Path Group:             sys_clk_pin
  Path Type:              Hold (Min at Fast Process Corner)
  Requirement:            0.000ns  (sys_clk_pin rise@0.000ns - sys_clk_pin rise@0.000ns)
  Data Path Delay:        0.302ns  (logic 0.227ns (75.183%)  route 0.075ns (24.817%))
  Logic Levels:           1  (LUT5=1)
  Clock Path Skew:        0.000ns (DCD - SCD - CPR)
    Destination Clock Delay (DCD):    1.988ns
    Source Clock Delay      (SCD):    1.474ns
    Clock Pessimism Removal (CPR):    0.514ns

    Location             Delay type                Incr(ns)  Path(ns)    Netlist Resource(s)
  -------------------------------------------------------------------    -------------------
                         (clock sys_clk_pin rise edge)
                                                      0.000     0.000 r  
    W5                                                0.000     0.000 r  ck (IN)
                         net (fo=0)                   0.000     0.000    ck
    W5                   IBUF (Prop_ibuf_I_O)         0.226     0.226 r  ck_IBUF_inst/O
                         net (fo=1, routed)           0.631     0.858    ck_IBUF
    BUFGCTRL_X0Y0        BUFG (Prop_bufg_I_O)         0.026     0.884 r  ck_IBUF_BUFG_inst/O
                         net (fo=4, routed)           0.591     1.474    ck_IBUF_BUFG
    SLICE_X0Y13          FDRE                                         r  FSM_onehot_db_ns_reg[2]/C
  -------------------------------------------------------------------    -------------------
    SLICE_X0Y13          FDRE (Prop_fdre_C_Q)         0.128     1.602 r  FSM_onehot_db_ns_reg[2]/Q
                         net (fo=4, routed)           0.075     1.677    FSM_onehot_db_ns_reg_n_0_[2]
    SLICE_X0Y13          LUT5 (Prop_lut5_I0_O)        0.099     1.776 r  FSM_onehot_db_ns[0]_i_1/O
                         net (fo=1, routed)           0.000     1.776    FSM_onehot_db_ns[0]_i_1_n_0
    SLICE_X0Y13          FDRE                                         r  FSM_onehot_db_ns_reg[0]/D
  -------------------------------------------------------------------    -------------------

                         (clock sys_clk_pin rise edge)
                                                      0.000     0.000 r  
    W5                                                0.000     0.000 r  ck (IN)
                         net (fo=0)                   0.000     0.000    ck
    W5                   IBUF (Prop_ibuf_I_O)         0.414     0.414 r  ck_IBUF_inst/O
                         net (fo=1, routed)           0.685     1.099    ck_IBUF
    BUFGCTRL_X0Y0        BUFG (Prop_bufg_I_O)         0.029     1.128 r  ck_IBUF_BUFG_inst/O
                         net (fo=4, routed)           0.861     1.988    ck_IBUF_BUFG
    SLICE_X0Y13          FDRE                                         r  FSM_onehot_db_ns_reg[0]/C
                         clock pessimism             -0.514     1.474    
    SLICE_X0Y13          FDRE (Hold_fdre_C_D)         0.092     1.566    FSM_onehot_db_ns_reg[0]
  -------------------------------------------------------------------
                         required time                         -1.566    
                         arrival time                           1.776    
  -------------------------------------------------------------------
                         slack                                  0.210    

Slack (MET) :             0.272ns  (arrival time - required time)
  Source:                 FSM_onehot_db_ns_reg[1]/C
                            (rising edge-triggered cell FDRE clocked by sys_clk_pin  {rise@0.000ns fall@5.000ns period=10.000ns})
  Destination:            FSM_onehot_db_ns_reg[2]/D
                            (rising edge-triggered cell FDRE clocked by sys_clk_pin  {rise@0.000ns fall@5.000ns period=10.000ns})
  Path Group:             sys_clk_pin
  Path Type:              Hold (Min at Fast Process Corner)
  Requirement:            0.000ns  (sys_clk_pin rise@0.000ns - sys_clk_pin rise@0.000ns)
  Data Path Delay:        0.379ns  (logic 0.183ns (48.306%)  route 0.196ns (51.694%))
  Logic Levels:           1  (LUT5=1)
  Clock Path Skew:        0.000ns (DCD - SCD - CPR)
    Destination Clock Delay (DCD):    1.988ns
    Source Clock Delay      (SCD):    1.474ns
    Clock Pessimism Removal (CPR):    0.514ns

    Location             Delay type                Incr(ns)  Path(ns)    Netlist Resource(s)
  -------------------------------------------------------------------    -------------------
                         (clock sys_clk_pin rise edge)
                                                      0.000     0.000 r  
    W5                                                0.000     0.000 r  ck (IN)
                         net (fo=0)                   0.000     0.000    ck
    W5                   IBUF (Prop_ibuf_I_O)         0.226     0.226 r  ck_IBUF_inst/O
                         net (fo=1, routed)           0.631     0.858    ck_IBUF
    BUFGCTRL_X0Y0        BUFG (Prop_bufg_I_O)         0.026     0.884 r  ck_IBUF_BUFG_inst/O
                         net (fo=4, routed)           0.591     1.474    ck_IBUF_BUFG
    SLICE_X0Y13          FDRE                                         r  FSM_onehot_db_ns_reg[1]/C
  -------------------------------------------------------------------    -------------------
    SLICE_X0Y13          FDRE (Prop_fdre_C_Q)         0.141     1.615 r  FSM_onehot_db_ns_reg[1]/Q
                         net (fo=4, routed)           0.196     1.811    FSM_onehot_db_ns_reg_n_0_[1]
    SLICE_X0Y13          LUT5 (Prop_lut5_I3_O)        0.042     1.853 r  FSM_onehot_db_ns[2]_i_1/O
                         net (fo=1, routed)           0.000     1.853    FSM_onehot_db_ns[2]_i_1_n_0
    SLICE_X0Y13          FDRE                                         r  FSM_onehot_db_ns_reg[2]/D
  -------------------------------------------------------------------    -------------------

                         (clock sys_clk_pin rise edge)
                                                      0.000     0.000 r  
    W5                                                0.000     0.000 r  ck (IN)
                         net (fo=0)                   0.000     0.000    ck
    W5                   IBUF (Prop_ibuf_I_O)         0.414     0.414 r  ck_IBUF_inst/O
                         net (fo=1, routed)           0.685     1.099    ck_IBUF
    BUFGCTRL_X0Y0        BUFG (Prop_bufg_I_O)         0.029     1.128 r  ck_IBUF_BUFG_inst/O
                         net (fo=4, routed)           0.861     1.988    ck_IBUF_BUFG
    SLICE_X0Y13          FDRE                                         r  FSM_onehot_db_ns_reg[2]/C
                         clock pessimism             -0.514     1.474    
    SLICE_X0Y13          FDRE (Hold_fdre_C_D)         0.107     1.581    FSM_onehot_db_ns_reg[2]
  -------------------------------------------------------------------
                         required time                         -1.581    
                         arrival time                           1.853    
  -------------------------------------------------------------------
                         slack                                  0.272    

Slack (MET) :             0.291ns  (arrival time - required time)
  Source:                 FSM_onehot_db_ns_reg[1]/C
                            (rising edge-triggered cell FDRE clocked by sys_clk_pin  {rise@0.000ns fall@5.000ns period=10.000ns})
  Destination:            FSM_onehot_db_ns_reg[1]/D
                            (rising edge-triggered cell FDRE clocked by sys_clk_pin  {rise@0.000ns fall@5.000ns period=10.000ns})
  Path Group:             sys_clk_pin
  Path Type:              Hold (Min at Fast Process Corner)
  Requirement:            0.000ns  (sys_clk_pin rise@0.000ns - sys_clk_pin rise@0.000ns)
  Data Path Delay:        0.382ns  (logic 0.186ns (48.712%)  route 0.196ns (51.288%))
  Logic Levels:           1  (LUT5=1)
  Clock Path Skew:        0.000ns (DCD - SCD - CPR)
    Destination Clock Delay (DCD):    1.988ns
    Source Clock Delay      (SCD):    1.474ns
    Clock Pessimism Removal (CPR):    0.514ns

    Location             Delay type                Incr(ns)  Path(ns)    Netlist Resource(s)
  -------------------------------------------------------------------    -------------------
                         (clock sys_clk_pin rise edge)
                                                      0.000     0.000 r  
    W5                                                0.000     0.000 r  ck (IN)
                         net (fo=0)                   0.000     0.000    ck
    W5                   IBUF (Prop_ibuf_I_O)         0.226     0.226 r  ck_IBUF_inst/O
                         net (fo=1, routed)           0.631     0.858    ck_IBUF
    BUFGCTRL_X0Y0        BUFG (Prop_bufg_I_O)         0.026     0.884 r  ck_IBUF_BUFG_inst/O
                         net (fo=4, routed)           0.591     1.474    ck_IBUF_BUFG
    SLICE_X0Y13          FDRE                                         r  FSM_onehot_db_ns_reg[1]/C
  -------------------------------------------------------------------    -------------------
    SLICE_X0Y13          FDRE (Prop_fdre_C_Q)         0.141     1.615 r  FSM_onehot_db_ns_reg[1]/Q
                         net (fo=4, routed)           0.196     1.811    FSM_onehot_db_ns_reg_n_0_[1]
    SLICE_X0Y13          LUT5 (Prop_lut5_I3_O)        0.045     1.856 r  FSM_onehot_db_ns[1]_i_1/O
                         net (fo=1, routed)           0.000     1.856    FSM_onehot_db_ns[1]_i_1_n_0
    SLICE_X0Y13          FDRE                                         r  FSM_onehot_db_ns_reg[1]/D
  -------------------------------------------------------------------    -------------------

                         (clock sys_clk_pin rise edge)
                                                      0.000     0.000 r  
    W5                                                0.000     0.000 r  ck (IN)
                         net (fo=0)                   0.000     0.000    ck
    W5                   IBUF (Prop_ibuf_I_O)         0.414     0.414 r  ck_IBUF_inst/O
                         net (fo=1, routed)           0.685     1.099    ck_IBUF
    BUFGCTRL_X0Y0        BUFG (Prop_bufg_I_O)         0.029     1.128 r  ck_IBUF_BUFG_inst/O
                         net (fo=4, routed)           0.861     1.988    ck_IBUF_BUFG
    SLICE_X0Y13          FDRE                                         r  FSM_onehot_db_ns_reg[1]/C
                         clock pessimism             -0.514     1.474    
    SLICE_X0Y13          FDRE (Hold_fdre_C_D)         0.091     1.565    FSM_onehot_db_ns_reg[1]
  -------------------------------------------------------------------
                         required time                         -1.565    
                         arrival time                           1.856    
  -------------------------------------------------------------------
                         slack                                  0.291    

Slack (MET) :             0.323ns  (arrival time - required time)
  Source:                 FSM_onehot_db_ns_reg[0]/C
                            (rising edge-triggered cell FDRE clocked by sys_clk_pin  {rise@0.000ns fall@5.000ns period=10.000ns})
  Destination:            en_reg/D
                            (rising edge-triggered cell FDRE clocked by sys_clk_pin  {rise@0.000ns fall@5.000ns period=10.000ns})
  Path Group:             sys_clk_pin
  Path Type:              Hold (Min at Fast Process Corner)
  Requirement:            0.000ns  (sys_clk_pin rise@0.000ns - sys_clk_pin rise@0.000ns)
  Data Path Delay:        0.415ns  (logic 0.186ns (44.838%)  route 0.229ns (55.162%))
  Logic Levels:           1  (LUT4=1)
  Clock Path Skew:        0.000ns (DCD - SCD - CPR)
    Destination Clock Delay (DCD):    1.988ns
    Source Clock Delay      (SCD):    1.474ns
    Clock Pessimism Removal (CPR):    0.514ns

    Location             Delay type                Incr(ns)  Path(ns)    Netlist Resource(s)
  -------------------------------------------------------------------    -------------------
                         (clock sys_clk_pin rise edge)
                                                      0.000     0.000 r  
    W5                                                0.000     0.000 r  ck (IN)
                         net (fo=0)                   0.000     0.000    ck
    W5                   IBUF (Prop_ibuf_I_O)         0.226     0.226 r  ck_IBUF_inst/O
                         net (fo=1, routed)           0.631     0.858    ck_IBUF
    BUFGCTRL_X0Y0        BUFG (Prop_bufg_I_O)         0.026     0.884 r  ck_IBUF_BUFG_inst/O
                         net (fo=4, routed)           0.591     1.474    ck_IBUF_BUFG
    SLICE_X0Y13          FDRE                                         r  FSM_onehot_db_ns_reg[0]/C
  -------------------------------------------------------------------    -------------------
    SLICE_X0Y13          FDRE (Prop_fdre_C_Q)         0.141     1.615 f  FSM_onehot_db_ns_reg[0]/Q
                         net (fo=4, routed)           0.229     1.844    FSM_onehot_db_ns_reg_n_0_[0]
    SLICE_X0Y13          LUT4 (Prop_lut4_I1_O)        0.045     1.889 r  en_i_1/O
                         net (fo=1, routed)           0.000     1.889    en_i_1_n_0
    SLICE_X0Y13          FDRE                                         r  en_reg/D
  -------------------------------------------------------------------    -------------------

                         (clock sys_clk_pin rise edge)
                                                      0.000     0.000 r  
    W5                                                0.000     0.000 r  ck (IN)
                         net (fo=0)                   0.000     0.000    ck
    W5                   IBUF (Prop_ibuf_I_O)         0.414     0.414 r  ck_IBUF_inst/O
                         net (fo=1, routed)           0.685     1.099    ck_IBUF
    BUFGCTRL_X0Y0        BUFG (Prop_bufg_I_O)         0.029     1.128 r  ck_IBUF_BUFG_inst/O
                         net (fo=4, routed)           0.861     1.988    ck_IBUF_BUFG
    SLICE_X0Y13          FDRE                                         r  en_reg/C
                         clock pessimism             -0.514     1.474    
    SLICE_X0Y13          FDRE (Hold_fdre_C_D)         0.092     1.566    en_reg
  -------------------------------------------------------------------
                         required time                         -1.566    
                         arrival time                           1.889    
  -------------------------------------------------------------------
                         slack                                  0.323    





Pulse Width Checks
--------------------------------------------------------------------------------------
Clock Name:         sys_clk_pin
Waveform(ns):       { 0.000 5.000 }
Period(ns):         10.000
Sources:            { ck }

Check Type        Corner  Lib Pin  Reference Pin  Required(ns)  Actual(ns)  Slack(ns)  Location       Pin
Min Period        n/a     BUFG/I   n/a            2.155         10.000      7.845      BUFGCTRL_X0Y0  ck_IBUF_BUFG_inst/I
Min Period        n/a     FDRE/C   n/a            1.000         10.000      9.000      SLICE_X0Y13    FSM_onehot_db_ns_reg[0]/C
Min Period        n/a     FDRE/C   n/a            1.000         10.000      9.000      SLICE_X0Y13    FSM_onehot_db_ns_reg[1]/C
Min Period        n/a     FDRE/C   n/a            1.000         10.000      9.000      SLICE_X0Y13    FSM_onehot_db_ns_reg[2]/C
Min Period        n/a     FDRE/C   n/a            1.000         10.000      9.000      SLICE_X0Y13    en_reg/C
Low Pulse Width   Fast    FDRE/C   n/a            0.500         5.000       4.500      SLICE_X0Y13    FSM_onehot_db_ns_reg[0]/C
Low Pulse Width   Fast    FDRE/C   n/a            0.500         5.000       4.500      SLICE_X0Y13    FSM_onehot_db_ns_reg[1]/C
Low Pulse Width   Fast    FDRE/C   n/a            0.500         5.000       4.500      SLICE_X0Y13    FSM_onehot_db_ns_reg[2]/C
Low Pulse Width   Fast    FDRE/C   n/a            0.500         5.000       4.500      SLICE_X0Y13    en_reg/C
Low Pulse Width   Slow    FDRE/C   n/a            0.500         5.000       4.500      SLICE_X0Y13    FSM_onehot_db_ns_reg[0]/C
Low Pulse Width   Slow    FDRE/C   n/a            0.500         5.000       4.500      SLICE_X0Y13    FSM_onehot_db_ns_reg[1]/C
Low Pulse Width   Slow    FDRE/C   n/a            0.500         5.000       4.500      SLICE_X0Y13    FSM_onehot_db_ns_reg[2]/C
Low Pulse Width   Slow    FDRE/C   n/a            0.500         5.000       4.500      SLICE_X0Y13    en_reg/C
High Pulse Width  Slow    FDRE/C   n/a            0.500         5.000       4.500      SLICE_X0Y13    FSM_onehot_db_ns_reg[0]/C
High Pulse Width  Fast    FDRE/C   n/a            0.500         5.000       4.500      SLICE_X0Y13    FSM_onehot_db_ns_reg[0]/C
High Pulse Width  Slow    FDRE/C   n/a            0.500         5.000       4.500      SLICE_X0Y13    FSM_onehot_db_ns_reg[1]/C
High Pulse Width  Fast    FDRE/C   n/a            0.500         5.000       4.500      SLICE_X0Y13    FSM_onehot_db_ns_reg[1]/C
High Pulse Width  Slow    FDRE/C   n/a            0.500         5.000       4.500      SLICE_X0Y13    FSM_onehot_db_ns_reg[2]/C
High Pulse Width  Fast    FDRE/C   n/a            0.500         5.000       4.500      SLICE_X0Y13    FSM_onehot_db_ns_reg[2]/C
High Pulse Width  Slow    FDRE/C   n/a            0.500         5.000       4.500      SLICE_X0Y13    en_reg/C
High Pulse Width  Fast    FDRE/C   n/a            0.500         5.000       4.500      SLICE_X0Y13    en_reg/C



