
*** Running vivado
    with args -log twosCarray.vds -m64 -product Vivado -mode batch -messageDb vivado.pb -notrace -source twosCarray.tcl


****** Vivado v2019.1 (64-bit)
  **** SW Build 2552052 on Fri May 24 14:49:42 MDT 2019
  **** IP Build 2548770 on Fri May 24 18:01:18 MDT 2019
    ** Copyright 1986-2019 Xilinx, Inc. All Rights Reserved.

source twosCarray.tcl -notrace
Command: synth_design -top twosCarray -part xc7a35tcpg236-1
Starting synth_design
Attempting to get a license for feature 'Synthesis' and/or device 'xc7a35t'
INFO: [Common 17-349] Got license for feature 'Synthesis' and/or device 'xc7a35t'
INFO: [Device 21-403] Loading part xc7a35tcpg236-1
INFO: Launching helper process for spawning children vivado processes
INFO: Helper process launched with PID 6108 
---------------------------------------------------------------------------------
Starting RTL Elaboration : Time (s): cpu = 00:00:05 ; elapsed = 00:00:06 . Memory (MB): peak = 700.418 ; gain = 178.492
---------------------------------------------------------------------------------
INFO: [Synth 8-638] synthesizing module 'twosCarray' [D:/DrexelStudy/ECE302/hw6/hw6.srcs/sources_1/new/twosCarray.vhd:42]
	Parameter n bound to: 8 - type: integer 
INFO: [Synth 8-3491] module 'twosC_1bit' declared at 'D:/DrexelStudy/ECE302/hw6/hw6.srcs/sources_1/new/twosC_1bit.vhd:35' bound to instance 'ELM' of component 'twosC_1bit' [D:/DrexelStudy/ECE302/hw6/hw6.srcs/sources_1/new/twosCarray.vhd:59]
INFO: [Synth 8-638] synthesizing module 'twosC_1bit' [D:/DrexelStudy/ECE302/hw6/hw6.srcs/sources_1/new/twosC_1bit.vhd:40]
INFO: [Synth 8-226] default block is never used [D:/DrexelStudy/ECE302/hw6/hw6.srcs/sources_1/new/twosC_1bit.vhd:44]
WARNING: [Synth 8-614] signal 'inv_in' is read in the process but is not in the sensitivity list [D:/DrexelStudy/ECE302/hw6/hw6.srcs/sources_1/new/twosC_1bit.vhd:42]
WARNING: [Synth 8-614] signal 'x' is read in the process but is not in the sensitivity list [D:/DrexelStudy/ECE302/hw6/hw6.srcs/sources_1/new/twosC_1bit.vhd:42]
INFO: [Synth 8-256] done synthesizing module 'twosC_1bit' (1#1) [D:/DrexelStudy/ECE302/hw6/hw6.srcs/sources_1/new/twosC_1bit.vhd:40]
INFO: [Synth 8-3491] module 'twosC_1bit' declared at 'D:/DrexelStudy/ECE302/hw6/hw6.srcs/sources_1/new/twosC_1bit.vhd:35' bound to instance 'ELM' of component 'twosC_1bit' [D:/DrexelStudy/ECE302/hw6/hw6.srcs/sources_1/new/twosCarray.vhd:64]
INFO: [Synth 8-3491] module 'twosC_1bit' declared at 'D:/DrexelStudy/ECE302/hw6/hw6.srcs/sources_1/new/twosC_1bit.vhd:35' bound to instance 'ELM' of component 'twosC_1bit' [D:/DrexelStudy/ECE302/hw6/hw6.srcs/sources_1/new/twosCarray.vhd:64]
INFO: [Synth 8-3491] module 'twosC_1bit' declared at 'D:/DrexelStudy/ECE302/hw6/hw6.srcs/sources_1/new/twosC_1bit.vhd:35' bound to instance 'ELM' of component 'twosC_1bit' [D:/DrexelStudy/ECE302/hw6/hw6.srcs/sources_1/new/twosCarray.vhd:64]
INFO: [Synth 8-3491] module 'twosC_1bit' declared at 'D:/DrexelStudy/ECE302/hw6/hw6.srcs/sources_1/new/twosC_1bit.vhd:35' bound to instance 'ELM' of component 'twosC_1bit' [D:/DrexelStudy/ECE302/hw6/hw6.srcs/sources_1/new/twosCarray.vhd:64]
INFO: [Synth 8-3491] module 'twosC_1bit' declared at 'D:/DrexelStudy/ECE302/hw6/hw6.srcs/sources_1/new/twosC_1bit.vhd:35' bound to instance 'ELM' of component 'twosC_1bit' [D:/DrexelStudy/ECE302/hw6/hw6.srcs/sources_1/new/twosCarray.vhd:64]
INFO: [Synth 8-3491] module 'twosC_1bit' declared at 'D:/DrexelStudy/ECE302/hw6/hw6.srcs/sources_1/new/twosC_1bit.vhd:35' bound to instance 'ELM' of component 'twosC_1bit' [D:/DrexelStudy/ECE302/hw6/hw6.srcs/sources_1/new/twosCarray.vhd:64]
INFO: [Synth 8-3491] module 'twosC_1bit' declared at 'D:/DrexelStudy/ECE302/hw6/hw6.srcs/sources_1/new/twosC_1bit.vhd:35' bound to instance 'ELM' of component 'twosC_1bit' [D:/DrexelStudy/ECE302/hw6/hw6.srcs/sources_1/new/twosCarray.vhd:64]
INFO: [Synth 8-3491] module 'twosC_1bit' declared at 'D:/DrexelStudy/ECE302/hw6/hw6.srcs/sources_1/new/twosC_1bit.vhd:35' bound to instance 'ELM' of component 'twosC_1bit' [D:/DrexelStudy/ECE302/hw6/hw6.srcs/sources_1/new/twosCarray.vhd:69]
INFO: [Synth 8-256] done synthesizing module 'twosCarray' (2#1) [D:/DrexelStudy/ECE302/hw6/hw6.srcs/sources_1/new/twosCarray.vhd:42]
WARNING: [Synth 8-3331] design twosC_1bit has unconnected port ck
---------------------------------------------------------------------------------
Finished RTL Elaboration : Time (s): cpu = 00:00:07 ; elapsed = 00:00:08 . Memory (MB): peak = 763.352 ; gain = 241.426
---------------------------------------------------------------------------------

Report Check Netlist: 
+------+------------------+-------+---------+-------+------------------+
|      |Item              |Errors |Warnings |Status |Description       |
+------+------------------+-------+---------+-------+------------------+
|1     |multi_driven_nets |      0|        0|Passed |Multi driven nets |
+------+------------------+-------+---------+-------+------------------+
---------------------------------------------------------------------------------
Start Handling Custom Attributes
---------------------------------------------------------------------------------
---------------------------------------------------------------------------------
Finished Handling Custom Attributes : Time (s): cpu = 00:00:07 ; elapsed = 00:00:08 . Memory (MB): peak = 763.352 ; gain = 241.426
---------------------------------------------------------------------------------
---------------------------------------------------------------------------------
Finished RTL Optimization Phase 1 : Time (s): cpu = 00:00:07 ; elapsed = 00:00:08 . Memory (MB): peak = 763.352 ; gain = 241.426
---------------------------------------------------------------------------------
INFO: [Project 1-570] Preparing netlist for logic optimization

Processing XDC Constraints
Initializing timing engine
Parsing XDC File [D:/DrexelStudy/ECE302/hw6/hw6.srcs/constrs_1/imports/XDC/Basys3_Master.xdc]
Finished Parsing XDC File [D:/DrexelStudy/ECE302/hw6/hw6.srcs/constrs_1/imports/XDC/Basys3_Master.xdc]
INFO: [Project 1-236] Implementation specific constraints were found while reading constraint file [D:/DrexelStudy/ECE302/hw6/hw6.srcs/constrs_1/imports/XDC/Basys3_Master.xdc]. These constraints will be ignored for synthesis but will be used in implementation. Impacted constraints are listed in the file [.Xil/twosCarray_propImpl.xdc].
Resolution: To avoid this warning, move constraints listed in [.Xil/twosCarray_propImpl.xdc] to another XDC file and exclude this new file from synthesis with the used_in_synthesis property (File Properties dialog in GUI) and re-run elaboration/synthesis.
Completed Processing XDC Constraints

Netlist sorting complete. Time (s): cpu = 00:00:00 ; elapsed = 00:00:00 . Memory (MB): peak = 873.469 ; gain = 0.000
INFO: [Project 1-111] Unisim Transformation Summary:
No Unisim elements were transformed.

Constraint Validation Runtime : Time (s): cpu = 00:00:00 ; elapsed = 00:00:00.129 . Memory (MB): peak = 873.469 ; gain = 0.000
---------------------------------------------------------------------------------
Finished Constraint Validation : Time (s): cpu = 00:00:15 ; elapsed = 00:00:17 . Memory (MB): peak = 873.469 ; gain = 351.543
---------------------------------------------------------------------------------
---------------------------------------------------------------------------------
Start Loading Part and Timing Information
---------------------------------------------------------------------------------
Loading part: xc7a35tcpg236-1
---------------------------------------------------------------------------------
Finished Loading Part and Timing Information : Time (s): cpu = 00:00:15 ; elapsed = 00:00:17 . Memory (MB): peak = 873.469 ; gain = 351.543
---------------------------------------------------------------------------------
---------------------------------------------------------------------------------
Start Applying 'set_property' XDC Constraints
---------------------------------------------------------------------------------
---------------------------------------------------------------------------------
Finished applying 'set_property' XDC Constraints : Time (s): cpu = 00:00:15 ; elapsed = 00:00:17 . Memory (MB): peak = 873.469 ; gain = 351.543
---------------------------------------------------------------------------------
---------------------------------------------------------------------------------
Finished RTL Optimization Phase 2 : Time (s): cpu = 00:00:15 ; elapsed = 00:00:17 . Memory (MB): peak = 873.469 ; gain = 351.543
---------------------------------------------------------------------------------

Report RTL Partitions: 
+-+--------------+------------+----------+
| |RTL Partition |Replication |Instances |
+-+--------------+------------+----------+
+-+--------------+------------+----------+
---------------------------------------------------------------------------------
Start RTL Component Statistics 
---------------------------------------------------------------------------------
Detailed RTL Component Info : 
+---Muxes : 
	   2 Input      1 Bit        Muxes := 18    
---------------------------------------------------------------------------------
Finished RTL Component Statistics 
---------------------------------------------------------------------------------
---------------------------------------------------------------------------------
Start RTL Hierarchical Component Statistics 
---------------------------------------------------------------------------------
Hierarchical RTL Component report 
Module twosC_1bit 
Detailed RTL Component Info : 
+---Muxes : 
	   2 Input      1 Bit        Muxes := 2     
---------------------------------------------------------------------------------
Finished RTL Hierarchical Component Statistics
---------------------------------------------------------------------------------
---------------------------------------------------------------------------------
Start Part Resource Summary
---------------------------------------------------------------------------------
Part Resources:
DSPs: 90 (col length:60)
BRAMs: 100 (col length: RAMB18 60 RAMB36 30)
---------------------------------------------------------------------------------
Finished Part Resource Summary
---------------------------------------------------------------------------------
---------------------------------------------------------------------------------
Start Cross Boundary and Area Optimization
---------------------------------------------------------------------------------
Warning: Parallel synthesis criteria is not met 
WARNING: [Synth 8-3331] design twosCarray has unconnected port ck
---------------------------------------------------------------------------------
Finished Cross Boundary and Area Optimization : Time (s): cpu = 00:00:17 ; elapsed = 00:00:19 . Memory (MB): peak = 873.469 ; gain = 351.543
---------------------------------------------------------------------------------

Report RTL Partitions: 
+-+--------------+------------+----------+
| |RTL Partition |Replication |Instances |
+-+--------------+------------+----------+
+-+--------------+------------+----------+
---------------------------------------------------------------------------------
Start Applying XDC Timing Constraints
---------------------------------------------------------------------------------
---------------------------------------------------------------------------------
Finished Applying XDC Timing Constraints : Time (s): cpu = 00:00:29 ; elapsed = 00:00:31 . Memory (MB): peak = 873.469 ; gain = 351.543
---------------------------------------------------------------------------------
---------------------------------------------------------------------------------
Start Timing Optimization
---------------------------------------------------------------------------------
---------------------------------------------------------------------------------
Finished Timing Optimization : Time (s): cpu = 00:00:29 ; elapsed = 00:00:31 . Memory (MB): peak = 873.469 ; gain = 351.543
---------------------------------------------------------------------------------

Report RTL Partitions: 
+-+--------------+------------+----------+
| |RTL Partition |Replication |Instances |
+-+--------------+------------+----------+
+-+--------------+------------+----------+
---------------------------------------------------------------------------------
Start Technology Mapping
---------------------------------------------------------------------------------
---------------------------------------------------------------------------------
Finished Technology Mapping : Time (s): cpu = 00:00:29 ; elapsed = 00:00:31 . Memory (MB): peak = 873.469 ; gain = 351.543
---------------------------------------------------------------------------------

Report RTL Partitions: 
+-+--------------+------------+----------+
| |RTL Partition |Replication |Instances |
+-+--------------+------------+----------+
+-+--------------+------------+----------+
---------------------------------------------------------------------------------
Start IO Insertion
---------------------------------------------------------------------------------
---------------------------------------------------------------------------------
Start Flattening Before IO Insertion
---------------------------------------------------------------------------------
---------------------------------------------------------------------------------
Finished Flattening Before IO Insertion
---------------------------------------------------------------------------------
---------------------------------------------------------------------------------
Start Final Netlist Cleanup
---------------------------------------------------------------------------------
---------------------------------------------------------------------------------
Finished Final Netlist Cleanup
---------------------------------------------------------------------------------
---------------------------------------------------------------------------------
Finished IO Insertion : Time (s): cpu = 00:00:33 ; elapsed = 00:00:35 . Memory (MB): peak = 881.465 ; gain = 359.539
---------------------------------------------------------------------------------

Report Check Netlist: 
+------+------------------+-------+---------+-------+------------------+
|      |Item              |Errors |Warnings |Status |Description       |
+------+------------------+-------+---------+-------+------------------+
|1     |multi_driven_nets |      0|        0|Passed |Multi driven nets |
+------+------------------+-------+---------+-------+------------------+
---------------------------------------------------------------------------------
Start Renaming Generated Instances
---------------------------------------------------------------------------------
---------------------------------------------------------------------------------
Finished Renaming Generated Instances : Time (s): cpu = 00:00:33 ; elapsed = 00:00:35 . Memory (MB): peak = 881.465 ; gain = 359.539
---------------------------------------------------------------------------------

Report RTL Partitions: 
+-+--------------+------------+----------+
| |RTL Partition |Replication |Instances |
+-+--------------+------------+----------+
+-+--------------+------------+----------+
---------------------------------------------------------------------------------
Start Rebuilding User Hierarchy
---------------------------------------------------------------------------------
---------------------------------------------------------------------------------
Finished Rebuilding User Hierarchy : Time (s): cpu = 00:00:33 ; elapsed = 00:00:35 . Memory (MB): peak = 881.465 ; gain = 359.539
---------------------------------------------------------------------------------
---------------------------------------------------------------------------------
Start Renaming Generated Ports
---------------------------------------------------------------------------------
---------------------------------------------------------------------------------
Finished Renaming Generated Ports : Time (s): cpu = 00:00:33 ; elapsed = 00:00:35 . Memory (MB): peak = 881.465 ; gain = 359.539
---------------------------------------------------------------------------------
---------------------------------------------------------------------------------
Start Handling Custom Attributes
---------------------------------------------------------------------------------
---------------------------------------------------------------------------------
Finished Handling Custom Attributes : Time (s): cpu = 00:00:33 ; elapsed = 00:00:35 . Memory (MB): peak = 881.465 ; gain = 359.539
---------------------------------------------------------------------------------
---------------------------------------------------------------------------------
Start Renaming Generated Nets
---------------------------------------------------------------------------------
---------------------------------------------------------------------------------
Finished Renaming Generated Nets : Time (s): cpu = 00:00:33 ; elapsed = 00:00:35 . Memory (MB): peak = 881.465 ; gain = 359.539
---------------------------------------------------------------------------------
---------------------------------------------------------------------------------
Start Writing Synthesis Report
---------------------------------------------------------------------------------

Report BlackBoxes: 
+-+--------------+----------+
| |BlackBox name |Instances |
+-+--------------+----------+
+-+--------------+----------+

Report Cell Usage: 
+------+-----+------+
|      |Cell |Count |
+------+-----+------+
|1     |LUT2 |     2|
|2     |LUT3 |     2|
|3     |LUT4 |     1|
|4     |LUT5 |     1|
|5     |LUT6 |     2|
|6     |IBUF |     8|
|7     |OBUF |     8|
+------+-----+------+

Report Instance Areas: 
+------+---------+-------+------+
|      |Instance |Module |Cells |
+------+---------+-------+------+
|1     |top      |       |    24|
+------+---------+-------+------+
---------------------------------------------------------------------------------
Finished Writing Synthesis Report : Time (s): cpu = 00:00:33 ; elapsed = 00:00:35 . Memory (MB): peak = 881.465 ; gain = 359.539
---------------------------------------------------------------------------------
Synthesis finished with 0 errors, 0 critical warnings and 1 warnings.
Synthesis Optimization Runtime : Time (s): cpu = 00:00:23 ; elapsed = 00:00:32 . Memory (MB): peak = 881.465 ; gain = 249.422
Synthesis Optimization Complete : Time (s): cpu = 00:00:33 ; elapsed = 00:00:35 . Memory (MB): peak = 881.465 ; gain = 359.539
INFO: [Project 1-571] Translating synthesized netlist
INFO: [Project 1-570] Preparing netlist for logic optimization
INFO: [Opt 31-138] Pushed 0 inverter(s) to 0 load pin(s).
Netlist sorting complete. Time (s): cpu = 00:00:00 ; elapsed = 00:00:00 . Memory (MB): peak = 898.914 ; gain = 0.000
INFO: [Project 1-111] Unisim Transformation Summary:
No Unisim elements were transformed.

INFO: [Common 17-83] Releasing license: Synthesis
24 Infos, 4 Warnings, 0 Critical Warnings and 0 Errors encountered.
synth_design completed successfully
synth_design: Time (s): cpu = 00:00:39 ; elapsed = 00:00:43 . Memory (MB): peak = 898.914 ; gain = 606.953
Netlist sorting complete. Time (s): cpu = 00:00:00 ; elapsed = 00:00:00 . Memory (MB): peak = 898.914 ; gain = 0.000
WARNING: [Constraints 18-5210] No constraints selected for write.
Resolution: This message can indicate that there are no constraints for the design, or it can indicate that the used_in flags are set such that the constraints are ignored. This later case is used when running synth_design to not write synthesis constraints to the resulting checkpoint. Instead, project constraints are read when the synthesized design is opened.
INFO: [Common 17-1381] The checkpoint 'D:/DrexelStudy/ECE302/hw6/hw6.runs/synth_1/twosCarray.dcp' has been generated.
INFO: [runtcl-4] Executing : report_utilization -file twosCarray_utilization_synth.rpt -pb twosCarray_utilization_synth.pb
INFO: [Common 17-206] Exiting Vivado at Thu Nov 14 22:32:33 2019...
