#-----------------------------------------------------------
# Vivado v2019.1 (64-bit)
# SW Build 2552052 on Fri May 24 14:49:42 MDT 2019
# IP Build 2548770 on Fri May 24 18:01:18 MDT 2019
# Start of session at: Wed Oct 23 16:21:03 2019
# Process ID: 10400
# Current directory: D:/DrexelStudy/ECE302/reg_v1
# Command line: vivado.exe -gui_launcher_event rodinguilauncherevent8828 D:\DrexelStudy\ECE302\reg_v1\reg_v1.xpr
# Log file: D:/DrexelStudy/ECE302/reg_v1/vivado.log
# Journal file: D:/DrexelStudy/ECE302/reg_v1\vivado.jou
#-----------------------------------------------------------
start_gui
open_project D:/DrexelStudy/ECE302/reg_v1/reg_v1.xpr
Scanning sources...
Finished scanning sources
INFO: [IP_Flow 19-234] Refreshing IP repositories
INFO: [IP_Flow 19-1704] No user IP repositories specified
INFO: [IP_Flow 19-2313] Loaded Vivado IP repository 'E:/Xilinx/Vivado/2019.1/data/ip'.
open_project: Time (s): cpu = 00:00:21 ; elapsed = 00:00:08 . Memory (MB): peak = 743.047 ; gain = 93.277
update_compile_order -fileset sources_1
exit
INFO: [Common 17-206] Exiting Vivado at Wed Oct 23 17:03:24 2019...
