#-----------------------------------------------------------
# Vivado v2019.1 (64-bit)
# SW Build 2552052 on Fri May 24 14:49:42 MDT 2019
# IP Build 2548770 on Fri May 24 18:01:18 MDT 2019
# Start of session at: Fri Nov  8 17:01:45 2019
# Process ID: 5140
# Current directory: D:/DrexelStudy/ECE302/array_multiplier
# Command line: vivado.exe -gui_launcher_event rodinguilauncherevent14440 D:\DrexelStudy\ECE302\array_multiplier\array_multiplier.xpr
# Log file: D:/DrexelStudy/ECE302/array_multiplier/vivado.log
# Journal file: D:/DrexelStudy/ECE302/array_multiplier\vivado.jou
#-----------------------------------------------------------
start_gui
open_project D:/DrexelStudy/ECE302/array_multiplier/array_multiplier.xpr
Scanning sources...
Finished scanning sources
INFO: [IP_Flow 19-234] Refreshing IP repositories
INFO: [IP_Flow 19-1704] No user IP repositories specified
INFO: [IP_Flow 19-2313] Loaded Vivado IP repository 'E:/Xilinx/Vivado/2019.1/data/ip'.
open_project: Time (s): cpu = 00:00:22 ; elapsed = 00:00:08 . Memory (MB): peak = 1012.945 ; gain = 153.336
update_compile_order -fileset sources_1
exit
INFO: [Common 17-206] Exiting Vivado at Sat Nov  9 04:02:18 2019...
