Copyright 1986-2019 Xilinx, Inc. All Rights Reserved.
-----------------------------------------------------------------------------------------------------------------------------------------------------------------------------------------------------------
| Tool Version : Vivado v.2019.1 (win64) Build 2552052 Fri May 24 14:49:42 MDT 2019
| Date         : Fri Dec  6 15:57:51 2019
| Host         : DESKTOP-GPB4UIK running 64-bit major release  (build 9200)
| Command      : report_timing_summary -max_paths 10 -file radix5_adder_timing_summary_routed.rpt -pb radix5_adder_timing_summary_routed.pb -rpx radix5_adder_timing_summary_routed.rpx -warn_on_violation
| Design       : radix5_adder
| Device       : 7a35t-cpg236
| Speed File   : -1  PRODUCTION 1.23 2018-06-13
-----------------------------------------------------------------------------------------------------------------------------------------------------------------------------------------------------------

Timing Summary Report

------------------------------------------------------------------------------------------------
| Timer Settings
| --------------
------------------------------------------------------------------------------------------------

  Enable Multi Corner Analysis               :  Yes
  Enable Pessimism Removal                   :  Yes
  Pessimism Removal Resolution               :  Nearest Common Node
  Enable Input Delay Default Clock           :  No
  Enable Preset / Clear Arcs                 :  No
  Disable Flight Delays                      :  No
  Ignore I/O Paths                           :  No
  Timing Early Launch at Borrowing Latches   :  No
  Borrow Time for Max Delay Exceptions       :  Yes

  Corner  Analyze    Analyze    
  Name    Max Paths  Min Paths  
  ------  ---------  ---------  
  Slow    Yes        Yes        
  Fast    Yes        Yes        



check_timing report

Table of Contents
-----------------
1. checking no_clock
2. checking constant_clock
3. checking pulse_width_clock
4. checking unconstrained_internal_endpoints
5. checking no_input_delay
6. checking no_output_delay
7. checking multiple_clock
8. checking generated_clocks
9. checking loops
10. checking partial_input_delay
11. checking partial_output_delay
12. checking latch_loops

1. checking no_clock
--------------------
 There are 8 register/latch pins with no clock driven by root clock pin: en_reg/Q (HIGH)


2. checking constant_clock
--------------------------
 There are 0 register/latch pins with constant_clock.


3. checking pulse_width_clock
-----------------------------
 There are 0 register/latch pins which need pulse_width check


4. checking unconstrained_internal_endpoints
--------------------------------------------
 There are 15 pins that are not constrained for maximum delay. (HIGH)

 There are 0 pins that are not constrained for maximum delay due to constant clock.


5. checking no_input_delay
--------------------------
 There are 9 input ports with no input delay specified. (HIGH)

 There are 0 input ports with no input delay but user has a false path constraint.


6. checking no_output_delay
---------------------------
 There are 3 ports with no output delay specified. (HIGH)

 There are 0 ports with no output delay but user has a false path constraint

 There are 0 ports with no output delay but with a timing clock defined on it or propagating through it


7. checking multiple_clock
--------------------------
 There are 0 register/latch pins with multiple clocks.


8. checking generated_clocks
----------------------------
 There are 0 generated clocks that are not connected to a clock source.


9. checking loops
-----------------
 There are 0 combinational loops in the design.


10. checking partial_input_delay
--------------------------------
 There are 0 input ports with partial input delay specified.


11. checking partial_output_delay
---------------------------------
 There are 0 ports with partial output delay specified.


12. checking latch_loops
------------------------
 There are 0 combinational latch loops in the design through latch input



------------------------------------------------------------------------------------------------
| Design Timing Summary
| ---------------------
------------------------------------------------------------------------------------------------

    WNS(ns)      TNS(ns)  TNS Failing Endpoints  TNS Total Endpoints      WHS(ns)      THS(ns)  THS Failing Endpoints  THS Total Endpoints     WPWS(ns)     TPWS(ns)  TPWS Failing Endpoints  TPWS Total Endpoints  
    -------      -------  ---------------------  -------------------      -------      -------  ---------------------  -------------------     --------     --------  ----------------------  --------------------  
      8.398        0.000                      0                    4        0.224        0.000                      0                    4        4.500        0.000                       0                     5  


All user specified timing constraints are met.


------------------------------------------------------------------------------------------------
| Clock Summary
| -------------
------------------------------------------------------------------------------------------------

Clock        Waveform(ns)       Period(ns)      Frequency(MHz)
-----        ------------       ----------      --------------
sys_clk_pin  {0.000 5.000}      10.000          100.000         


------------------------------------------------------------------------------------------------
| Intra Clock Table
| -----------------
------------------------------------------------------------------------------------------------

Clock             WNS(ns)      TNS(ns)  TNS Failing Endpoints  TNS Total Endpoints      WHS(ns)      THS(ns)  THS Failing Endpoints  THS Total Endpoints     WPWS(ns)     TPWS(ns)  TPWS Failing Endpoints  TPWS Total Endpoints  
-----             -------      -------  ---------------------  -------------------      -------      -------  ---------------------  -------------------     --------     --------  ----------------------  --------------------  
sys_clk_pin         8.398        0.000                      0                    4        0.224        0.000                      0                    4        4.500        0.000                       0                     5  


------------------------------------------------------------------------------------------------
| Inter Clock Table
| -----------------
------------------------------------------------------------------------------------------------

From Clock    To Clock          WNS(ns)      TNS(ns)  TNS Failing Endpoints  TNS Total Endpoints      WHS(ns)      THS(ns)  THS Failing Endpoints  THS Total Endpoints  
----------    --------          -------      -------  ---------------------  -------------------      -------      -------  ---------------------  -------------------  


------------------------------------------------------------------------------------------------
| Other Path Groups Table
| -----------------------
------------------------------------------------------------------------------------------------

Path Group    From Clock    To Clock          WNS(ns)      TNS(ns)  TNS Failing Endpoints  TNS Total Endpoints      WHS(ns)      THS(ns)  THS Failing Endpoints  THS Total Endpoints  
----------    ----------    --------          -------      -------  ---------------------  -------------------      -------      -------  ---------------------  -------------------  


------------------------------------------------------------------------------------------------
| Timing Details
| --------------
------------------------------------------------------------------------------------------------


---------------------------------------------------------------------------------------------------
From Clock:  sys_clk_pin
  To Clock:  sys_clk_pin

Setup :            0  Failing Endpoints,  Worst Slack        8.398ns,  Total Violation        0.000ns
Hold  :            0  Failing Endpoints,  Worst Slack        0.224ns,  Total Violation        0.000ns
PW    :            0  Failing Endpoints,  Worst Slack        4.500ns,  Total Violation        0.000ns
---------------------------------------------------------------------------------------------------


Max Delay Paths
--------------------------------------------------------------------------------------
Slack (MET) :             8.398ns  (required time - arrival time)
  Source:                 FSM_onehot_db_ns_reg[2]/C
                            (rising edge-triggered cell FDRE clocked by sys_clk_pin  {rise@0.000ns fall@5.000ns period=10.000ns})
  Destination:            FSM_onehot_db_ns_reg[1]/D
                            (rising edge-triggered cell FDRE clocked by sys_clk_pin  {rise@0.000ns fall@5.000ns period=10.000ns})
  Path Group:             sys_clk_pin
  Path Type:              Setup (Max at Slow Process Corner)
  Requirement:            10.000ns  (sys_clk_pin rise@10.000ns - sys_clk_pin rise@0.000ns)
  Data Path Delay:        1.595ns  (logic 0.718ns (45.003%)  route 0.877ns (54.997%))
  Logic Levels:           1  (LUT5=1)
  Clock Path Skew:        0.000ns (DCD - SCD + CPR)
    Destination Clock Delay (DCD):    4.846ns = ( 14.846 - 10.000 ) 
    Source Clock Delay      (SCD):    5.142ns
    Clock Pessimism Removal (CPR):    0.296ns
  Clock Uncertainty:      0.035ns  ((TSJ^2 + TIJ^2)^1/2 + DJ) / 2 + PE
    Total System Jitter     (TSJ):    0.071ns
    Total Input Jitter      (TIJ):    0.000ns
    Discrete Jitter          (DJ):    0.000ns
    Phase Error              (PE):    0.000ns

    Location             Delay type                Incr(ns)  Path(ns)    Netlist Resource(s)
  -------------------------------------------------------------------    -------------------
                         (clock sys_clk_pin rise edge)
                                                      0.000     0.000 r  
    W5                                                0.000     0.000 r  ck (IN)
                         net (fo=0)                   0.000     0.000    ck
    W5                   IBUF (Prop_ibuf_I_O)         1.458     1.458 r  ck_IBUF_inst/O
                         net (fo=1, routed)           1.967     3.425    ck_IBUF
    BUFGCTRL_X0Y0        BUFG (Prop_bufg_I_O)         0.096     3.521 r  ck_IBUF_BUFG_inst/O
                         net (fo=4, routed)           1.621     5.142    ck_IBUF_BUFG
    SLICE_X0Y22          FDRE                                         r  FSM_onehot_db_ns_reg[2]/C
  -------------------------------------------------------------------    -------------------
    SLICE_X0Y22          FDRE (Prop_fdre_C_Q)         0.419     5.561 r  FSM_onehot_db_ns_reg[2]/Q
                         net (fo=4, routed)           0.877     6.439    FSM_onehot_db_ns_reg_n_0_[2]
    SLICE_X0Y22          LUT5 (Prop_lut5_I0_O)        0.299     6.738 r  FSM_onehot_db_ns[1]_i_1/O
                         net (fo=1, routed)           0.000     6.738    FSM_onehot_db_ns[1]_i_1_n_0
    SLICE_X0Y22          FDRE                                         r  FSM_onehot_db_ns_reg[1]/D
  -------------------------------------------------------------------    -------------------

                         (clock sys_clk_pin rise edge)
                                                     10.000    10.000 r  
    W5                                                0.000    10.000 r  ck (IN)
                         net (fo=0)                   0.000    10.000    ck
    W5                   IBUF (Prop_ibuf_I_O)         1.388    11.388 r  ck_IBUF_inst/O
                         net (fo=1, routed)           1.862    13.250    ck_IBUF
    BUFGCTRL_X0Y0        BUFG (Prop_bufg_I_O)         0.091    13.341 r  ck_IBUF_BUFG_inst/O
                         net (fo=4, routed)           1.505    14.846    ck_IBUF_BUFG
    SLICE_X0Y22          FDRE                                         r  FSM_onehot_db_ns_reg[1]/C
                         clock pessimism              0.296    15.142    
                         clock uncertainty           -0.035    15.107    
    SLICE_X0Y22          FDRE (Setup_fdre_C_D)        0.029    15.136    FSM_onehot_db_ns_reg[1]
  -------------------------------------------------------------------
                         required time                         15.136    
                         arrival time                          -6.738    
  -------------------------------------------------------------------
                         slack                                  8.398    

Slack (MET) :             8.416ns  (required time - arrival time)
  Source:                 FSM_onehot_db_ns_reg[2]/C
                            (rising edge-triggered cell FDRE clocked by sys_clk_pin  {rise@0.000ns fall@5.000ns period=10.000ns})
  Destination:            FSM_onehot_db_ns_reg[2]/D
                            (rising edge-triggered cell FDRE clocked by sys_clk_pin  {rise@0.000ns fall@5.000ns period=10.000ns})
  Path Group:             sys_clk_pin
  Path Type:              Setup (Max at Slow Process Corner)
  Requirement:            10.000ns  (sys_clk_pin rise@10.000ns - sys_clk_pin rise@0.000ns)
  Data Path Delay:        1.623ns  (logic 0.746ns (45.952%)  route 0.877ns (54.048%))
  Logic Levels:           1  (LUT5=1)
  Clock Path Skew:        0.000ns (DCD - SCD + CPR)
    Destination Clock Delay (DCD):    4.846ns = ( 14.846 - 10.000 ) 
    Source Clock Delay      (SCD):    5.142ns
    Clock Pessimism Removal (CPR):    0.296ns
  Clock Uncertainty:      0.035ns  ((TSJ^2 + TIJ^2)^1/2 + DJ) / 2 + PE
    Total System Jitter     (TSJ):    0.071ns
    Total Input Jitter      (TIJ):    0.000ns
    Discrete Jitter          (DJ):    0.000ns
    Phase Error              (PE):    0.000ns

    Location             Delay type                Incr(ns)  Path(ns)    Netlist Resource(s)
  -------------------------------------------------------------------    -------------------
                         (clock sys_clk_pin rise edge)
                                                      0.000     0.000 r  
    W5                                                0.000     0.000 r  ck (IN)
                         net (fo=0)                   0.000     0.000    ck
    W5                   IBUF (Prop_ibuf_I_O)         1.458     1.458 r  ck_IBUF_inst/O
                         net (fo=1, routed)           1.967     3.425    ck_IBUF
    BUFGCTRL_X0Y0        BUFG (Prop_bufg_I_O)         0.096     3.521 r  ck_IBUF_BUFG_inst/O
                         net (fo=4, routed)           1.621     5.142    ck_IBUF_BUFG
    SLICE_X0Y22          FDRE                                         r  FSM_onehot_db_ns_reg[2]/C
  -------------------------------------------------------------------    -------------------
    SLICE_X0Y22          FDRE (Prop_fdre_C_Q)         0.419     5.561 r  FSM_onehot_db_ns_reg[2]/Q
                         net (fo=4, routed)           0.877     6.439    FSM_onehot_db_ns_reg_n_0_[2]
    SLICE_X0Y22          LUT5 (Prop_lut5_I0_O)        0.327     6.766 r  FSM_onehot_db_ns[2]_i_1/O
                         net (fo=1, routed)           0.000     6.766    FSM_onehot_db_ns[2]_i_1_n_0
    SLICE_X0Y22          FDRE                                         r  FSM_onehot_db_ns_reg[2]/D
  -------------------------------------------------------------------    -------------------

                         (clock sys_clk_pin rise edge)
                                                     10.000    10.000 r  
    W5                                                0.000    10.000 r  ck (IN)
                         net (fo=0)                   0.000    10.000    ck
    W5                   IBUF (Prop_ibuf_I_O)         1.388    11.388 r  ck_IBUF_inst/O
                         net (fo=1, routed)           1.862    13.250    ck_IBUF
    BUFGCTRL_X0Y0        BUFG (Prop_bufg_I_O)         0.091    13.341 r  ck_IBUF_BUFG_inst/O
                         net (fo=4, routed)           1.505    14.846    ck_IBUF_BUFG
    SLICE_X0Y22          FDRE                                         r  FSM_onehot_db_ns_reg[2]/C
                         clock pessimism              0.296    15.142    
                         clock uncertainty           -0.035    15.107    
    SLICE_X0Y22          FDRE (Setup_fdre_C_D)        0.075    15.182    FSM_onehot_db_ns_reg[2]
  -------------------------------------------------------------------
                         required time                         15.182    
                         arrival time                          -6.766    
  -------------------------------------------------------------------
                         slack                                  8.416    

Slack (MET) :             8.532ns  (required time - arrival time)
  Source:                 FSM_onehot_db_ns_reg[0]/C
                            (rising edge-triggered cell FDRE clocked by sys_clk_pin  {rise@0.000ns fall@5.000ns period=10.000ns})
  Destination:            en_reg/D
                            (rising edge-triggered cell FDRE clocked by sys_clk_pin  {rise@0.000ns fall@5.000ns period=10.000ns})
  Path Group:             sys_clk_pin
  Path Type:              Setup (Max at Slow Process Corner)
  Requirement:            10.000ns  (sys_clk_pin rise@10.000ns - sys_clk_pin rise@0.000ns)
  Data Path Delay:        1.464ns  (logic 0.580ns (39.614%)  route 0.884ns (60.386%))
  Logic Levels:           1  (LUT4=1)
  Clock Path Skew:        0.000ns (DCD - SCD + CPR)
    Destination Clock Delay (DCD):    4.846ns = ( 14.846 - 10.000 ) 
    Source Clock Delay      (SCD):    5.142ns
    Clock Pessimism Removal (CPR):    0.296ns
  Clock Uncertainty:      0.035ns  ((TSJ^2 + TIJ^2)^1/2 + DJ) / 2 + PE
    Total System Jitter     (TSJ):    0.071ns
    Total Input Jitter      (TIJ):    0.000ns
    Discrete Jitter          (DJ):    0.000ns
    Phase Error              (PE):    0.000ns

    Location             Delay type                Incr(ns)  Path(ns)    Netlist Resource(s)
  -------------------------------------------------------------------    -------------------
                         (clock sys_clk_pin rise edge)
                                                      0.000     0.000 r  
    W5                                                0.000     0.000 r  ck (IN)
                         net (fo=0)                   0.000     0.000    ck
    W5                   IBUF (Prop_ibuf_I_O)         1.458     1.458 r  ck_IBUF_inst/O
                         net (fo=1, routed)           1.967     3.425    ck_IBUF
    BUFGCTRL_X0Y0        BUFG (Prop_bufg_I_O)         0.096     3.521 r  ck_IBUF_BUFG_inst/O
                         net (fo=4, routed)           1.621     5.142    ck_IBUF_BUFG
    SLICE_X0Y22          FDRE                                         r  FSM_onehot_db_ns_reg[0]/C
  -------------------------------------------------------------------    -------------------
    SLICE_X0Y22          FDRE (Prop_fdre_C_Q)         0.456     5.598 f  FSM_onehot_db_ns_reg[0]/Q
                         net (fo=4, routed)           0.884     6.482    FSM_onehot_db_ns_reg_n_0_[0]
    SLICE_X0Y22          LUT4 (Prop_lut4_I1_O)        0.124     6.606 r  en_i_1/O
                         net (fo=1, routed)           0.000     6.606    en_i_1_n_0
    SLICE_X0Y22          FDRE                                         r  en_reg/D
  -------------------------------------------------------------------    -------------------

                         (clock sys_clk_pin rise edge)
                                                     10.000    10.000 r  
    W5                                                0.000    10.000 r  ck (IN)
                         net (fo=0)                   0.000    10.000    ck
    W5                   IBUF (Prop_ibuf_I_O)         1.388    11.388 r  ck_IBUF_inst/O
                         net (fo=1, routed)           1.862    13.250    ck_IBUF
    BUFGCTRL_X0Y0        BUFG (Prop_bufg_I_O)         0.091    13.341 r  ck_IBUF_BUFG_inst/O
                         net (fo=4, routed)           1.505    14.846    ck_IBUF_BUFG
    SLICE_X0Y22          FDRE                                         r  en_reg/C
                         clock pessimism              0.296    15.142    
                         clock uncertainty           -0.035    15.107    
    SLICE_X0Y22          FDRE (Setup_fdre_C_D)        0.031    15.138    en_reg
  -------------------------------------------------------------------
                         required time                         15.138    
                         arrival time                          -6.606    
  -------------------------------------------------------------------
                         slack                                  8.532    

Slack (MET) :             8.732ns  (required time - arrival time)
  Source:                 FSM_onehot_db_ns_reg[0]/C
                            (rising edge-triggered cell FDRE clocked by sys_clk_pin  {rise@0.000ns fall@5.000ns period=10.000ns})
  Destination:            FSM_onehot_db_ns_reg[0]/D
                            (rising edge-triggered cell FDRE clocked by sys_clk_pin  {rise@0.000ns fall@5.000ns period=10.000ns})
  Path Group:             sys_clk_pin
  Path Type:              Setup (Max at Slow Process Corner)
  Requirement:            10.000ns  (sys_clk_pin rise@10.000ns - sys_clk_pin rise@0.000ns)
  Data Path Delay:        1.264ns  (logic 0.580ns (45.899%)  route 0.684ns (54.101%))
  Logic Levels:           1  (LUT5=1)
  Clock Path Skew:        0.000ns (DCD - SCD + CPR)
    Destination Clock Delay (DCD):    4.846ns = ( 14.846 - 10.000 ) 
    Source Clock Delay      (SCD):    5.142ns
    Clock Pessimism Removal (CPR):    0.296ns
  Clock Uncertainty:      0.035ns  ((TSJ^2 + TIJ^2)^1/2 + DJ) / 2 + PE
    Total System Jitter     (TSJ):    0.071ns
    Total Input Jitter      (TIJ):    0.000ns
    Discrete Jitter          (DJ):    0.000ns
    Phase Error              (PE):    0.000ns

    Location             Delay type                Incr(ns)  Path(ns)    Netlist Resource(s)
  -------------------------------------------------------------------    -------------------
                         (clock sys_clk_pin rise edge)
                                                      0.000     0.000 r  
    W5                                                0.000     0.000 r  ck (IN)
                         net (fo=0)                   0.000     0.000    ck
    W5                   IBUF (Prop_ibuf_I_O)         1.458     1.458 r  ck_IBUF_inst/O
                         net (fo=1, routed)           1.967     3.425    ck_IBUF
    BUFGCTRL_X0Y0        BUFG (Prop_bufg_I_O)         0.096     3.521 r  ck_IBUF_BUFG_inst/O
                         net (fo=4, routed)           1.621     5.142    ck_IBUF_BUFG
    SLICE_X0Y22          FDRE                                         r  FSM_onehot_db_ns_reg[0]/C
  -------------------------------------------------------------------    -------------------
    SLICE_X0Y22          FDRE (Prop_fdre_C_Q)         0.456     5.598 r  FSM_onehot_db_ns_reg[0]/Q
                         net (fo=4, routed)           0.684     6.282    FSM_onehot_db_ns_reg_n_0_[0]
    SLICE_X0Y22          LUT5 (Prop_lut5_I1_O)        0.124     6.406 r  FSM_onehot_db_ns[0]_i_1/O
                         net (fo=1, routed)           0.000     6.406    FSM_onehot_db_ns[0]_i_1_n_0
    SLICE_X0Y22          FDRE                                         r  FSM_onehot_db_ns_reg[0]/D
  -------------------------------------------------------------------    -------------------

                         (clock sys_clk_pin rise edge)
                                                     10.000    10.000 r  
    W5                                                0.000    10.000 r  ck (IN)
                         net (fo=0)                   0.000    10.000    ck
    W5                   IBUF (Prop_ibuf_I_O)         1.388    11.388 r  ck_IBUF_inst/O
                         net (fo=1, routed)           1.862    13.250    ck_IBUF
    BUFGCTRL_X0Y0        BUFG (Prop_bufg_I_O)         0.091    13.341 r  ck_IBUF_BUFG_inst/O
                         net (fo=4, routed)           1.505    14.846    ck_IBUF_BUFG
    SLICE_X0Y22          FDRE                                         r  FSM_onehot_db_ns_reg[0]/C
                         clock pessimism              0.296    15.142    
                         clock uncertainty           -0.035    15.107    
    SLICE_X0Y22          FDRE (Setup_fdre_C_D)        0.031    15.138    FSM_onehot_db_ns_reg[0]
  -------------------------------------------------------------------
                         required time                         15.138    
                         arrival time                          -6.406    
  -------------------------------------------------------------------
                         slack                                  8.732    





Min Delay Paths
--------------------------------------------------------------------------------------
Slack (MET) :             0.224ns  (arrival time - required time)
  Source:                 FSM_onehot_db_ns_reg[2]/C
                            (rising edge-triggered cell FDRE clocked by sys_clk_pin  {rise@0.000ns fall@5.000ns period=10.000ns})
  Destination:            FSM_onehot_db_ns_reg[0]/D
                            (rising edge-triggered cell FDRE clocked by sys_clk_pin  {rise@0.000ns fall@5.000ns period=10.000ns})
  Path Group:             sys_clk_pin
  Path Type:              Hold (Min at Fast Process Corner)
  Requirement:            0.000ns  (sys_clk_pin rise@0.000ns - sys_clk_pin rise@0.000ns)
  Data Path Delay:        0.316ns  (logic 0.227ns (71.758%)  route 0.089ns (28.242%))
  Logic Levels:           1  (LUT5=1)
  Clock Path Skew:        0.000ns (DCD - SCD - CPR)
    Destination Clock Delay (DCD):    1.980ns
    Source Clock Delay      (SCD):    1.468ns
    Clock Pessimism Removal (CPR):    0.512ns

    Location             Delay type                Incr(ns)  Path(ns)    Netlist Resource(s)
  -------------------------------------------------------------------    -------------------
                         (clock sys_clk_pin rise edge)
                                                      0.000     0.000 r  
    W5                                                0.000     0.000 r  ck (IN)
                         net (fo=0)                   0.000     0.000    ck
    W5                   IBUF (Prop_ibuf_I_O)         0.226     0.226 r  ck_IBUF_inst/O
                         net (fo=1, routed)           0.631     0.858    ck_IBUF
    BUFGCTRL_X0Y0        BUFG (Prop_bufg_I_O)         0.026     0.884 r  ck_IBUF_BUFG_inst/O
                         net (fo=4, routed)           0.585     1.468    ck_IBUF_BUFG
    SLICE_X0Y22          FDRE                                         r  FSM_onehot_db_ns_reg[2]/C
  -------------------------------------------------------------------    -------------------
    SLICE_X0Y22          FDRE (Prop_fdre_C_Q)         0.128     1.596 r  FSM_onehot_db_ns_reg[2]/Q
                         net (fo=4, routed)           0.089     1.685    FSM_onehot_db_ns_reg_n_0_[2]
    SLICE_X0Y22          LUT5 (Prop_lut5_I0_O)        0.099     1.784 r  FSM_onehot_db_ns[0]_i_1/O
                         net (fo=1, routed)           0.000     1.784    FSM_onehot_db_ns[0]_i_1_n_0
    SLICE_X0Y22          FDRE                                         r  FSM_onehot_db_ns_reg[0]/D
  -------------------------------------------------------------------    -------------------

                         (clock sys_clk_pin rise edge)
                                                      0.000     0.000 r  
    W5                                                0.000     0.000 r  ck (IN)
                         net (fo=0)                   0.000     0.000    ck
    W5                   IBUF (Prop_ibuf_I_O)         0.414     0.414 r  ck_IBUF_inst/O
                         net (fo=1, routed)           0.685     1.099    ck_IBUF
    BUFGCTRL_X0Y0        BUFG (Prop_bufg_I_O)         0.029     1.128 r  ck_IBUF_BUFG_inst/O
                         net (fo=4, routed)           0.853     1.980    ck_IBUF_BUFG
    SLICE_X0Y22          FDRE                                         r  FSM_onehot_db_ns_reg[0]/C
                         clock pessimism             -0.512     1.468    
    SLICE_X0Y22          FDRE (Hold_fdre_C_D)         0.092     1.560    FSM_onehot_db_ns_reg[0]
  -------------------------------------------------------------------
                         required time                         -1.560    
                         arrival time                           1.784    
  -------------------------------------------------------------------
                         slack                                  0.224    

Slack (MET) :             0.272ns  (arrival time - required time)
  Source:                 FSM_onehot_db_ns_reg[1]/C
                            (rising edge-triggered cell FDRE clocked by sys_clk_pin  {rise@0.000ns fall@5.000ns period=10.000ns})
  Destination:            FSM_onehot_db_ns_reg[2]/D
                            (rising edge-triggered cell FDRE clocked by sys_clk_pin  {rise@0.000ns fall@5.000ns period=10.000ns})
  Path Group:             sys_clk_pin
  Path Type:              Hold (Min at Fast Process Corner)
  Requirement:            0.000ns  (sys_clk_pin rise@0.000ns - sys_clk_pin rise@0.000ns)
  Data Path Delay:        0.379ns  (logic 0.183ns (48.306%)  route 0.196ns (51.694%))
  Logic Levels:           1  (LUT5=1)
  Clock Path Skew:        0.000ns (DCD - SCD - CPR)
    Destination Clock Delay (DCD):    1.980ns
    Source Clock Delay      (SCD):    1.468ns
    Clock Pessimism Removal (CPR):    0.512ns

    Location             Delay type                Incr(ns)  Path(ns)    Netlist Resource(s)
  -------------------------------------------------------------------    -------------------
                         (clock sys_clk_pin rise edge)
                                                      0.000     0.000 r  
    W5                                                0.000     0.000 r  ck (IN)
                         net (fo=0)                   0.000     0.000    ck
    W5                   IBUF (Prop_ibuf_I_O)         0.226     0.226 r  ck_IBUF_inst/O
                         net (fo=1, routed)           0.631     0.858    ck_IBUF
    BUFGCTRL_X0Y0        BUFG (Prop_bufg_I_O)         0.026     0.884 r  ck_IBUF_BUFG_inst/O
                         net (fo=4, routed)           0.585     1.468    ck_IBUF_BUFG
    SLICE_X0Y22          FDRE                                         r  FSM_onehot_db_ns_reg[1]/C
  -------------------------------------------------------------------    -------------------
    SLICE_X0Y22          FDRE (Prop_fdre_C_Q)         0.141     1.609 r  FSM_onehot_db_ns_reg[1]/Q
                         net (fo=4, routed)           0.196     1.805    FSM_onehot_db_ns_reg_n_0_[1]
    SLICE_X0Y22          LUT5 (Prop_lut5_I3_O)        0.042     1.847 r  FSM_onehot_db_ns[2]_i_1/O
                         net (fo=1, routed)           0.000     1.847    FSM_onehot_db_ns[2]_i_1_n_0
    SLICE_X0Y22          FDRE                                         r  FSM_onehot_db_ns_reg[2]/D
  -------------------------------------------------------------------    -------------------

                         (clock sys_clk_pin rise edge)
                                                      0.000     0.000 r  
    W5                                                0.000     0.000 r  ck (IN)
                         net (fo=0)                   0.000     0.000    ck
    W5                   IBUF (Prop_ibuf_I_O)         0.414     0.414 r  ck_IBUF_inst/O
                         net (fo=1, routed)           0.685     1.099    ck_IBUF
    BUFGCTRL_X0Y0        BUFG (Prop_bufg_I_O)         0.029     1.128 r  ck_IBUF_BUFG_inst/O
                         net (fo=4, routed)           0.853     1.980    ck_IBUF_BUFG
    SLICE_X0Y22          FDRE                                         r  FSM_onehot_db_ns_reg[2]/C
                         clock pessimism             -0.512     1.468    
    SLICE_X0Y22          FDRE (Hold_fdre_C_D)         0.107     1.575    FSM_onehot_db_ns_reg[2]
  -------------------------------------------------------------------
                         required time                         -1.575    
                         arrival time                           1.847    
  -------------------------------------------------------------------
                         slack                                  0.272    

Slack (MET) :             0.291ns  (arrival time - required time)
  Source:                 FSM_onehot_db_ns_reg[1]/C
                            (rising edge-triggered cell FDRE clocked by sys_clk_pin  {rise@0.000ns fall@5.000ns period=10.000ns})
  Destination:            FSM_onehot_db_ns_reg[1]/D
                            (rising edge-triggered cell FDRE clocked by sys_clk_pin  {rise@0.000ns fall@5.000ns period=10.000ns})
  Path Group:             sys_clk_pin
  Path Type:              Hold (Min at Fast Process Corner)
  Requirement:            0.000ns  (sys_clk_pin rise@0.000ns - sys_clk_pin rise@0.000ns)
  Data Path Delay:        0.382ns  (logic 0.186ns (48.712%)  route 0.196ns (51.288%))
  Logic Levels:           1  (LUT5=1)
  Clock Path Skew:        0.000ns (DCD - SCD - CPR)
    Destination Clock Delay (DCD):    1.980ns
    Source Clock Delay      (SCD):    1.468ns
    Clock Pessimism Removal (CPR):    0.512ns

    Location             Delay type                Incr(ns)  Path(ns)    Netlist Resource(s)
  -------------------------------------------------------------------    -------------------
                         (clock sys_clk_pin rise edge)
                                                      0.000     0.000 r  
    W5                                                0.000     0.000 r  ck (IN)
                         net (fo=0)                   0.000     0.000    ck
    W5                   IBUF (Prop_ibuf_I_O)         0.226     0.226 r  ck_IBUF_inst/O
                         net (fo=1, routed)           0.631     0.858    ck_IBUF
    BUFGCTRL_X0Y0        BUFG (Prop_bufg_I_O)         0.026     0.884 r  ck_IBUF_BUFG_inst/O
                         net (fo=4, routed)           0.585     1.468    ck_IBUF_BUFG
    SLICE_X0Y22          FDRE                                         r  FSM_onehot_db_ns_reg[1]/C
  -------------------------------------------------------------------    -------------------
    SLICE_X0Y22          FDRE (Prop_fdre_C_Q)         0.141     1.609 r  FSM_onehot_db_ns_reg[1]/Q
                         net (fo=4, routed)           0.196     1.805    FSM_onehot_db_ns_reg_n_0_[1]
    SLICE_X0Y22          LUT5 (Prop_lut5_I3_O)        0.045     1.850 r  FSM_onehot_db_ns[1]_i_1/O
                         net (fo=1, routed)           0.000     1.850    FSM_onehot_db_ns[1]_i_1_n_0
    SLICE_X0Y22          FDRE                                         r  FSM_onehot_db_ns_reg[1]/D
  -------------------------------------------------------------------    -------------------

                         (clock sys_clk_pin rise edge)
                                                      0.000     0.000 r  
    W5                                                0.000     0.000 r  ck (IN)
                         net (fo=0)                   0.000     0.000    ck
    W5                   IBUF (Prop_ibuf_I_O)         0.414     0.414 r  ck_IBUF_inst/O
                         net (fo=1, routed)           0.685     1.099    ck_IBUF
    BUFGCTRL_X0Y0        BUFG (Prop_bufg_I_O)         0.029     1.128 r  ck_IBUF_BUFG_inst/O
                         net (fo=4, routed)           0.853     1.980    ck_IBUF_BUFG
    SLICE_X0Y22          FDRE                                         r  FSM_onehot_db_ns_reg[1]/C
                         clock pessimism             -0.512     1.468    
    SLICE_X0Y22          FDRE (Hold_fdre_C_D)         0.091     1.559    FSM_onehot_db_ns_reg[1]
  -------------------------------------------------------------------
                         required time                         -1.559    
                         arrival time                           1.850    
  -------------------------------------------------------------------
                         slack                                  0.291    

Slack (MET) :             0.310ns  (arrival time - required time)
  Source:                 FSM_onehot_db_ns_reg[2]/C
                            (rising edge-triggered cell FDRE clocked by sys_clk_pin  {rise@0.000ns fall@5.000ns period=10.000ns})
  Destination:            en_reg/D
                            (rising edge-triggered cell FDRE clocked by sys_clk_pin  {rise@0.000ns fall@5.000ns period=10.000ns})
  Path Group:             sys_clk_pin
  Path Type:              Hold (Min at Fast Process Corner)
  Requirement:            0.000ns  (sys_clk_pin rise@0.000ns - sys_clk_pin rise@0.000ns)
  Data Path Delay:        0.402ns  (logic 0.227ns (56.420%)  route 0.175ns (43.580%))
  Logic Levels:           1  (LUT4=1)
  Clock Path Skew:        0.000ns (DCD - SCD - CPR)
    Destination Clock Delay (DCD):    1.980ns
    Source Clock Delay      (SCD):    1.468ns
    Clock Pessimism Removal (CPR):    0.512ns

    Location             Delay type                Incr(ns)  Path(ns)    Netlist Resource(s)
  -------------------------------------------------------------------    -------------------
                         (clock sys_clk_pin rise edge)
                                                      0.000     0.000 r  
    W5                                                0.000     0.000 r  ck (IN)
                         net (fo=0)                   0.000     0.000    ck
    W5                   IBUF (Prop_ibuf_I_O)         0.226     0.226 r  ck_IBUF_inst/O
                         net (fo=1, routed)           0.631     0.858    ck_IBUF
    BUFGCTRL_X0Y0        BUFG (Prop_bufg_I_O)         0.026     0.884 r  ck_IBUF_BUFG_inst/O
                         net (fo=4, routed)           0.585     1.468    ck_IBUF_BUFG
    SLICE_X0Y22          FDRE                                         r  FSM_onehot_db_ns_reg[2]/C
  -------------------------------------------------------------------    -------------------
    SLICE_X0Y22          FDRE (Prop_fdre_C_Q)         0.128     1.596 r  FSM_onehot_db_ns_reg[2]/Q
                         net (fo=4, routed)           0.175     1.771    FSM_onehot_db_ns_reg_n_0_[2]
    SLICE_X0Y22          LUT4 (Prop_lut4_I2_O)        0.099     1.870 r  en_i_1/O
                         net (fo=1, routed)           0.000     1.870    en_i_1_n_0
    SLICE_X0Y22          FDRE                                         r  en_reg/D
  -------------------------------------------------------------------    -------------------

                         (clock sys_clk_pin rise edge)
                                                      0.000     0.000 r  
    W5                                                0.000     0.000 r  ck (IN)
                         net (fo=0)                   0.000     0.000    ck
    W5                   IBUF (Prop_ibuf_I_O)         0.414     0.414 r  ck_IBUF_inst/O
                         net (fo=1, routed)           0.685     1.099    ck_IBUF
    BUFGCTRL_X0Y0        BUFG (Prop_bufg_I_O)         0.029     1.128 r  ck_IBUF_BUFG_inst/O
                         net (fo=4, routed)           0.853     1.980    ck_IBUF_BUFG
    SLICE_X0Y22          FDRE                                         r  en_reg/C
                         clock pessimism             -0.512     1.468    
    SLICE_X0Y22          FDRE (Hold_fdre_C_D)         0.092     1.560    en_reg
  -------------------------------------------------------------------
                         required time                         -1.560    
                         arrival time                           1.870    
  -------------------------------------------------------------------
                         slack                                  0.310    





Pulse Width Checks
--------------------------------------------------------------------------------------
Clock Name:         sys_clk_pin
Waveform(ns):       { 0.000 5.000 }
Period(ns):         10.000
Sources:            { ck }

Check Type        Corner  Lib Pin  Reference Pin  Required(ns)  Actual(ns)  Slack(ns)  Location       Pin
Min Period        n/a     BUFG/I   n/a            2.155         10.000      7.845      BUFGCTRL_X0Y0  ck_IBUF_BUFG_inst/I
Min Period        n/a     FDRE/C   n/a            1.000         10.000      9.000      SLICE_X0Y22    FSM_onehot_db_ns_reg[0]/C
Min Period        n/a     FDRE/C   n/a            1.000         10.000      9.000      SLICE_X0Y22    FSM_onehot_db_ns_reg[1]/C
Min Period        n/a     FDRE/C   n/a            1.000         10.000      9.000      SLICE_X0Y22    FSM_onehot_db_ns_reg[2]/C
Min Period        n/a     FDRE/C   n/a            1.000         10.000      9.000      SLICE_X0Y22    en_reg/C
Low Pulse Width   Fast    FDRE/C   n/a            0.500         5.000       4.500      SLICE_X0Y22    FSM_onehot_db_ns_reg[0]/C
Low Pulse Width   Fast    FDRE/C   n/a            0.500         5.000       4.500      SLICE_X0Y22    FSM_onehot_db_ns_reg[1]/C
Low Pulse Width   Fast    FDRE/C   n/a            0.500         5.000       4.500      SLICE_X0Y22    FSM_onehot_db_ns_reg[2]/C
Low Pulse Width   Fast    FDRE/C   n/a            0.500         5.000       4.500      SLICE_X0Y22    en_reg/C
Low Pulse Width   Slow    FDRE/C   n/a            0.500         5.000       4.500      SLICE_X0Y22    FSM_onehot_db_ns_reg[0]/C
Low Pulse Width   Slow    FDRE/C   n/a            0.500         5.000       4.500      SLICE_X0Y22    FSM_onehot_db_ns_reg[1]/C
Low Pulse Width   Slow    FDRE/C   n/a            0.500         5.000       4.500      SLICE_X0Y22    FSM_onehot_db_ns_reg[2]/C
Low Pulse Width   Slow    FDRE/C   n/a            0.500         5.000       4.500      SLICE_X0Y22    en_reg/C
High Pulse Width  Slow    FDRE/C   n/a            0.500         5.000       4.500      SLICE_X0Y22    FSM_onehot_db_ns_reg[0]/C
High Pulse Width  Slow    FDRE/C   n/a            0.500         5.000       4.500      SLICE_X0Y22    FSM_onehot_db_ns_reg[1]/C
High Pulse Width  Slow    FDRE/C   n/a            0.500         5.000       4.500      SLICE_X0Y22    FSM_onehot_db_ns_reg[2]/C
High Pulse Width  Slow    FDRE/C   n/a            0.500         5.000       4.500      SLICE_X0Y22    en_reg/C
High Pulse Width  Fast    FDRE/C   n/a            0.500         5.000       4.500      SLICE_X0Y22    FSM_onehot_db_ns_reg[0]/C
High Pulse Width  Fast    FDRE/C   n/a            0.500         5.000       4.500      SLICE_X0Y22    FSM_onehot_db_ns_reg[1]/C
High Pulse Width  Fast    FDRE/C   n/a            0.500         5.000       4.500      SLICE_X0Y22    FSM_onehot_db_ns_reg[2]/C
High Pulse Width  Fast    FDRE/C   n/a            0.500         5.000       4.500      SLICE_X0Y22    en_reg/C



