#-----------------------------------------------------------
# Vivado v2019.1 (64-bit)
# SW Build 2552052 on Fri May 24 14:49:42 MDT 2019
# IP Build 2548770 on Fri May 24 18:01:18 MDT 2019
# Start of session at: Fri Nov  8 16:16:47 2019
# Process ID: 912
# Current directory: D:/DrexelStudy/ECE302/prelab3
# Command line: vivado.exe -gui_launcher_event rodinguilauncherevent6152 D:\DrexelStudy\ECE302\prelab3\prelab3.xpr
# Log file: D:/DrexelStudy/ECE302/prelab3/vivado.log
# Journal file: D:/DrexelStudy/ECE302/prelab3\vivado.jou
#-----------------------------------------------------------
start_gui
open_project D:/DrexelStudy/ECE302/prelab3/prelab3.xpr
INFO: [Project 1-313] Project file moved from 'D:/Drexel Study/ECE302/prelab3' since last save.
Scanning sources...
Finished scanning sources
INFO: [IP_Flow 19-234] Refreshing IP repositories
INFO: [IP_Flow 19-1704] No user IP repositories specified
INFO: [IP_Flow 19-2313] Loaded Vivado IP repository 'E:/Xilinx/Vivado/2019.1/data/ip'.
open_project: Time (s): cpu = 00:00:22 ; elapsed = 00:00:09 . Memory (MB): peak = 753.297 ; gain = 115.488
update_compile_order -fileset sources_1
exit
INFO: [Common 17-206] Exiting Vivado at Fri Nov  8 17:01:17 2019...
