#-----------------------------------------------------------
# Vivado v2019.1 (64-bit)
# SW Build 2552052 on Fri May 24 14:49:42 MDT 2019
# IP Build 2548770 on Fri May 24 18:01:18 MDT 2019
# Start of session at: Tue Oct 15 19:28:33 2019
# Process ID: 11412
# Current directory: D:/Drexel Study/ECE302/prelab3
# Command line: vivado.exe -gui_launcher_event rodinguilauncherevent2184 D:\Drexel Study\ECE302\prelab3\prelab3.xpr
# Log file: D:/Drexel Study/ECE302/prelab3/vivado.log
# Journal file: D:/Drexel Study/ECE302/prelab3\vivado.jou
#-----------------------------------------------------------
start_gui
open_project {D:/Drexel Study/ECE302/prelab3/prelab3.xpr}
Scanning sources...
Finished scanning sources
INFO: [IP_Flow 19-234] Refreshing IP repositories
INFO: [IP_Flow 19-1704] No user IP repositories specified
INFO: [IP_Flow 19-2313] Loaded Vivado IP repository 'E:/Xilinx/Vivado/2019.1/data/ip'.
open_project: Time (s): cpu = 00:00:21 ; elapsed = 00:00:08 . Memory (MB): peak = 754.621 ; gain = 107.477
update_compile_order -fileset sources_1
exit
INFO: [Common 17-206] Exiting Vivado at Tue Oct 15 19:54:22 2019...
