
*** Running vivado
    with args -log array_adderr.vds -m64 -product Vivado -mode batch -messageDb vivado.pb -notrace -source array_adderr.tcl


****** Vivado v2019.1 (64-bit)
  **** SW Build 2552052 on Fri May 24 14:49:42 MDT 2019
  **** IP Build 2548770 on Fri May 24 18:01:18 MDT 2019
    ** Copyright 1986-2019 Xilinx, Inc. All Rights Reserved.

source array_adderr.tcl -notrace
Command: synth_design -top array_adderr -part xc7a35tcpg236-1
Starting synth_design
Attempting to get a license for feature 'Synthesis' and/or device 'xc7a35t'
INFO: [Common 17-349] Got license for feature 'Synthesis' and/or device 'xc7a35t'
INFO: [Device 21-403] Loading part xc7a35tcpg236-1
INFO: Launching helper process for spawning children vivado processes
INFO: Helper process launched with PID 6408 
---------------------------------------------------------------------------------
Starting RTL Elaboration : Time (s): cpu = 00:00:05 ; elapsed = 00:00:06 . Memory (MB): peak = 700.230 ; gain = 178.227
---------------------------------------------------------------------------------
INFO: [Synth 8-638] synthesizing module 'array_adderr' [D:/DrexelStudy/ECE302/array_adder/array_adder.srcs/sources_1/new/array_adderr.vhd:42]
	Parameter n bound to: 4 - type: integer 
INFO: [Synth 8-3491] module 'serial_adder' declared at 'D:/DrexelStudy/ECE302/array_adder/array_adder.srcs/sources_1/new/serial_adder.vhd:33' bound to instance 'ELM' of component 'serial_adder' [D:/DrexelStudy/ECE302/array_adder/array_adder.srcs/sources_1/new/array_adderr.vhd:61]
INFO: [Synth 8-638] synthesizing module 'serial_adder' [D:/DrexelStudy/ECE302/array_adder/array_adder.srcs/sources_1/new/serial_adder.vhd:39]
INFO: [Synth 8-226] default block is never used [D:/DrexelStudy/ECE302/array_adder/array_adder.srcs/sources_1/new/serial_adder.vhd:55]
INFO: [Synth 8-256] done synthesizing module 'serial_adder' (1#1) [D:/DrexelStudy/ECE302/array_adder/array_adder.srcs/sources_1/new/serial_adder.vhd:39]
INFO: [Synth 8-3491] module 'serial_adder' declared at 'D:/DrexelStudy/ECE302/array_adder/array_adder.srcs/sources_1/new/serial_adder.vhd:33' bound to instance 'ELM' of component 'serial_adder' [D:/DrexelStudy/ECE302/array_adder/array_adder.srcs/sources_1/new/array_adderr.vhd:66]
INFO: [Synth 8-3491] module 'serial_adder' declared at 'D:/DrexelStudy/ECE302/array_adder/array_adder.srcs/sources_1/new/serial_adder.vhd:33' bound to instance 'ELM' of component 'serial_adder' [D:/DrexelStudy/ECE302/array_adder/array_adder.srcs/sources_1/new/array_adderr.vhd:66]
INFO: [Synth 8-3491] module 'serial_adder' declared at 'D:/DrexelStudy/ECE302/array_adder/array_adder.srcs/sources_1/new/serial_adder.vhd:33' bound to instance 'ELM' of component 'serial_adder' [D:/DrexelStudy/ECE302/array_adder/array_adder.srcs/sources_1/new/array_adderr.vhd:66]
INFO: [Synth 8-3491] module 'serial_adder' declared at 'D:/DrexelStudy/ECE302/array_adder/array_adder.srcs/sources_1/new/serial_adder.vhd:33' bound to instance 'ELM' of component 'serial_adder' [D:/DrexelStudy/ECE302/array_adder/array_adder.srcs/sources_1/new/array_adderr.vhd:70]
INFO: [Synth 8-256] done synthesizing module 'array_adderr' (2#1) [D:/DrexelStudy/ECE302/array_adder/array_adder.srcs/sources_1/new/array_adderr.vhd:42]
---------------------------------------------------------------------------------
Finished RTL Elaboration : Time (s): cpu = 00:00:07 ; elapsed = 00:00:07 . Memory (MB): peak = 764.164 ; gain = 242.160
---------------------------------------------------------------------------------

Report Check Netlist: 
+------+------------------+-------+---------+-------+------------------+
|      |Item              |Errors |Warnings |Status |Description       |
+------+------------------+-------+---------+-------+------------------+
|1     |multi_driven_nets |      0|        0|Passed |Multi driven nets |
+------+------------------+-------+---------+-------+------------------+
---------------------------------------------------------------------------------
Start Handling Custom Attributes
---------------------------------------------------------------------------------
---------------------------------------------------------------------------------
Finished Handling Custom Attributes : Time (s): cpu = 00:00:07 ; elapsed = 00:00:08 . Memory (MB): peak = 764.164 ; gain = 242.160
---------------------------------------------------------------------------------
---------------------------------------------------------------------------------
Finished RTL Optimization Phase 1 : Time (s): cpu = 00:00:07 ; elapsed = 00:00:08 . Memory (MB): peak = 764.164 ; gain = 242.160
---------------------------------------------------------------------------------
INFO: [Project 1-570] Preparing netlist for logic optimization

Processing XDC Constraints
Initializing timing engine
Parsing XDC File [D:/DrexelStudy/ECE302/array_adder/array_adder.srcs/constrs_1/imports/XDC/Basys3_Master.xdc]
Finished Parsing XDC File [D:/DrexelStudy/ECE302/array_adder/array_adder.srcs/constrs_1/imports/XDC/Basys3_Master.xdc]
INFO: [Project 1-236] Implementation specific constraints were found while reading constraint file [D:/DrexelStudy/ECE302/array_adder/array_adder.srcs/constrs_1/imports/XDC/Basys3_Master.xdc]. These constraints will be ignored for synthesis but will be used in implementation. Impacted constraints are listed in the file [.Xil/array_adderr_propImpl.xdc].
Resolution: To avoid this warning, move constraints listed in [.Xil/array_adderr_propImpl.xdc] to another XDC file and exclude this new file from synthesis with the used_in_synthesis property (File Properties dialog in GUI) and re-run elaboration/synthesis.
Completed Processing XDC Constraints

Netlist sorting complete. Time (s): cpu = 00:00:00 ; elapsed = 00:00:00 . Memory (MB): peak = 880.020 ; gain = 0.000
INFO: [Project 1-111] Unisim Transformation Summary:
No Unisim elements were transformed.

Constraint Validation Runtime : Time (s): cpu = 00:00:00 ; elapsed = 00:00:00.004 . Memory (MB): peak = 880.020 ; gain = 0.000
---------------------------------------------------------------------------------
Finished Constraint Validation : Time (s): cpu = 00:00:16 ; elapsed = 00:00:17 . Memory (MB): peak = 880.020 ; gain = 358.016
---------------------------------------------------------------------------------
---------------------------------------------------------------------------------
Start Loading Part and Timing Information
---------------------------------------------------------------------------------
Loading part: xc7a35tcpg236-1
---------------------------------------------------------------------------------
Finished Loading Part and Timing Information : Time (s): cpu = 00:00:16 ; elapsed = 00:00:17 . Memory (MB): peak = 880.020 ; gain = 358.016
---------------------------------------------------------------------------------
---------------------------------------------------------------------------------
Start Applying 'set_property' XDC Constraints
---------------------------------------------------------------------------------
---------------------------------------------------------------------------------
Finished applying 'set_property' XDC Constraints : Time (s): cpu = 00:00:16 ; elapsed = 00:00:17 . Memory (MB): peak = 880.020 ; gain = 358.016
---------------------------------------------------------------------------------
---------------------------------------------------------------------------------
Finished RTL Optimization Phase 2 : Time (s): cpu = 00:00:16 ; elapsed = 00:00:17 . Memory (MB): peak = 880.020 ; gain = 358.016
---------------------------------------------------------------------------------

Report RTL Partitions: 
+-+--------------+------------+----------+
| |RTL Partition |Replication |Instances |
+-+--------------+------------+----------+
+-+--------------+------------+----------+
---------------------------------------------------------------------------------
Start RTL Component Statistics 
---------------------------------------------------------------------------------
Detailed RTL Component Info : 
+---Adders : 
	   3 Input      2 Bit       Adders := 5     
+---Registers : 
	                2 Bit    Registers := 5     
---------------------------------------------------------------------------------
Finished RTL Component Statistics 
---------------------------------------------------------------------------------
---------------------------------------------------------------------------------
Start RTL Hierarchical Component Statistics 
---------------------------------------------------------------------------------
Hierarchical RTL Component report 
Module serial_adder 
Detailed RTL Component Info : 
+---Adders : 
	   3 Input      2 Bit       Adders := 1     
+---Registers : 
	                2 Bit    Registers := 1     
---------------------------------------------------------------------------------
Finished RTL Hierarchical Component Statistics
---------------------------------------------------------------------------------
---------------------------------------------------------------------------------
Start Part Resource Summary
---------------------------------------------------------------------------------
Part Resources:
DSPs: 90 (col length:60)
BRAMs: 100 (col length: RAMB18 60 RAMB36 30)
---------------------------------------------------------------------------------
Finished Part Resource Summary
---------------------------------------------------------------------------------
---------------------------------------------------------------------------------
Start Cross Boundary and Area Optimization
---------------------------------------------------------------------------------
Warning: Parallel synthesis criteria is not met 
WARNING: [Synth 8-3936] Found unconnected internal register 'G1[3].G3.ELM/count_reg' and it is trimmed from '2' to '1' bits. [D:/DrexelStudy/ECE302/array_adder/array_adder.srcs/sources_1/new/serial_adder.vhd:46]
---------------------------------------------------------------------------------
Finished Cross Boundary and Area Optimization : Time (s): cpu = 00:00:18 ; elapsed = 00:00:19 . Memory (MB): peak = 880.020 ; gain = 358.016
---------------------------------------------------------------------------------

Report RTL Partitions: 
+-+--------------+------------+----------+
| |RTL Partition |Replication |Instances |
+-+--------------+------------+----------+
+-+--------------+------------+----------+
---------------------------------------------------------------------------------
Start Applying XDC Timing Constraints
---------------------------------------------------------------------------------
---------------------------------------------------------------------------------
Finished Applying XDC Timing Constraints : Time (s): cpu = 00:00:30 ; elapsed = 00:00:31 . Memory (MB): peak = 880.020 ; gain = 358.016
---------------------------------------------------------------------------------
---------------------------------------------------------------------------------
Start Timing Optimization
---------------------------------------------------------------------------------
---------------------------------------------------------------------------------
Finished Timing Optimization : Time (s): cpu = 00:00:30 ; elapsed = 00:00:31 . Memory (MB): peak = 880.020 ; gain = 358.016
---------------------------------------------------------------------------------

Report RTL Partitions: 
+-+--------------+------------+----------+
| |RTL Partition |Replication |Instances |
+-+--------------+------------+----------+
+-+--------------+------------+----------+
---------------------------------------------------------------------------------
Start Technology Mapping
---------------------------------------------------------------------------------
INFO: [Synth 8-4765] Removing register instance (\G1[0].G2.ELM/count_reg[1] ) from module (array_adderr) as it is equivalent to (\G1[0].G11.ELM/count_reg[1] ) and driving same net [D:/DrexelStudy/ECE302/array_adder/array_adder.srcs/sources_1/new/serial_adder.vhd:46]
INFO: [Synth 8-4765] Removing register instance (\G1[0].G11.ELM/count_reg[0] ) from module (array_adderr) as it is equivalent to (\G1[0].G2.ELM/count_reg[0] ) and driving same net [D:/DrexelStudy/ECE302/array_adder/array_adder.srcs/sources_1/new/serial_adder.vhd:46]
---------------------------------------------------------------------------------
Finished Technology Mapping : Time (s): cpu = 00:00:30 ; elapsed = 00:00:31 . Memory (MB): peak = 880.020 ; gain = 358.016
---------------------------------------------------------------------------------

Report RTL Partitions: 
+-+--------------+------------+----------+
| |RTL Partition |Replication |Instances |
+-+--------------+------------+----------+
+-+--------------+------------+----------+
---------------------------------------------------------------------------------
Start IO Insertion
---------------------------------------------------------------------------------
---------------------------------------------------------------------------------
Start Flattening Before IO Insertion
---------------------------------------------------------------------------------
---------------------------------------------------------------------------------
Finished Flattening Before IO Insertion
---------------------------------------------------------------------------------
---------------------------------------------------------------------------------
Start Final Netlist Cleanup
---------------------------------------------------------------------------------
---------------------------------------------------------------------------------
Finished Final Netlist Cleanup
---------------------------------------------------------------------------------
---------------------------------------------------------------------------------
Finished IO Insertion : Time (s): cpu = 00:00:33 ; elapsed = 00:00:35 . Memory (MB): peak = 880.020 ; gain = 358.016
---------------------------------------------------------------------------------

Report Check Netlist: 
+------+------------------+-------+---------+-------+------------------+
|      |Item              |Errors |Warnings |Status |Description       |
+------+------------------+-------+---------+-------+------------------+
|1     |multi_driven_nets |      0|        0|Passed |Multi driven nets |
+------+------------------+-------+---------+-------+------------------+
---------------------------------------------------------------------------------
Start Renaming Generated Instances
---------------------------------------------------------------------------------
---------------------------------------------------------------------------------
Finished Renaming Generated Instances : Time (s): cpu = 00:00:33 ; elapsed = 00:00:35 . Memory (MB): peak = 880.020 ; gain = 358.016
---------------------------------------------------------------------------------

Report RTL Partitions: 
+-+--------------+------------+----------+
| |RTL Partition |Replication |Instances |
+-+--------------+------------+----------+
+-+--------------+------------+----------+
---------------------------------------------------------------------------------
Start Rebuilding User Hierarchy
---------------------------------------------------------------------------------
---------------------------------------------------------------------------------
Finished Rebuilding User Hierarchy : Time (s): cpu = 00:00:33 ; elapsed = 00:00:35 . Memory (MB): peak = 880.020 ; gain = 358.016
---------------------------------------------------------------------------------
---------------------------------------------------------------------------------
Start Renaming Generated Ports
---------------------------------------------------------------------------------
---------------------------------------------------------------------------------
Finished Renaming Generated Ports : Time (s): cpu = 00:00:33 ; elapsed = 00:00:35 . Memory (MB): peak = 880.020 ; gain = 358.016
---------------------------------------------------------------------------------
---------------------------------------------------------------------------------
Start Handling Custom Attributes
---------------------------------------------------------------------------------
---------------------------------------------------------------------------------
Finished Handling Custom Attributes : Time (s): cpu = 00:00:33 ; elapsed = 00:00:35 . Memory (MB): peak = 880.020 ; gain = 358.016
---------------------------------------------------------------------------------
---------------------------------------------------------------------------------
Start Renaming Generated Nets
---------------------------------------------------------------------------------
---------------------------------------------------------------------------------
Finished Renaming Generated Nets : Time (s): cpu = 00:00:33 ; elapsed = 00:00:35 . Memory (MB): peak = 880.020 ; gain = 358.016
---------------------------------------------------------------------------------
---------------------------------------------------------------------------------
Start Writing Synthesis Report
---------------------------------------------------------------------------------

Report BlackBoxes: 
+-+--------------+----------+
| |BlackBox name |Instances |
+-+--------------+----------+
+-+--------------+----------+

Report Cell Usage: 
+------+-----+------+
|      |Cell |Count |
+------+-----+------+
|1     |BUFG |     1|
|2     |LUT2 |     2|
|3     |LUT3 |     5|
|4     |FDRE |     7|
|5     |IBUF |     9|
|6     |OBUF |     4|
+------+-----+------+

Report Instance Areas: 
+------+------------------+---------------+------+
|      |Instance          |Module         |Cells |
+------+------------------+---------------+------+
|1     |top               |               |    28|
|2     |  \G1[0].G11.ELM  |serial_adder   |     3|
|3     |  \G1[0].G2.ELM   |serial_adder_0 |     1|
|4     |  \G1[1].G2.ELM   |serial_adder_1 |     4|
|5     |  \G1[2].G2.ELM   |serial_adder_2 |     4|
|6     |  \G1[3].G3.ELM   |serial_adder_3 |     2|
+------+------------------+---------------+------+
---------------------------------------------------------------------------------
Finished Writing Synthesis Report : Time (s): cpu = 00:00:33 ; elapsed = 00:00:35 . Memory (MB): peak = 880.020 ; gain = 358.016
---------------------------------------------------------------------------------
Synthesis finished with 0 errors, 0 critical warnings and 1 warnings.
Synthesis Optimization Runtime : Time (s): cpu = 00:00:24 ; elapsed = 00:00:32 . Memory (MB): peak = 880.020 ; gain = 242.160
Synthesis Optimization Complete : Time (s): cpu = 00:00:34 ; elapsed = 00:00:35 . Memory (MB): peak = 880.020 ; gain = 358.016
INFO: [Project 1-571] Translating synthesized netlist
INFO: [Project 1-570] Preparing netlist for logic optimization
INFO: [Opt 31-138] Pushed 0 inverter(s) to 0 load pin(s).
Netlist sorting complete. Time (s): cpu = 00:00:00 ; elapsed = 00:00:00.001 . Memory (MB): peak = 892.430 ; gain = 0.000
INFO: [Project 1-111] Unisim Transformation Summary:
No Unisim elements were transformed.

INFO: [Common 17-83] Releasing license: Synthesis
22 Infos, 1 Warnings, 0 Critical Warnings and 0 Errors encountered.
synth_design completed successfully
synth_design: Time (s): cpu = 00:00:41 ; elapsed = 00:00:43 . Memory (MB): peak = 892.430 ; gain = 601.613
Netlist sorting complete. Time (s): cpu = 00:00:00 ; elapsed = 00:00:00 . Memory (MB): peak = 892.430 ; gain = 0.000
WARNING: [Constraints 18-5210] No constraints selected for write.
Resolution: This message can indicate that there are no constraints for the design, or it can indicate that the used_in flags are set such that the constraints are ignored. This later case is used when running synth_design to not write synthesis constraints to the resulting checkpoint. Instead, project constraints are read when the synthesized design is opened.
INFO: [Common 17-1381] The checkpoint 'D:/DrexelStudy/ECE302/array_adder/array_adder.runs/synth_1/array_adderr.dcp' has been generated.
INFO: [runtcl-4] Executing : report_utilization -file array_adderr_utilization_synth.rpt -pb array_adderr_utilization_synth.pb
INFO: [Common 17-206] Exiting Vivado at Sat Nov  9 03:49:11 2019...
