#-----------------------------------------------------------
# Vivado v2019.1 (64-bit)
# SW Build 2552052 on Fri May 24 14:49:42 MDT 2019
# IP Build 2548770 on Fri May 24 18:01:18 MDT 2019
# Start of session at: Tue Oct 15 19:14:34 2019
# Process ID: 14360
# Current directory: D:/Drexel Study/ECE302/lab2
# Command line: vivado.exe -gui_launcher_event rodinguilauncherevent7780 D:\Drexel Study\ECE302\lab2\lab2.xpr
# Log file: D:/Drexel Study/ECE302/lab2/vivado.log
# Journal file: D:/Drexel Study/ECE302/lab2\vivado.jou
#-----------------------------------------------------------
start_gui
open_project {D:/Drexel Study/ECE302/lab2/lab2.xpr}
Scanning sources...
Finished scanning sources
INFO: [IP_Flow 19-234] Refreshing IP repositories
INFO: [IP_Flow 19-1704] No user IP repositories specified
INFO: [IP_Flow 19-2313] Loaded Vivado IP repository 'E:/Xilinx/Vivado/2019.1/data/ip'.
open_project: Time (s): cpu = 00:00:22 ; elapsed = 00:00:08 . Memory (MB): peak = 1021.645 ; gain = 95.438
update_compile_order -fileset sources_1
exit
INFO: [Common 17-206] Exiting Vivado at Tue Oct 15 19:22:21 2019...
