#-----------------------------------------------------------
# Vivado v2019.1 (64-bit)
# SW Build 2552052 on Fri May 24 14:49:42 MDT 2019
# IP Build 2548770 on Fri May 24 18:01:18 MDT 2019
# Start of session at: Wed Oct 16 10:03:22 2019
# Process ID: 13620
# Current directory: D:/Drexel Study/ECE302/lab3
# Command line: vivado.exe -gui_launcher_event rodinguilauncherevent8604 D:\Drexel Study\ECE302\lab3\lab3.xpr
# Log file: D:/Drexel Study/ECE302/lab3/vivado.log
# Journal file: D:/Drexel Study/ECE302/lab3\vivado.jou
#-----------------------------------------------------------
start_gui
open_project {D:/Drexel Study/ECE302/lab3/lab3.xpr}
Scanning sources...
Finished scanning sources
INFO: [IP_Flow 19-234] Refreshing IP repositories
INFO: [IP_Flow 19-1704] No user IP repositories specified
INFO: [IP_Flow 19-2313] Loaded Vivado IP repository 'E:/Xilinx/Vivado/2019.1/data/ip'.
open_project: Time (s): cpu = 00:00:22 ; elapsed = 00:00:09 . Memory (MB): peak = 1007.426 ; gain = 88.117
update_compile_order -fileset sources_1
close [ open {D:/Drexel Study/ECE302/lab3/lab3.srcs/sources_1/new/test_adder.vhd} w ]
add_files {{D:/Drexel Study/ECE302/lab3/lab3.srcs/sources_1/new/test_adder.vhd}}
update_compile_order -fileset sources_1
update_compile_order -fileset sources_1
reset_run synth_1
launch_runs synth_1 -jobs 2
[Wed Oct 16 10:16:25 2019] Launched synth_1...
Run output will be captured here: D:/Drexel Study/ECE302/lab3/lab3.runs/synth_1/runme.log
launch_runs impl_1 -jobs 2
[Wed Oct 16 10:18:37 2019] Launched impl_1...
Run output will be captured here: D:/Drexel Study/ECE302/lab3/lab3.runs/impl_1/runme.log
launch_runs impl_1 -to_step write_bitstream -jobs 2
[Wed Oct 16 10:21:52 2019] Launched impl_1...
Run output will be captured here: D:/Drexel Study/ECE302/lab3/lab3.runs/impl_1/runme.log
reset_run synth_1
launch_runs synth_1 -jobs 2
[Wed Oct 16 10:29:31 2019] Launched synth_1...
Run output will be captured here: D:/Drexel Study/ECE302/lab3/lab3.runs/synth_1/runme.log
launch_runs impl_1 -jobs 2
[Wed Oct 16 10:30:57 2019] Launched impl_1...
Run output will be captured here: D:/Drexel Study/ECE302/lab3/lab3.runs/impl_1/runme.log
exit
INFO: [Common 17-206] Exiting Vivado at Wed Oct 16 10:33:28 2019...
