Copyright 1986-2019 Xilinx, Inc. All Rights Reserved.
--------------------------------------------------------------------------------------------------------------------------------------------------------------------------------------------------------------------------------------
| Tool Version : Vivado v.2019.1 (win64) Build 2552052 Fri May 24 14:49:42 MDT 2019
| Date         : Thu Oct  3 16:13:59 2019
| Host         : DESKTOP-GPB4UIK running 64-bit major release  (build 9200)
| Command      : report_timing_summary -max_paths 10 -file step_cascade_register_timing_summary_routed.rpt -pb step_cascade_register_timing_summary_routed.pb -rpx step_cascade_register_timing_summary_routed.rpx -warn_on_violation
| Design       : step_cascade_register
| Device       : 7a35t-cpg236
| Speed File   : -1  PRODUCTION 1.23 2018-06-13
--------------------------------------------------------------------------------------------------------------------------------------------------------------------------------------------------------------------------------------

Timing Summary Report

------------------------------------------------------------------------------------------------
| Timer Settings
| --------------
------------------------------------------------------------------------------------------------

  Enable Multi Corner Analysis               :  Yes
  Enable Pessimism Removal                   :  Yes
  Pessimism Removal Resolution               :  Nearest Common Node
  Enable Input Delay Default Clock           :  No
  Enable Preset / Clear Arcs                 :  No
  Disable Flight Delays                      :  No
  Ignore I/O Paths                           :  No
  Timing Early Launch at Borrowing Latches   :  No
  Borrow Time for Max Delay Exceptions       :  Yes

  Corner  Analyze    Analyze    
  Name    Max Paths  Min Paths  
  ------  ---------  ---------  
  Slow    Yes        Yes        
  Fast    Yes        Yes        



check_timing report

Table of Contents
-----------------
1. checking no_clock
2. checking constant_clock
3. checking pulse_width_clock
4. checking unconstrained_internal_endpoints
5. checking no_input_delay
6. checking no_output_delay
7. checking multiple_clock
8. checking generated_clocks
9. checking loops
10. checking partial_input_delay
11. checking partial_output_delay
12. checking latch_loops

1. checking no_clock
--------------------
 There are 8 register/latch pins with no clock driven by root clock pin: ck_step_reg/Q (HIGH)


2. checking constant_clock
--------------------------
 There are 0 register/latch pins with constant_clock.


3. checking pulse_width_clock
-----------------------------
 There are 0 register/latch pins which need pulse_width check


4. checking unconstrained_internal_endpoints
--------------------------------------------
 There are 16 pins that are not constrained for maximum delay. (HIGH)

 There are 0 pins that are not constrained for maximum delay due to constant clock.


5. checking no_input_delay
--------------------------
 There are 7 input ports with no input delay specified. (HIGH)

 There are 0 input ports with no input delay but user has a false path constraint.


6. checking no_output_delay
---------------------------
 There are 8 ports with no output delay specified. (HIGH)

 There are 0 ports with no output delay but user has a false path constraint

 There are 0 ports with no output delay but with a timing clock defined on it or propagating through it


7. checking multiple_clock
--------------------------
 There are 0 register/latch pins with multiple clocks.


8. checking generated_clocks
----------------------------
 There are 0 generated clocks that are not connected to a clock source.


9. checking loops
-----------------
 There are 0 combinational loops in the design.


10. checking partial_input_delay
--------------------------------
 There are 0 input ports with partial input delay specified.


11. checking partial_output_delay
---------------------------------
 There are 0 ports with partial output delay specified.


12. checking latch_loops
------------------------
 There are 0 combinational latch loops in the design through latch input



------------------------------------------------------------------------------------------------
| Design Timing Summary
| ---------------------
------------------------------------------------------------------------------------------------

    WNS(ns)      TNS(ns)  TNS Failing Endpoints  TNS Total Endpoints      WHS(ns)      THS(ns)  THS Failing Endpoints  THS Total Endpoints     WPWS(ns)     TPWS(ns)  TPWS Failing Endpoints  TPWS Total Endpoints  
    -------      -------  ---------------------  -------------------      -------      -------  ---------------------  -------------------     --------     --------  ----------------------  --------------------  
      8.370        0.000                      0                    4        0.219        0.000                      0                    4        4.500        0.000                       0                     5  


All user specified timing constraints are met.


------------------------------------------------------------------------------------------------
| Clock Summary
| -------------
------------------------------------------------------------------------------------------------

Clock        Waveform(ns)       Period(ns)      Frequency(MHz)
-----        ------------       ----------      --------------
sys_clk_pin  {0.000 5.000}      10.000          100.000         


------------------------------------------------------------------------------------------------
| Intra Clock Table
| -----------------
------------------------------------------------------------------------------------------------

Clock             WNS(ns)      TNS(ns)  TNS Failing Endpoints  TNS Total Endpoints      WHS(ns)      THS(ns)  THS Failing Endpoints  THS Total Endpoints     WPWS(ns)     TPWS(ns)  TPWS Failing Endpoints  TPWS Total Endpoints  
-----             -------      -------  ---------------------  -------------------      -------      -------  ---------------------  -------------------     --------     --------  ----------------------  --------------------  
sys_clk_pin         8.370        0.000                      0                    4        0.219        0.000                      0                    4        4.500        0.000                       0                     5  


------------------------------------------------------------------------------------------------
| Inter Clock Table
| -----------------
------------------------------------------------------------------------------------------------

From Clock    To Clock          WNS(ns)      TNS(ns)  TNS Failing Endpoints  TNS Total Endpoints      WHS(ns)      THS(ns)  THS Failing Endpoints  THS Total Endpoints  
----------    --------          -------      -------  ---------------------  -------------------      -------      -------  ---------------------  -------------------  


------------------------------------------------------------------------------------------------
| Other Path Groups Table
| -----------------------
------------------------------------------------------------------------------------------------

Path Group    From Clock    To Clock          WNS(ns)      TNS(ns)  TNS Failing Endpoints  TNS Total Endpoints      WHS(ns)      THS(ns)  THS Failing Endpoints  THS Total Endpoints  
----------    ----------    --------          -------      -------  ---------------------  -------------------      -------      -------  ---------------------  -------------------  


------------------------------------------------------------------------------------------------
| Timing Details
| --------------
------------------------------------------------------------------------------------------------


---------------------------------------------------------------------------------------------------
From Clock:  sys_clk_pin
  To Clock:  sys_clk_pin

Setup :            0  Failing Endpoints,  Worst Slack        8.370ns,  Total Violation        0.000ns
Hold  :            0  Failing Endpoints,  Worst Slack        0.219ns,  Total Violation        0.000ns
PW    :            0  Failing Endpoints,  Worst Slack        4.500ns,  Total Violation        0.000ns
---------------------------------------------------------------------------------------------------


Max Delay Paths
--------------------------------------------------------------------------------------
Slack (MET) :             8.370ns  (required time - arrival time)
  Source:                 ck_step_reg/C
                            (rising edge-triggered cell FDRE clocked by sys_clk_pin  {rise@0.000ns fall@5.000ns period=10.000ns})
  Destination:            ck_step_reg/D
                            (rising edge-triggered cell FDRE clocked by sys_clk_pin  {rise@0.000ns fall@5.000ns period=10.000ns})
  Path Group:             sys_clk_pin
  Path Type:              Setup (Max at Slow Process Corner)
  Requirement:            10.000ns  (sys_clk_pin rise@10.000ns - sys_clk_pin rise@0.000ns)
  Data Path Delay:        1.626ns  (logic 0.580ns (35.672%)  route 1.046ns (64.328%))
  Logic Levels:           1  (LUT4=1)
  Clock Path Skew:        0.000ns (DCD - SCD + CPR)
    Destination Clock Delay (DCD):    4.857ns = ( 14.857 - 10.000 ) 
    Source Clock Delay      (SCD):    5.156ns
    Clock Pessimism Removal (CPR):    0.299ns
  Clock Uncertainty:      0.035ns  ((TSJ^2 + TIJ^2)^1/2 + DJ) / 2 + PE
    Total System Jitter     (TSJ):    0.071ns
    Total Input Jitter      (TIJ):    0.000ns
    Discrete Jitter          (DJ):    0.000ns
    Phase Error              (PE):    0.000ns

    Location             Delay type                Incr(ns)  Path(ns)    Netlist Resource(s)
  -------------------------------------------------------------------    -------------------
                         (clock sys_clk_pin rise edge)
                                                      0.000     0.000 r  
    W5                                                0.000     0.000 r  ck (IN)
                         net (fo=0)                   0.000     0.000    ck
    W5                   IBUF (Prop_ibuf_I_O)         1.458     1.458 r  ck_IBUF_inst/O
                         net (fo=1, routed)           1.967     3.425    ck_IBUF
    BUFGCTRL_X0Y0        BUFG (Prop_bufg_I_O)         0.096     3.521 r  ck_IBUF_BUFG_inst/O
                         net (fo=4, routed)           1.635     5.156    ck_IBUF_BUFG
    SLICE_X1Y11          FDRE                                         r  ck_step_reg/C
  -------------------------------------------------------------------    -------------------
    SLICE_X1Y11          FDRE (Prop_fdre_C_Q)         0.456     5.612 r  ck_step_reg/Q
                         net (fo=9, routed)           1.046     6.658    ck_step_reg_n_0
    SLICE_X1Y11          LUT4 (Prop_lut4_I3_O)        0.124     6.782 r  ck_step_i_1/O
                         net (fo=1, routed)           0.000     6.782    ck_step_i_1_n_0
    SLICE_X1Y11          FDRE                                         r  ck_step_reg/D
  -------------------------------------------------------------------    -------------------

                         (clock sys_clk_pin rise edge)
                                                     10.000    10.000 r  
    W5                                                0.000    10.000 r  ck (IN)
                         net (fo=0)                   0.000    10.000    ck
    W5                   IBUF (Prop_ibuf_I_O)         1.388    11.388 r  ck_IBUF_inst/O
                         net (fo=1, routed)           1.862    13.250    ck_IBUF
    BUFGCTRL_X0Y0        BUFG (Prop_bufg_I_O)         0.091    13.341 r  ck_IBUF_BUFG_inst/O
                         net (fo=4, routed)           1.516    14.857    ck_IBUF_BUFG
    SLICE_X1Y11          FDRE                                         r  ck_step_reg/C
                         clock pessimism              0.299    15.156    
                         clock uncertainty           -0.035    15.121    
    SLICE_X1Y11          FDRE (Setup_fdre_C_D)        0.031    15.152    ck_step_reg
  -------------------------------------------------------------------
                         required time                         15.152    
                         arrival time                          -6.782    
  -------------------------------------------------------------------
                         slack                                  8.370    

Slack (MET) :             8.560ns  (required time - arrival time)
  Source:                 FSM_onehot_ns_reg[2]/C
                            (rising edge-triggered cell FDRE clocked by sys_clk_pin  {rise@0.000ns fall@5.000ns period=10.000ns})
  Destination:            FSM_onehot_ns_reg[1]/D
                            (rising edge-triggered cell FDRE clocked by sys_clk_pin  {rise@0.000ns fall@5.000ns period=10.000ns})
  Path Group:             sys_clk_pin
  Path Type:              Setup (Max at Slow Process Corner)
  Requirement:            10.000ns  (sys_clk_pin rise@10.000ns - sys_clk_pin rise@0.000ns)
  Data Path Delay:        1.434ns  (logic 0.718ns (50.083%)  route 0.716ns (49.917%))
  Logic Levels:           1  (LUT5=1)
  Clock Path Skew:        0.000ns (DCD - SCD + CPR)
    Destination Clock Delay (DCD):    4.857ns = ( 14.857 - 10.000 ) 
    Source Clock Delay      (SCD):    5.156ns
    Clock Pessimism Removal (CPR):    0.299ns
  Clock Uncertainty:      0.035ns  ((TSJ^2 + TIJ^2)^1/2 + DJ) / 2 + PE
    Total System Jitter     (TSJ):    0.071ns
    Total Input Jitter      (TIJ):    0.000ns
    Discrete Jitter          (DJ):    0.000ns
    Phase Error              (PE):    0.000ns

    Location             Delay type                Incr(ns)  Path(ns)    Netlist Resource(s)
  -------------------------------------------------------------------    -------------------
                         (clock sys_clk_pin rise edge)
                                                      0.000     0.000 r  
    W5                                                0.000     0.000 r  ck (IN)
                         net (fo=0)                   0.000     0.000    ck
    W5                   IBUF (Prop_ibuf_I_O)         1.458     1.458 r  ck_IBUF_inst/O
                         net (fo=1, routed)           1.967     3.425    ck_IBUF
    BUFGCTRL_X0Y0        BUFG (Prop_bufg_I_O)         0.096     3.521 r  ck_IBUF_BUFG_inst/O
                         net (fo=4, routed)           1.635     5.156    ck_IBUF_BUFG
    SLICE_X1Y11          FDRE                                         r  FSM_onehot_ns_reg[2]/C
  -------------------------------------------------------------------    -------------------
    SLICE_X1Y11          FDRE (Prop_fdre_C_Q)         0.419     5.575 r  FSM_onehot_ns_reg[2]/Q
                         net (fo=4, routed)           0.716     6.291    FSM_onehot_ns_reg_n_0_[2]
    SLICE_X1Y11          LUT5 (Prop_lut5_I0_O)        0.299     6.590 r  FSM_onehot_ns[1]_i_1/O
                         net (fo=1, routed)           0.000     6.590    FSM_onehot_ns[1]_i_1_n_0
    SLICE_X1Y11          FDRE                                         r  FSM_onehot_ns_reg[1]/D
  -------------------------------------------------------------------    -------------------

                         (clock sys_clk_pin rise edge)
                                                     10.000    10.000 r  
    W5                                                0.000    10.000 r  ck (IN)
                         net (fo=0)                   0.000    10.000    ck
    W5                   IBUF (Prop_ibuf_I_O)         1.388    11.388 r  ck_IBUF_inst/O
                         net (fo=1, routed)           1.862    13.250    ck_IBUF
    BUFGCTRL_X0Y0        BUFG (Prop_bufg_I_O)         0.091    13.341 r  ck_IBUF_BUFG_inst/O
                         net (fo=4, routed)           1.516    14.857    ck_IBUF_BUFG
    SLICE_X1Y11          FDRE                                         r  FSM_onehot_ns_reg[1]/C
                         clock pessimism              0.299    15.156    
                         clock uncertainty           -0.035    15.121    
    SLICE_X1Y11          FDRE (Setup_fdre_C_D)        0.029    15.150    FSM_onehot_ns_reg[1]
  -------------------------------------------------------------------
                         required time                         15.150    
                         arrival time                          -6.590    
  -------------------------------------------------------------------
                         slack                                  8.560    

Slack (MET) :             8.612ns  (required time - arrival time)
  Source:                 FSM_onehot_ns_reg[2]/C
                            (rising edge-triggered cell FDRE clocked by sys_clk_pin  {rise@0.000ns fall@5.000ns period=10.000ns})
  Destination:            FSM_onehot_ns_reg[2]/D
                            (rising edge-triggered cell FDRE clocked by sys_clk_pin  {rise@0.000ns fall@5.000ns period=10.000ns})
  Path Group:             sys_clk_pin
  Path Type:              Setup (Max at Slow Process Corner)
  Requirement:            10.000ns  (sys_clk_pin rise@10.000ns - sys_clk_pin rise@0.000ns)
  Data Path Delay:        1.428ns  (logic 0.712ns (49.873%)  route 0.716ns (50.127%))
  Logic Levels:           1  (LUT5=1)
  Clock Path Skew:        0.000ns (DCD - SCD + CPR)
    Destination Clock Delay (DCD):    4.857ns = ( 14.857 - 10.000 ) 
    Source Clock Delay      (SCD):    5.156ns
    Clock Pessimism Removal (CPR):    0.299ns
  Clock Uncertainty:      0.035ns  ((TSJ^2 + TIJ^2)^1/2 + DJ) / 2 + PE
    Total System Jitter     (TSJ):    0.071ns
    Total Input Jitter      (TIJ):    0.000ns
    Discrete Jitter          (DJ):    0.000ns
    Phase Error              (PE):    0.000ns

    Location             Delay type                Incr(ns)  Path(ns)    Netlist Resource(s)
  -------------------------------------------------------------------    -------------------
                         (clock sys_clk_pin rise edge)
                                                      0.000     0.000 r  
    W5                                                0.000     0.000 r  ck (IN)
                         net (fo=0)                   0.000     0.000    ck
    W5                   IBUF (Prop_ibuf_I_O)         1.458     1.458 r  ck_IBUF_inst/O
                         net (fo=1, routed)           1.967     3.425    ck_IBUF
    BUFGCTRL_X0Y0        BUFG (Prop_bufg_I_O)         0.096     3.521 r  ck_IBUF_BUFG_inst/O
                         net (fo=4, routed)           1.635     5.156    ck_IBUF_BUFG
    SLICE_X1Y11          FDRE                                         r  FSM_onehot_ns_reg[2]/C
  -------------------------------------------------------------------    -------------------
    SLICE_X1Y11          FDRE (Prop_fdre_C_Q)         0.419     5.575 r  FSM_onehot_ns_reg[2]/Q
                         net (fo=4, routed)           0.716     6.291    FSM_onehot_ns_reg_n_0_[2]
    SLICE_X1Y11          LUT5 (Prop_lut5_I0_O)        0.293     6.584 r  FSM_onehot_ns[2]_i_1/O
                         net (fo=1, routed)           0.000     6.584    FSM_onehot_ns[2]_i_1_n_0
    SLICE_X1Y11          FDRE                                         r  FSM_onehot_ns_reg[2]/D
  -------------------------------------------------------------------    -------------------

                         (clock sys_clk_pin rise edge)
                                                     10.000    10.000 r  
    W5                                                0.000    10.000 r  ck (IN)
                         net (fo=0)                   0.000    10.000    ck
    W5                   IBUF (Prop_ibuf_I_O)         1.388    11.388 r  ck_IBUF_inst/O
                         net (fo=1, routed)           1.862    13.250    ck_IBUF
    BUFGCTRL_X0Y0        BUFG (Prop_bufg_I_O)         0.091    13.341 r  ck_IBUF_BUFG_inst/O
                         net (fo=4, routed)           1.516    14.857    ck_IBUF_BUFG
    SLICE_X1Y11          FDRE                                         r  FSM_onehot_ns_reg[2]/C
                         clock pessimism              0.299    15.156    
                         clock uncertainty           -0.035    15.121    
    SLICE_X1Y11          FDRE (Setup_fdre_C_D)        0.075    15.196    FSM_onehot_ns_reg[2]
  -------------------------------------------------------------------
                         required time                         15.196    
                         arrival time                          -6.584    
  -------------------------------------------------------------------
                         slack                                  8.612    

Slack (MET) :             8.739ns  (required time - arrival time)
  Source:                 FSM_onehot_ns_reg[0]/C
                            (rising edge-triggered cell FDRE clocked by sys_clk_pin  {rise@0.000ns fall@5.000ns period=10.000ns})
  Destination:            FSM_onehot_ns_reg[0]/D
                            (rising edge-triggered cell FDRE clocked by sys_clk_pin  {rise@0.000ns fall@5.000ns period=10.000ns})
  Path Group:             sys_clk_pin
  Path Type:              Setup (Max at Slow Process Corner)
  Requirement:            10.000ns  (sys_clk_pin rise@10.000ns - sys_clk_pin rise@0.000ns)
  Data Path Delay:        1.257ns  (logic 0.580ns (46.138%)  route 0.677ns (53.862%))
  Logic Levels:           1  (LUT5=1)
  Clock Path Skew:        0.000ns (DCD - SCD + CPR)
    Destination Clock Delay (DCD):    4.857ns = ( 14.857 - 10.000 ) 
    Source Clock Delay      (SCD):    5.156ns
    Clock Pessimism Removal (CPR):    0.299ns
  Clock Uncertainty:      0.035ns  ((TSJ^2 + TIJ^2)^1/2 + DJ) / 2 + PE
    Total System Jitter     (TSJ):    0.071ns
    Total Input Jitter      (TIJ):    0.000ns
    Discrete Jitter          (DJ):    0.000ns
    Phase Error              (PE):    0.000ns

    Location             Delay type                Incr(ns)  Path(ns)    Netlist Resource(s)
  -------------------------------------------------------------------    -------------------
                         (clock sys_clk_pin rise edge)
                                                      0.000     0.000 r  
    W5                                                0.000     0.000 r  ck (IN)
                         net (fo=0)                   0.000     0.000    ck
    W5                   IBUF (Prop_ibuf_I_O)         1.458     1.458 r  ck_IBUF_inst/O
                         net (fo=1, routed)           1.967     3.425    ck_IBUF
    BUFGCTRL_X0Y0        BUFG (Prop_bufg_I_O)         0.096     3.521 r  ck_IBUF_BUFG_inst/O
                         net (fo=4, routed)           1.635     5.156    ck_IBUF_BUFG
    SLICE_X1Y11          FDRE                                         r  FSM_onehot_ns_reg[0]/C
  -------------------------------------------------------------------    -------------------
    SLICE_X1Y11          FDRE (Prop_fdre_C_Q)         0.456     5.612 r  FSM_onehot_ns_reg[0]/Q
                         net (fo=4, routed)           0.677     6.289    FSM_onehot_ns_reg_n_0_[0]
    SLICE_X1Y11          LUT5 (Prop_lut5_I1_O)        0.124     6.413 r  FSM_onehot_ns[0]_i_1/O
                         net (fo=1, routed)           0.000     6.413    FSM_onehot_ns[0]_i_1_n_0
    SLICE_X1Y11          FDRE                                         r  FSM_onehot_ns_reg[0]/D
  -------------------------------------------------------------------    -------------------

                         (clock sys_clk_pin rise edge)
                                                     10.000    10.000 r  
    W5                                                0.000    10.000 r  ck (IN)
                         net (fo=0)                   0.000    10.000    ck
    W5                   IBUF (Prop_ibuf_I_O)         1.388    11.388 r  ck_IBUF_inst/O
                         net (fo=1, routed)           1.862    13.250    ck_IBUF
    BUFGCTRL_X0Y0        BUFG (Prop_bufg_I_O)         0.091    13.341 r  ck_IBUF_BUFG_inst/O
                         net (fo=4, routed)           1.516    14.857    ck_IBUF_BUFG
    SLICE_X1Y11          FDRE                                         r  FSM_onehot_ns_reg[0]/C
                         clock pessimism              0.299    15.156    
                         clock uncertainty           -0.035    15.121    
    SLICE_X1Y11          FDRE (Setup_fdre_C_D)        0.031    15.152    FSM_onehot_ns_reg[0]
  -------------------------------------------------------------------
                         required time                         15.152    
                         arrival time                          -6.413    
  -------------------------------------------------------------------
                         slack                                  8.739    





Min Delay Paths
--------------------------------------------------------------------------------------
Slack (MET) :             0.219ns  (arrival time - required time)
  Source:                 FSM_onehot_ns_reg[2]/C
                            (rising edge-triggered cell FDRE clocked by sys_clk_pin  {rise@0.000ns fall@5.000ns period=10.000ns})
  Destination:            FSM_onehot_ns_reg[0]/D
                            (rising edge-triggered cell FDRE clocked by sys_clk_pin  {rise@0.000ns fall@5.000ns period=10.000ns})
  Path Group:             sys_clk_pin
  Path Type:              Hold (Min at Fast Process Corner)
  Requirement:            0.000ns  (sys_clk_pin rise@0.000ns - sys_clk_pin rise@0.000ns)
  Data Path Delay:        0.311ns  (logic 0.227ns (73.073%)  route 0.084ns (26.927%))
  Logic Levels:           1  (LUT5=1)
  Clock Path Skew:        0.000ns (DCD - SCD - CPR)
    Destination Clock Delay (DCD):    1.991ns
    Source Clock Delay      (SCD):    1.476ns
    Clock Pessimism Removal (CPR):    0.515ns

    Location             Delay type                Incr(ns)  Path(ns)    Netlist Resource(s)
  -------------------------------------------------------------------    -------------------
                         (clock sys_clk_pin rise edge)
                                                      0.000     0.000 r  
    W5                                                0.000     0.000 r  ck (IN)
                         net (fo=0)                   0.000     0.000    ck
    W5                   IBUF (Prop_ibuf_I_O)         0.226     0.226 r  ck_IBUF_inst/O
                         net (fo=1, routed)           0.631     0.858    ck_IBUF
    BUFGCTRL_X0Y0        BUFG (Prop_bufg_I_O)         0.026     0.884 r  ck_IBUF_BUFG_inst/O
                         net (fo=4, routed)           0.593     1.476    ck_IBUF_BUFG
    SLICE_X1Y11          FDRE                                         r  FSM_onehot_ns_reg[2]/C
  -------------------------------------------------------------------    -------------------
    SLICE_X1Y11          FDRE (Prop_fdre_C_Q)         0.128     1.604 r  FSM_onehot_ns_reg[2]/Q
                         net (fo=4, routed)           0.084     1.688    FSM_onehot_ns_reg_n_0_[2]
    SLICE_X1Y11          LUT5 (Prop_lut5_I0_O)        0.099     1.787 r  FSM_onehot_ns[0]_i_1/O
                         net (fo=1, routed)           0.000     1.787    FSM_onehot_ns[0]_i_1_n_0
    SLICE_X1Y11          FDRE                                         r  FSM_onehot_ns_reg[0]/D
  -------------------------------------------------------------------    -------------------

                         (clock sys_clk_pin rise edge)
                                                      0.000     0.000 r  
    W5                                                0.000     0.000 r  ck (IN)
                         net (fo=0)                   0.000     0.000    ck
    W5                   IBUF (Prop_ibuf_I_O)         0.414     0.414 r  ck_IBUF_inst/O
                         net (fo=1, routed)           0.685     1.099    ck_IBUF
    BUFGCTRL_X0Y0        BUFG (Prop_bufg_I_O)         0.029     1.128 r  ck_IBUF_BUFG_inst/O
                         net (fo=4, routed)           0.864     1.991    ck_IBUF_BUFG
    SLICE_X1Y11          FDRE                                         r  FSM_onehot_ns_reg[0]/C
                         clock pessimism             -0.515     1.476    
    SLICE_X1Y11          FDRE (Hold_fdre_C_D)         0.092     1.568    FSM_onehot_ns_reg[0]
  -------------------------------------------------------------------
                         required time                         -1.568    
                         arrival time                           1.787    
  -------------------------------------------------------------------
                         slack                                  0.219    

Slack (MET) :             0.252ns  (arrival time - required time)
  Source:                 FSM_onehot_ns_reg[1]/C
                            (rising edge-triggered cell FDRE clocked by sys_clk_pin  {rise@0.000ns fall@5.000ns period=10.000ns})
  Destination:            ck_step_reg/D
                            (rising edge-triggered cell FDRE clocked by sys_clk_pin  {rise@0.000ns fall@5.000ns period=10.000ns})
  Path Group:             sys_clk_pin
  Path Type:              Hold (Min at Fast Process Corner)
  Requirement:            0.000ns  (sys_clk_pin rise@0.000ns - sys_clk_pin rise@0.000ns)
  Data Path Delay:        0.344ns  (logic 0.186ns (54.010%)  route 0.158ns (45.990%))
  Logic Levels:           1  (LUT4=1)
  Clock Path Skew:        0.000ns (DCD - SCD - CPR)
    Destination Clock Delay (DCD):    1.991ns
    Source Clock Delay      (SCD):    1.476ns
    Clock Pessimism Removal (CPR):    0.515ns

    Location             Delay type                Incr(ns)  Path(ns)    Netlist Resource(s)
  -------------------------------------------------------------------    -------------------
                         (clock sys_clk_pin rise edge)
                                                      0.000     0.000 r  
    W5                                                0.000     0.000 r  ck (IN)
                         net (fo=0)                   0.000     0.000    ck
    W5                   IBUF (Prop_ibuf_I_O)         0.226     0.226 r  ck_IBUF_inst/O
                         net (fo=1, routed)           0.631     0.858    ck_IBUF
    BUFGCTRL_X0Y0        BUFG (Prop_bufg_I_O)         0.026     0.884 r  ck_IBUF_BUFG_inst/O
                         net (fo=4, routed)           0.593     1.476    ck_IBUF_BUFG
    SLICE_X1Y11          FDRE                                         r  FSM_onehot_ns_reg[1]/C
  -------------------------------------------------------------------    -------------------
    SLICE_X1Y11          FDRE (Prop_fdre_C_Q)         0.141     1.617 f  FSM_onehot_ns_reg[1]/Q
                         net (fo=4, routed)           0.158     1.776    FSM_onehot_ns_reg_n_0_[1]
    SLICE_X1Y11          LUT4 (Prop_lut4_I0_O)        0.045     1.821 r  ck_step_i_1/O
                         net (fo=1, routed)           0.000     1.821    ck_step_i_1_n_0
    SLICE_X1Y11          FDRE                                         r  ck_step_reg/D
  -------------------------------------------------------------------    -------------------

                         (clock sys_clk_pin rise edge)
                                                      0.000     0.000 r  
    W5                                                0.000     0.000 r  ck (IN)
                         net (fo=0)                   0.000     0.000    ck
    W5                   IBUF (Prop_ibuf_I_O)         0.414     0.414 r  ck_IBUF_inst/O
                         net (fo=1, routed)           0.685     1.099    ck_IBUF
    BUFGCTRL_X0Y0        BUFG (Prop_bufg_I_O)         0.029     1.128 r  ck_IBUF_BUFG_inst/O
                         net (fo=4, routed)           0.864     1.991    ck_IBUF_BUFG
    SLICE_X1Y11          FDRE                                         r  ck_step_reg/C
                         clock pessimism             -0.515     1.476    
    SLICE_X1Y11          FDRE (Hold_fdre_C_D)         0.092     1.568    ck_step_reg
  -------------------------------------------------------------------
                         required time                         -1.568    
                         arrival time                           1.821    
  -------------------------------------------------------------------
                         slack                                  0.252    

Slack (MET) :             0.255ns  (arrival time - required time)
  Source:                 FSM_onehot_ns_reg[1]/C
                            (rising edge-triggered cell FDRE clocked by sys_clk_pin  {rise@0.000ns fall@5.000ns period=10.000ns})
  Destination:            FSM_onehot_ns_reg[2]/D
                            (rising edge-triggered cell FDRE clocked by sys_clk_pin  {rise@0.000ns fall@5.000ns period=10.000ns})
  Path Group:             sys_clk_pin
  Path Type:              Hold (Min at Fast Process Corner)
  Requirement:            0.000ns  (sys_clk_pin rise@0.000ns - sys_clk_pin rise@0.000ns)
  Data Path Delay:        0.362ns  (logic 0.183ns (50.505%)  route 0.179ns (49.495%))
  Logic Levels:           1  (LUT5=1)
  Clock Path Skew:        0.000ns (DCD - SCD - CPR)
    Destination Clock Delay (DCD):    1.991ns
    Source Clock Delay      (SCD):    1.476ns
    Clock Pessimism Removal (CPR):    0.515ns

    Location             Delay type                Incr(ns)  Path(ns)    Netlist Resource(s)
  -------------------------------------------------------------------    -------------------
                         (clock sys_clk_pin rise edge)
                                                      0.000     0.000 r  
    W5                                                0.000     0.000 r  ck (IN)
                         net (fo=0)                   0.000     0.000    ck
    W5                   IBUF (Prop_ibuf_I_O)         0.226     0.226 r  ck_IBUF_inst/O
                         net (fo=1, routed)           0.631     0.858    ck_IBUF
    BUFGCTRL_X0Y0        BUFG (Prop_bufg_I_O)         0.026     0.884 r  ck_IBUF_BUFG_inst/O
                         net (fo=4, routed)           0.593     1.476    ck_IBUF_BUFG
    SLICE_X1Y11          FDRE                                         r  FSM_onehot_ns_reg[1]/C
  -------------------------------------------------------------------    -------------------
    SLICE_X1Y11          FDRE (Prop_fdre_C_Q)         0.141     1.617 r  FSM_onehot_ns_reg[1]/Q
                         net (fo=4, routed)           0.179     1.796    FSM_onehot_ns_reg_n_0_[1]
    SLICE_X1Y11          LUT5 (Prop_lut5_I3_O)        0.042     1.838 r  FSM_onehot_ns[2]_i_1/O
                         net (fo=1, routed)           0.000     1.838    FSM_onehot_ns[2]_i_1_n_0
    SLICE_X1Y11          FDRE                                         r  FSM_onehot_ns_reg[2]/D
  -------------------------------------------------------------------    -------------------

                         (clock sys_clk_pin rise edge)
                                                      0.000     0.000 r  
    W5                                                0.000     0.000 r  ck (IN)
                         net (fo=0)                   0.000     0.000    ck
    W5                   IBUF (Prop_ibuf_I_O)         0.414     0.414 r  ck_IBUF_inst/O
                         net (fo=1, routed)           0.685     1.099    ck_IBUF
    BUFGCTRL_X0Y0        BUFG (Prop_bufg_I_O)         0.029     1.128 r  ck_IBUF_BUFG_inst/O
                         net (fo=4, routed)           0.864     1.991    ck_IBUF_BUFG
    SLICE_X1Y11          FDRE                                         r  FSM_onehot_ns_reg[2]/C
                         clock pessimism             -0.515     1.476    
    SLICE_X1Y11          FDRE (Hold_fdre_C_D)         0.107     1.583    FSM_onehot_ns_reg[2]
  -------------------------------------------------------------------
                         required time                         -1.583    
                         arrival time                           1.838    
  -------------------------------------------------------------------
                         slack                                  0.255    

Slack (MET) :             0.274ns  (arrival time - required time)
  Source:                 FSM_onehot_ns_reg[1]/C
                            (rising edge-triggered cell FDRE clocked by sys_clk_pin  {rise@0.000ns fall@5.000ns period=10.000ns})
  Destination:            FSM_onehot_ns_reg[1]/D
                            (rising edge-triggered cell FDRE clocked by sys_clk_pin  {rise@0.000ns fall@5.000ns period=10.000ns})
  Path Group:             sys_clk_pin
  Path Type:              Hold (Min at Fast Process Corner)
  Requirement:            0.000ns  (sys_clk_pin rise@0.000ns - sys_clk_pin rise@0.000ns)
  Data Path Delay:        0.365ns  (logic 0.186ns (50.911%)  route 0.179ns (49.089%))
  Logic Levels:           1  (LUT5=1)
  Clock Path Skew:        0.000ns (DCD - SCD - CPR)
    Destination Clock Delay (DCD):    1.991ns
    Source Clock Delay      (SCD):    1.476ns
    Clock Pessimism Removal (CPR):    0.515ns

    Location             Delay type                Incr(ns)  Path(ns)    Netlist Resource(s)
  -------------------------------------------------------------------    -------------------
                         (clock sys_clk_pin rise edge)
                                                      0.000     0.000 r  
    W5                                                0.000     0.000 r  ck (IN)
                         net (fo=0)                   0.000     0.000    ck
    W5                   IBUF (Prop_ibuf_I_O)         0.226     0.226 r  ck_IBUF_inst/O
                         net (fo=1, routed)           0.631     0.858    ck_IBUF
    BUFGCTRL_X0Y0        BUFG (Prop_bufg_I_O)         0.026     0.884 r  ck_IBUF_BUFG_inst/O
                         net (fo=4, routed)           0.593     1.476    ck_IBUF_BUFG
    SLICE_X1Y11          FDRE                                         r  FSM_onehot_ns_reg[1]/C
  -------------------------------------------------------------------    -------------------
    SLICE_X1Y11          FDRE (Prop_fdre_C_Q)         0.141     1.617 r  FSM_onehot_ns_reg[1]/Q
                         net (fo=4, routed)           0.179     1.796    FSM_onehot_ns_reg_n_0_[1]
    SLICE_X1Y11          LUT5 (Prop_lut5_I3_O)        0.045     1.841 r  FSM_onehot_ns[1]_i_1/O
                         net (fo=1, routed)           0.000     1.841    FSM_onehot_ns[1]_i_1_n_0
    SLICE_X1Y11          FDRE                                         r  FSM_onehot_ns_reg[1]/D
  -------------------------------------------------------------------    -------------------

                         (clock sys_clk_pin rise edge)
                                                      0.000     0.000 r  
    W5                                                0.000     0.000 r  ck (IN)
                         net (fo=0)                   0.000     0.000    ck
    W5                   IBUF (Prop_ibuf_I_O)         0.414     0.414 r  ck_IBUF_inst/O
                         net (fo=1, routed)           0.685     1.099    ck_IBUF
    BUFGCTRL_X0Y0        BUFG (Prop_bufg_I_O)         0.029     1.128 r  ck_IBUF_BUFG_inst/O
                         net (fo=4, routed)           0.864     1.991    ck_IBUF_BUFG
    SLICE_X1Y11          FDRE                                         r  FSM_onehot_ns_reg[1]/C
                         clock pessimism             -0.515     1.476    
    SLICE_X1Y11          FDRE (Hold_fdre_C_D)         0.091     1.567    FSM_onehot_ns_reg[1]
  -------------------------------------------------------------------
                         required time                         -1.567    
                         arrival time                           1.841    
  -------------------------------------------------------------------
                         slack                                  0.274    





Pulse Width Checks
--------------------------------------------------------------------------------------
Clock Name:         sys_clk_pin
Waveform(ns):       { 0.000 5.000 }
Period(ns):         10.000
Sources:            { ck }

Check Type        Corner  Lib Pin  Reference Pin  Required(ns)  Actual(ns)  Slack(ns)  Location       Pin
Min Period        n/a     BUFG/I   n/a            2.155         10.000      7.845      BUFGCTRL_X0Y0  ck_IBUF_BUFG_inst/I
Min Period        n/a     FDRE/C   n/a            1.000         10.000      9.000      SLICE_X1Y11    FSM_onehot_ns_reg[0]/C
Min Period        n/a     FDRE/C   n/a            1.000         10.000      9.000      SLICE_X1Y11    FSM_onehot_ns_reg[1]/C
Min Period        n/a     FDRE/C   n/a            1.000         10.000      9.000      SLICE_X1Y11    FSM_onehot_ns_reg[2]/C
Min Period        n/a     FDRE/C   n/a            1.000         10.000      9.000      SLICE_X1Y11    ck_step_reg/C
Low Pulse Width   Fast    FDRE/C   n/a            0.500         5.000       4.500      SLICE_X1Y11    FSM_onehot_ns_reg[0]/C
Low Pulse Width   Fast    FDRE/C   n/a            0.500         5.000       4.500      SLICE_X1Y11    FSM_onehot_ns_reg[1]/C
Low Pulse Width   Fast    FDRE/C   n/a            0.500         5.000       4.500      SLICE_X1Y11    FSM_onehot_ns_reg[2]/C
Low Pulse Width   Fast    FDRE/C   n/a            0.500         5.000       4.500      SLICE_X1Y11    ck_step_reg/C
Low Pulse Width   Slow    FDRE/C   n/a            0.500         5.000       4.500      SLICE_X1Y11    FSM_onehot_ns_reg[0]/C
Low Pulse Width   Slow    FDRE/C   n/a            0.500         5.000       4.500      SLICE_X1Y11    FSM_onehot_ns_reg[1]/C
Low Pulse Width   Slow    FDRE/C   n/a            0.500         5.000       4.500      SLICE_X1Y11    FSM_onehot_ns_reg[2]/C
Low Pulse Width   Slow    FDRE/C   n/a            0.500         5.000       4.500      SLICE_X1Y11    ck_step_reg/C
High Pulse Width  Slow    FDRE/C   n/a            0.500         5.000       4.500      SLICE_X1Y11    FSM_onehot_ns_reg[0]/C
High Pulse Width  Fast    FDRE/C   n/a            0.500         5.000       4.500      SLICE_X1Y11    FSM_onehot_ns_reg[0]/C
High Pulse Width  Slow    FDRE/C   n/a            0.500         5.000       4.500      SLICE_X1Y11    FSM_onehot_ns_reg[1]/C
High Pulse Width  Fast    FDRE/C   n/a            0.500         5.000       4.500      SLICE_X1Y11    FSM_onehot_ns_reg[1]/C
High Pulse Width  Slow    FDRE/C   n/a            0.500         5.000       4.500      SLICE_X1Y11    FSM_onehot_ns_reg[2]/C
High Pulse Width  Fast    FDRE/C   n/a            0.500         5.000       4.500      SLICE_X1Y11    FSM_onehot_ns_reg[2]/C
High Pulse Width  Slow    FDRE/C   n/a            0.500         5.000       4.500      SLICE_X1Y11    ck_step_reg/C
High Pulse Width  Fast    FDRE/C   n/a            0.500         5.000       4.500      SLICE_X1Y11    ck_step_reg/C



