#-----------------------------------------------------------
# Vivado v2019.1 (64-bit)
# SW Build 2552052 on Fri May 24 14:49:42 MDT 2019
# IP Build 2548770 on Fri May 24 18:01:18 MDT 2019
# Start of session at: Fri Nov  8 14:10:33 2019
# Process ID: 4728
# Current directory: D:/DrexelStudy/ECE302/hw5
# Command line: vivado.exe -gui_launcher_event rodinguilauncherevent14796 D:\DrexelStudy\ECE302\hw5\hw5.xpr
# Log file: D:/DrexelStudy/ECE302/hw5/vivado.log
# Journal file: D:/DrexelStudy/ECE302/hw5\vivado.jou
#-----------------------------------------------------------
start_gui
open_project D:/DrexelStudy/ECE302/hw5/hw5.xpr
Scanning sources...
Finished scanning sources
INFO: [IP_Flow 19-234] Refreshing IP repositories
INFO: [IP_Flow 19-1704] No user IP repositories specified
INFO: [IP_Flow 19-2313] Loaded Vivado IP repository 'E:/Xilinx/Vivado/2019.1/data/ip'.
open_project: Time (s): cpu = 00:00:21 ; elapsed = 00:00:10 . Memory (MB): peak = 688.895 ; gain = 105.766
update_compile_order -fileset sources_1
open_hw
connect_hw_server
INFO: [Labtools 27-2285] Connecting to hw_server url TCP:localhost:3121
INFO: [Labtools 27-2222] Launching hw_server...
INFO: [Labtools 27-2221] Launch Output:

****** Xilinx hw_server v2019.1
  **** Build date : May 24 2019 at 15:13:31
    ** Copyright 1986-2019 Xilinx, Inc. All Rights Reserved.


connect_hw_server: Time (s): cpu = 00:00:03 ; elapsed = 00:00:05 . Memory (MB): peak = 718.965 ; gain = 14.141
open_hw_target
INFO: [Labtoolstcl 44-466] Opening hw_target localhost:3121/xilinx_tcf/Digilent/210183636668A
open_hw_target: Time (s): cpu = 00:00:06 ; elapsed = 00:00:07 . Memory (MB): peak = 1835.691 ; gain = 1116.727
set_property PROGRAM.FILE {D:/DrexelStudy/ECE302/hw5/hw5.runs/impl_1/twos_C_system.bit} [get_hw_devices xc7a35t_0]
current_hw_device [get_hw_devices xc7a35t_0]
refresh_hw_device -update_hw_probes false [lindex [get_hw_devices xc7a35t_0] 0]
INFO: [Labtools 27-1435] Device xc7a35t (JTAG device index = 0) is not programmed (DONE status = 0).
set_property PROBES.FILE {} [get_hw_devices xc7a35t_0]
set_property FULL_PROBES.FILE {} [get_hw_devices xc7a35t_0]
set_property PROGRAM.FILE {D:/DrexelStudy/ECE302/hw5/hw5.runs/impl_1/twos_C_system.bit} [get_hw_devices xc7a35t_0]
program_hw_devices [get_hw_devices xc7a35t_0]
INFO: [Labtools 27-3164] End of startup status: HIGH
refresh_hw_device [lindex [get_hw_devices xc7a35t_0] 0]
INFO: [Labtools 27-1434] Device xc7a35t (JTAG device index = 0) is programmed with a design that has no supported debug core(s) in it.
ERROR: [Labtoolstcl 44-513] HW Target shutdown. Closing target: localhost:3121/xilinx_tcf/Digilent/210183636668A
exit
INFO: [Common 17-206] Exiting Vivado at Fri Nov  8 15:19:32 2019...
