#-----------------------------------------------------------
# Vivado v2019.1 (64-bit)
# SW Build 2552052 on Fri May 24 14:49:42 MDT 2019
# IP Build 2548770 on Fri May 24 18:01:18 MDT 2019
# Start of session at: Thu Oct 31 22:29:37 2019
# Process ID: 14320
# Current directory: D:/DrexelStudy/ECE302/hw5
# Command line: vivado.exe -gui_launcher_event rodinguilauncherevent2052 D:\DrexelStudy\ECE302\hw5\hw5.xpr
# Log file: D:/DrexelStudy/ECE302/hw5/vivado.log
# Journal file: D:/DrexelStudy/ECE302/hw5\vivado.jou
#-----------------------------------------------------------
start_gui
open_project D:/DrexelStudy/ECE302/hw5/hw5.xpr
Scanning sources...
Finished scanning sources
INFO: [IP_Flow 19-234] Refreshing IP repositories
INFO: [IP_Flow 19-1704] No user IP repositories specified
INFO: [IP_Flow 19-2313] Loaded Vivado IP repository 'E:/Xilinx/Vivado/2019.1/data/ip'.
open_project: Time (s): cpu = 00:00:20 ; elapsed = 00:00:08 . Memory (MB): peak = 693.707 ; gain = 52.941
update_compile_order -fileset sources_1
launch_runs synth_1 -jobs 2
[Thu Oct 31 22:41:46 2019] Launched synth_1...
Run output will be captured here: D:/DrexelStudy/ECE302/hw5/hw5.runs/synth_1/runme.log
launch_runs impl_1 -jobs 2
[Thu Oct 31 22:42:58 2019] Launched impl_1...
Run output will be captured here: D:/DrexelStudy/ECE302/hw5/hw5.runs/impl_1/runme.log
launch_runs impl_1 -to_step write_bitstream -jobs 2
[Thu Oct 31 22:44:52 2019] Launched impl_1...
Run output will be captured here: D:/DrexelStudy/ECE302/hw5/hw5.runs/impl_1/runme.log
open_hw
connect_hw_server
INFO: [Labtools 27-2285] Connecting to hw_server url TCP:localhost:3121
INFO: [Labtools 27-2222] Launching hw_server...
INFO: [Labtools 27-2221] Launch Output:

****** Xilinx hw_server v2019.1
  **** Build date : May 24 2019 at 15:13:31
    ** Copyright 1986-2019 Xilinx, Inc. All Rights Reserved.


connect_hw_server: Time (s): cpu = 00:00:01 ; elapsed = 00:00:05 . Memory (MB): peak = 766.305 ; gain = 4.898
open_hw_target
INFO: [Labtoolstcl 44-466] Opening hw_target localhost:3121/xilinx_tcf/Digilent/210183AA0EB8A
open_hw_target: Time (s): cpu = 00:00:08 ; elapsed = 00:00:08 . Memory (MB): peak = 1895.902 ; gain = 1129.598
set_property PROGRAM.FILE {D:/DrexelStudy/ECE302/hw5/hw5.runs/impl_1/twos_C_system.bit} [get_hw_devices xc7a35t_0]
current_hw_device [get_hw_devices xc7a35t_0]
refresh_hw_device -update_hw_probes false [lindex [get_hw_devices xc7a35t_0] 0]
INFO: [Labtools 27-1435] Device xc7a35t (JTAG device index = 0) is not programmed (DONE status = 0).
set_property PROBES.FILE {} [get_hw_devices xc7a35t_0]
set_property FULL_PROBES.FILE {} [get_hw_devices xc7a35t_0]
set_property PROGRAM.FILE {D:/DrexelStudy/ECE302/hw5/hw5.runs/impl_1/twos_C_system.bit} [get_hw_devices xc7a35t_0]
program_hw_devices [get_hw_devices xc7a35t_0]
INFO: [Labtools 27-3164] End of startup status: HIGH
refresh_hw_device [lindex [get_hw_devices xc7a35t_0] 0]
INFO: [Labtools 27-1434] Device xc7a35t (JTAG device index = 0) is programmed with a design that has no supported debug core(s) in it.
launch_simulation
INFO: [Vivado 12-5682] Launching behavioral simulation in 'D:/DrexelStudy/ECE302/hw5/hw5.sim/sim_1/behav/xsim'
INFO: [SIM-utils-51] Simulation object is 'sim_1'
INFO: [SIM-utils-54] Inspecting design source files for 'twos_C_system' in fileset 'sim_1'...
INFO: [USF-XSim-97] Finding global include files...
INFO: [USF-XSim-98] Fetching design files from 'sim_1'...
INFO: [USF-XSim-2] XSim::Compile design
INFO: [USF-XSim-61] Executing 'COMPILE and ANALYZE' step in 'D:/DrexelStudy/ECE302/hw5/hw5.sim/sim_1/behav/xsim'
"xvhdl --incr --relax -prj twos_C_system_vhdl.prj"
INFO: [VRFC 10-163] Analyzing VHDL file "D:/DrexelStudy/ECE302/hw5/hw5.srcs/sources_1/new/twosC.vhd" into library xil_defaultlib
INFO: [VRFC 10-3107] analyzing entity 'twos_C_system'
INFO: [USF-XSim-69] 'compile' step finished in '2' seconds
INFO: [USF-XSim-3] XSim::Elaborate design
INFO: [USF-XSim-61] Executing 'ELABORATE' step in 'D:/DrexelStudy/ECE302/hw5/hw5.sim/sim_1/behav/xsim'
"xelab -wto c4eaf348476342ae9fd9ce6f0b9bf423 --incr --debug typical --relax --mt 2 -L xil_defaultlib -L secureip --snapshot twos_C_system_behav xil_defaultlib.twos_C_system -log elaborate.log"
Vivado Simulator 2019.1
Copyright 1986-1999, 2001-2019 Xilinx, Inc. All Rights Reserved.
Running: E:/Xilinx/Vivado/2019.1/bin/unwrapped/win64.o/xelab.exe -wto c4eaf348476342ae9fd9ce6f0b9bf423 --incr --debug typical --relax --mt 2 -L xil_defaultlib -L secureip --snapshot twos_C_system_behav xil_defaultlib.twos_C_system -log elaborate.log 
Using 2 slave threads.
Starting static elaboration
Completed static elaboration
Starting simulation data flow analysis
Completed simulation data flow analysis
Time Resolution for simulation is 1ps
Compiling package std.standard
Compiling package std.textio
Compiling package ieee.std_logic_1164
Compiling architecture behavioral of entity xil_defaultlib.twos_c_system
Built simulation snapshot twos_C_system_behav
INFO: [USF-XSim-69] 'elaborate' step finished in '3' seconds
INFO: [USF-XSim-4] XSim::Simulate design
INFO: [USF-XSim-61] Executing 'SIMULATE' step in 'D:/DrexelStudy/ECE302/hw5/hw5.sim/sim_1/behav/xsim'
INFO: [USF-XSim-98] *** Running xsim
   with args "twos_C_system_behav -key {Behavioral:sim_1:Functional:twos_C_system} -tclbatch {twos_C_system.tcl} -log {simulate.log}"
INFO: [USF-XSim-8] Loading simulator feature
Vivado Simulator 2019.1
Time resolution is 1 ps
source twos_C_system.tcl
# set curr_wave [current_wave_config]
# if { [string length $curr_wave] == 0 } {
#   if { [llength [get_objects]] > 0} {
#     add_wave /
#     set_property needs_save false [current_wave_config]
#   } else {
#      send_msg_id Add_Wave-1 WARNING "No top level signals found. Simulator will start without a wave window. If you want to open a wave window go to 'File->New Waveform Configuration' or type 'create_wave_config' in the TCL console."
#   }
# }
# run 1000ns
INFO: [USF-XSim-96] XSim completed. Design snapshot 'twos_C_system_behav' loaded.
INFO: [USF-XSim-97] XSim simulation ran for 1000ns
launch_simulation: Time (s): cpu = 00:00:11 ; elapsed = 00:00:11 . Memory (MB): peak = 1967.191 ; gain = 40.926
add_force {/twos_C_system/x} -radix hex {01 0ns}
close_sim
INFO: [Simtcl 6-16] Simulation closed
reset_run synth_1
launch_runs synth_1 -jobs 2
[Thu Oct 31 23:05:49 2019] Launched synth_1...
Run output will be captured here: D:/DrexelStudy/ECE302/hw5/hw5.runs/synth_1/runme.log
launch_runs impl_1 -jobs 2
[Thu Oct 31 23:06:46 2019] Launched impl_1...
Run output will be captured here: D:/DrexelStudy/ECE302/hw5/hw5.runs/impl_1/runme.log
launch_runs impl_1 -to_step write_bitstream -jobs 2
[Thu Oct 31 23:08:18 2019] Launched impl_1...
Run output will be captured here: D:/DrexelStudy/ECE302/hw5/hw5.runs/impl_1/runme.log
set_property PROBES.FILE {} [get_hw_devices xc7a35t_0]
set_property FULL_PROBES.FILE {} [get_hw_devices xc7a35t_0]
set_property PROGRAM.FILE {D:/DrexelStudy/ECE302/hw5/hw5.runs/impl_1/twos_C_system.bit} [get_hw_devices xc7a35t_0]
program_hw_devices [get_hw_devices xc7a35t_0]
INFO: [Labtools 27-3164] End of startup status: HIGH
refresh_hw_device [lindex [get_hw_devices xc7a35t_0] 0]
INFO: [Labtools 27-1434] Device xc7a35t (JTAG device index = 0) is programmed with a design that has no supported debug core(s) in it.
reset_run synth_1
launch_runs synth_1 -jobs 2
[Thu Oct 31 23:11:58 2019] Launched synth_1...
Run output will be captured here: D:/DrexelStudy/ECE302/hw5/hw5.runs/synth_1/runme.log
launch_runs impl_1 -jobs 2
[Thu Oct 31 23:12:56 2019] Launched impl_1...
Run output will be captured here: D:/DrexelStudy/ECE302/hw5/hw5.runs/impl_1/runme.log
launch_runs impl_1 -to_step write_bitstream -jobs 2
[Thu Oct 31 23:14:31 2019] Launched impl_1...
Run output will be captured here: D:/DrexelStudy/ECE302/hw5/hw5.runs/impl_1/runme.log
reset_run synth_1
launch_runs synth_1 -jobs 2
[Thu Oct 31 23:16:24 2019] Launched synth_1...
Run output will be captured here: D:/DrexelStudy/ECE302/hw5/hw5.runs/synth_1/runme.log
launch_runs impl_1 -jobs 2
[Thu Oct 31 23:17:28 2019] Launched impl_1...
Run output will be captured here: D:/DrexelStudy/ECE302/hw5/hw5.runs/impl_1/runme.log
launch_runs impl_1 -to_step write_bitstream -jobs 2
[Thu Oct 31 23:19:09 2019] Launched impl_1...
Run output will be captured here: D:/DrexelStudy/ECE302/hw5/hw5.runs/impl_1/runme.log
set_property PROBES.FILE {} [get_hw_devices xc7a35t_0]
set_property FULL_PROBES.FILE {} [get_hw_devices xc7a35t_0]
set_property PROGRAM.FILE {D:/DrexelStudy/ECE302/hw5/hw5.runs/impl_1/twos_C_system.bit} [get_hw_devices xc7a35t_0]
program_hw_devices [get_hw_devices xc7a35t_0]
INFO: [Labtools 27-3164] End of startup status: HIGH
refresh_hw_device [lindex [get_hw_devices xc7a35t_0] 0]
INFO: [Labtools 27-1434] Device xc7a35t (JTAG device index = 0) is programmed with a design that has no supported debug core(s) in it.
ERROR: [Labtoolstcl 44-513] HW Target shutdown. Closing target: localhost:3121/xilinx_tcf/Digilent/210183AA0EB8A
INFO: [Labtoolstcl 44-466] Opening hw_target localhost:3121/xilinx_tcf/Digilent/210183AA0EB8A
INFO: [Labtools 27-1435] Device xc7a35t (JTAG device index = 0) is not programmed (DONE status = 0).
WARNING: [Labtoolstcl 44-129] No matching hw_ila_data was found.
set_property PROBES.FILE {} [get_hw_devices xc7a35t_0]
set_property FULL_PROBES.FILE {} [get_hw_devices xc7a35t_0]
set_property PROGRAM.FILE {D:/DrexelStudy/ECE302/hw5/hw5.runs/impl_1/twos_C_system.bit} [get_hw_devices xc7a35t_0]
program_hw_devices [get_hw_devices xc7a35t_0]
INFO: [Labtools 27-3164] End of startup status: HIGH
refresh_hw_device [lindex [get_hw_devices xc7a35t_0] 0]
INFO: [Labtools 27-1434] Device xc7a35t (JTAG device index = 0) is programmed with a design that has no supported debug core(s) in it.
reset_run synth_1
launch_runs synth_1 -jobs 2
[Fri Nov  1 00:08:52 2019] Launched synth_1...
Run output will be captured here: D:/DrexelStudy/ECE302/hw5/hw5.runs/synth_1/runme.log
launch_runs impl_1 -jobs 2
[Fri Nov  1 00:10:03 2019] Launched impl_1...
Run output will be captured here: D:/DrexelStudy/ECE302/hw5/hw5.runs/impl_1/runme.log
launch_runs impl_1 -to_step write_bitstream -jobs 2
[Fri Nov  1 00:11:34 2019] Launched impl_1...
Run output will be captured here: D:/DrexelStudy/ECE302/hw5/hw5.runs/impl_1/runme.log
set_property PROBES.FILE {} [get_hw_devices xc7a35t_0]
set_property FULL_PROBES.FILE {} [get_hw_devices xc7a35t_0]
set_property PROGRAM.FILE {D:/DrexelStudy/ECE302/hw5/hw5.runs/impl_1/twos_C_system.bit} [get_hw_devices xc7a35t_0]
program_hw_devices [get_hw_devices xc7a35t_0]
INFO: [Labtools 27-3164] End of startup status: HIGH
refresh_hw_device [lindex [get_hw_devices xc7a35t_0] 0]
INFO: [Labtools 27-1434] Device xc7a35t (JTAG device index = 0) is programmed with a design that has no supported debug core(s) in it.
reset_run synth_1
launch_runs synth_1 -jobs 2
[Fri Nov  1 00:16:45 2019] Launched synth_1...
Run output will be captured here: D:/DrexelStudy/ECE302/hw5/hw5.runs/synth_1/runme.log
launch_runs impl_1 -jobs 2
[Fri Nov  1 00:17:48 2019] Launched impl_1...
Run output will be captured here: D:/DrexelStudy/ECE302/hw5/hw5.runs/impl_1/runme.log
launch_runs impl_1 -to_step write_bitstream -jobs 2
[Fri Nov  1 00:19:17 2019] Launched impl_1...
Run output will be captured here: D:/DrexelStudy/ECE302/hw5/hw5.runs/impl_1/runme.log
set_property PROBES.FILE {} [get_hw_devices xc7a35t_0]
set_property FULL_PROBES.FILE {} [get_hw_devices xc7a35t_0]
set_property PROGRAM.FILE {D:/DrexelStudy/ECE302/hw5/hw5.runs/impl_1/twos_C_system.bit} [get_hw_devices xc7a35t_0]
program_hw_devices [get_hw_devices xc7a35t_0]
INFO: [Labtools 27-3164] End of startup status: HIGH
refresh_hw_device [lindex [get_hw_devices xc7a35t_0] 0]
INFO: [Labtools 27-1434] Device xc7a35t (JTAG device index = 0) is programmed with a design that has no supported debug core(s) in it.
reset_run synth_1
launch_runs synth_1 -jobs 2
[Fri Nov  1 01:04:24 2019] Launched synth_1...
Run output will be captured here: D:/DrexelStudy/ECE302/hw5/hw5.runs/synth_1/runme.log
launch_runs impl_1 -jobs 2
[Fri Nov  1 01:05:40 2019] Launched impl_1...
Run output will be captured here: D:/DrexelStudy/ECE302/hw5/hw5.runs/impl_1/runme.log
launch_runs impl_1 -to_step write_bitstream -jobs 2
[Fri Nov  1 01:08:35 2019] Launched impl_1...
Run output will be captured here: D:/DrexelStudy/ECE302/hw5/hw5.runs/impl_1/runme.log
set_property PROBES.FILE {} [get_hw_devices xc7a35t_0]
set_property FULL_PROBES.FILE {} [get_hw_devices xc7a35t_0]
set_property PROGRAM.FILE {D:/DrexelStudy/ECE302/hw5/hw5.runs/impl_1/twos_C_system.bit} [get_hw_devices xc7a35t_0]
program_hw_devices [get_hw_devices xc7a35t_0]
INFO: [Labtools 27-3164] End of startup status: HIGH
refresh_hw_device [lindex [get_hw_devices xc7a35t_0] 0]
INFO: [Labtools 27-1434] Device xc7a35t (JTAG device index = 0) is programmed with a design that has no supported debug core(s) in it.
close_hw
open_hw
connect_hw_server
INFO: [Labtools 27-2285] Connecting to hw_server url TCP:localhost:3121
open_hw_target
INFO: [Labtoolstcl 44-466] Opening hw_target localhost:3121/xilinx_tcf/Digilent/210183AA0EB8A
set_property PROGRAM.FILE {D:/DrexelStudy/ECE302/hw5/hw5.runs/impl_1/twos_C_system.bit} [get_hw_devices xc7a35t_0]
current_hw_device [get_hw_devices xc7a35t_0]
refresh_hw_device -update_hw_probes false [lindex [get_hw_devices xc7a35t_0] 0]
INFO: [Labtools 27-1434] Device xc7a35t (JTAG device index = 0) is programmed with a design that has no supported debug core(s) in it.
set_property PROBES.FILE {} [get_hw_devices xc7a35t_0]
set_property FULL_PROBES.FILE {} [get_hw_devices xc7a35t_0]
set_property PROGRAM.FILE {D:/DrexelStudy/ECE302/hw5/hw5.runs/impl_1/twos_C_system.bit} [get_hw_devices xc7a35t_0]
program_hw_devices [get_hw_devices xc7a35t_0]
INFO: [Labtools 27-3164] End of startup status: HIGH
refresh_hw_device [lindex [get_hw_devices xc7a35t_0] 0]
INFO: [Labtools 27-1434] Device xc7a35t (JTAG device index = 0) is programmed with a design that has no supported debug core(s) in it.
ERROR: [Labtoolstcl 44-513] HW Target shutdown. Closing target: localhost:3121/xilinx_tcf/Digilent/210183AA0EB8A
INFO: [Labtoolstcl 44-466] Opening hw_target localhost:3121/xilinx_tcf/Digilent/210183AA0EB8A
INFO: [Labtools 27-1434] Device xc7a35t (JTAG device index = 0) is programmed with a design that has no supported debug core(s) in it.
WARNING: [Labtoolstcl 44-129] No matching hw_ila_data was found.
close_hw
exit
INFO: [Common 17-206] Exiting Vivado at Fri Nov  1 01:21:07 2019...
