#-----------------------------------------------------------
# Vivado v2019.1 (64-bit)
# SW Build 2552052 on Fri May 24 14:49:42 MDT 2019
# IP Build 2548770 on Fri May 24 18:01:18 MDT 2019
# Start of session at: Thu Nov 14 21:13:33 2019
# Process ID: 5432
# Current directory: D:/DrexelStudy/ECE302/hw5
# Command line: vivado.exe -gui_launcher_event rodinguilauncherevent3956 D:\DrexelStudy\ECE302\hw5\hw5.xpr
# Log file: D:/DrexelStudy/ECE302/hw5/vivado.log
# Journal file: D:/DrexelStudy/ECE302/hw5\vivado.jou
#-----------------------------------------------------------
start_gui
open_project D:/DrexelStudy/ECE302/hw5/hw5.xpr
Scanning sources...
Finished scanning sources
INFO: [IP_Flow 19-234] Refreshing IP repositories
INFO: [IP_Flow 19-1704] No user IP repositories specified
INFO: [IP_Flow 19-2313] Loaded Vivado IP repository 'E:/Xilinx/Vivado/2019.1/data/ip'.
open_project: Time (s): cpu = 00:00:26 ; elapsed = 00:00:11 . Memory (MB): peak = 691.750 ; gain = 84.734
update_compile_order -fileset sources_1
exit
INFO: [Common 17-206] Exiting Vivado at Thu Nov 14 21:59:47 2019...
